<?xml version="1.0" encoding="UTF-8"?>
<testng-results skipped="2" failed="11" ignored="0" total="100" passed="87">
  <reporter-output>
  </reporter-output>
  <suite name="Suite" duration-ms="4165113" started-at="2020-08-25T12:18:07Z" finished-at="2020-08-25T13:27:32Z">
    <groups>
    </groups>
    <test name="Test" duration-ms="115859" started-at="2020-08-25T12:18:07Z" finished-at="2020-08-25T12:20:03Z">
      <class name="com.mkyong.busonfiscal.HomePageBusonTest">
        <test-method status="FAIL" signature="initiaLiseBrowser()[pri:0, instance:com.mkyong.busonfiscal.HomePageBusonTest@8dbdac1]" name="initiaLiseBrowser" is-config="true" duration-ms="115835" started-at="2020-08-25T12:18:07Z" finished-at="2020-08-25T12:20:03Z">
          <exception class="org.openqa.selenium.WebDriverException">
            <message>
              <![CDATA[chrome not reachable
Build info: version: '3.141.59', revision: 'e82be7d358', time: '2018-11-14T08:17:03'
System info: host: 'Lisandro-Silva.local', ip: '127.0.0.1', os.name: 'Mac OS X', os.arch: 'x86_64', os.version: '10.15.2', java.version: '1.8.0_251'
Driver info: driver.version: ChromeDriver
remote stacktrace: 0   chromedriver 6                      0x000000010a71cc49 chromedriver 6 + 4893769
1   chromedriver 6                      0x000000010a6b60e3 chromedriver 6 + 4473059
2   chromedriver 6                      0x000000010a329752 chromedriver 6 + 751442
3   chromedriver 6                      0x000000010a31f427 chromedriver 6 + 709671
4   chromedriver 6                      0x000000010a28b2a0 chromedriver 6 + 103072
5   chromedriver 6                      0x000000010a287696 chromedriver 6 + 87702
6   chromedriver 6                      0x000000010a2849b9 chromedriver 6 + 76217
7   chromedriver 6                      0x000000010a2b7043 chromedriver 6 + 282691
8   chromedriver 6                      0x000000010a2b3e43 chromedriver 6 + 269891
9   chromedriver 6                      0x000000010a28d62a chromedriver 6 + 112170
10  chromedriver 6                      0x000000010a28e635 chromedriver 6 + 116277
11  chromedriver 6                      0x000000010a6de5af chromedriver 6 + 4638127
12  chromedriver 6                      0x000000010a6eb91b chromedriver 6 + 4692251
13  chromedriver 6                      0x000000010a6eb6bb chromedriver 6 + 4691643
14  chromedriver 6                      0x000000010a6c2109 chromedriver 6 + 4522249
15  chromedriver 6                      0x000000010a6ebea3 chromedriver 6 + 4693667
16  chromedriver 6                      0x000000010a6d4073 chromedriver 6 + 4595827
17  chromedriver 6                      0x000000010a703094 chromedriver 6 + 4788372
18  chromedriver 6                      0x000000010a722db7 chromedriver 6 + 4918711
19  libsystem_pthread.dylib             0x00007fff6b735e65 _pthread_start + 148
20  libsystem_pthread.dylib             0x00007fff6b73183b thread_start + 15
]]>
            </message>
            <full-stacktrace>
              <![CDATA[org.openqa.selenium.WebDriverException: chrome not reachable
Build info: version: '3.141.59', revision: 'e82be7d358', time: '2018-11-14T08:17:03'
System info: host: 'Lisandro-Silva.local', ip: '127.0.0.1', os.name: 'Mac OS X', os.arch: 'x86_64', os.version: '10.15.2', java.version: '1.8.0_251'
Driver info: driver.version: ChromeDriver
remote stacktrace: 0   chromedriver 6                      0x000000010a71cc49 chromedriver 6 + 4893769
1   chromedriver 6                      0x000000010a6b60e3 chromedriver 6 + 4473059
2   chromedriver 6                      0x000000010a329752 chromedriver 6 + 751442
3   chromedriver 6                      0x000000010a31f427 chromedriver 6 + 709671
4   chromedriver 6                      0x000000010a28b2a0 chromedriver 6 + 103072
5   chromedriver 6                      0x000000010a287696 chromedriver 6 + 87702
6   chromedriver 6                      0x000000010a2849b9 chromedriver 6 + 76217
7   chromedriver 6                      0x000000010a2b7043 chromedriver 6 + 282691
8   chromedriver 6                      0x000000010a2b3e43 chromedriver 6 + 269891
9   chromedriver 6                      0x000000010a28d62a chromedriver 6 + 112170
10  chromedriver 6                      0x000000010a28e635 chromedriver 6 + 116277
11  chromedriver 6                      0x000000010a6de5af chromedriver 6 + 4638127
12  chromedriver 6                      0x000000010a6eb91b chromedriver 6 + 4692251
13  chromedriver 6                      0x000000010a6eb6bb chromedriver 6 + 4691643
14  chromedriver 6                      0x000000010a6c2109 chromedriver 6 + 4522249
15  chromedriver 6                      0x000000010a6ebea3 chromedriver 6 + 4693667
16  chromedriver 6                      0x000000010a6d4073 chromedriver 6 + 4595827
17  chromedriver 6                      0x000000010a703094 chromedriver 6 + 4788372
18  chromedriver 6                      0x000000010a722db7 chromedriver 6 + 4918711
19  libsystem_pthread.dylib             0x00007fff6b735e65 _pthread_start + 148
20  libsystem_pthread.dylib             0x00007fff6b73183b thread_start + 15

at sun.reflect.NativeConstructorAccessorImpl.newInstance0(Native Method)
at sun.reflect.NativeConstructorAccessorImpl.newInstance(NativeConstructorAccessorImpl.java:62)
at sun.reflect.DelegatingConstructorAccessorImpl.newInstance(DelegatingConstructorAccessorImpl.java:45)
at java.lang.reflect.Constructor.newInstance(Constructor.java:423)
at org.openqa.selenium.remote.W3CHandshakeResponse.lambda$errorHandler$0(W3CHandshakeResponse.java:62)
at org.openqa.selenium.remote.HandshakeResponse.lambda$getResponseFunction$0(HandshakeResponse.java:30)
at org.openqa.selenium.remote.ProtocolHandshake.lambda$createSession$0(ProtocolHandshake.java:126)
at java.util.stream.ReferencePipeline$3$1.accept(ReferencePipeline.java:193)
at java.util.Spliterators$ArraySpliterator.tryAdvance(Spliterators.java:958)
at java.util.stream.ReferencePipeline.forEachWithCancel(ReferencePipeline.java:126)
at java.util.stream.AbstractPipeline.copyIntoWithCancel(AbstractPipeline.java:499)
at java.util.stream.AbstractPipeline.copyInto(AbstractPipeline.java:486)
at java.util.stream.AbstractPipeline.wrapAndCopyInto(AbstractPipeline.java:472)
at java.util.stream.FindOps$FindOp.evaluateSequential(FindOps.java:152)
at java.util.stream.AbstractPipeline.evaluate(AbstractPipeline.java:234)
at java.util.stream.ReferencePipeline.findFirst(ReferencePipeline.java:464)
at org.openqa.selenium.remote.ProtocolHandshake.createSession(ProtocolHandshake.java:128)
at org.openqa.selenium.remote.ProtocolHandshake.createSession(ProtocolHandshake.java:74)
at org.openqa.selenium.remote.HttpCommandExecutor.execute(HttpCommandExecutor.java:136)
at org.openqa.selenium.remote.service.DriverCommandExecutor.execute(DriverCommandExecutor.java:83)
at org.openqa.selenium.remote.RemoteWebDriver.execute(RemoteWebDriver.java:552)
at org.openqa.selenium.remote.RemoteWebDriver.startSession(RemoteWebDriver.java:213)
at org.openqa.selenium.remote.RemoteWebDriver.<init>(RemoteWebDriver.java:131)
at org.openqa.selenium.chrome.ChromeDriver.<init>(ChromeDriver.java:181)
at org.openqa.selenium.chrome.ChromeDriver.<init>(ChromeDriver.java:168)
at org.openqa.selenium.chrome.ChromeDriver.<init>(ChromeDriver.java:123)
at resources.base.initializeDriver(base.java:46)
at com.mkyong.busonfiscal.HomePageBusonTest.initiaLiseBrowser(HomePageBusonTest.java:35)
at sun.reflect.NativeMethodAccessorImpl.invoke0(Native Method)
at sun.reflect.NativeMethodAccessorImpl.invoke(NativeMethodAccessorImpl.java:62)
at sun.reflect.DelegatingMethodAccessorImpl.invoke(DelegatingMethodAccessorImpl.java:43)
at java.lang.reflect.Method.invoke(Method.java:498)
at org.testng.internal.MethodInvocationHelper.invokeMethod(MethodInvocationHelper.java:124)
at org.testng.internal.MethodInvocationHelper.invokeMethodConsideringTimeout(MethodInvocationHelper.java:59)
at org.testng.internal.Invoker.invokeConfigurationMethod(Invoker.java:458)
at org.testng.internal.Invoker.invokeConfigurations(Invoker.java:222)
at org.testng.internal.Invoker.invokeConfigurations(Invoker.java:142)
at org.testng.TestRunner.beforeRun(TestRunner.java:529)
at org.testng.TestRunner.run(TestRunner.java:497)
at org.testng.SuiteRunner.runTest(SuiteRunner.java:455)
at org.testng.SuiteRunner.runSequentially(SuiteRunner.java:450)
at org.testng.SuiteRunner.privateRun(SuiteRunner.java:415)
at org.testng.SuiteRunner.run(SuiteRunner.java:364)
at org.testng.SuiteRunnerWorker.runSuite(SuiteRunnerWorker.java:52)
at org.testng.SuiteRunnerWorker.run(SuiteRunnerWorker.java:84)
at org.testng.TestNG.runSuitesSequentially(TestNG.java:1208)
at org.testng.TestNG.runSuitesLocally(TestNG.java:1137)
at org.testng.TestNG.runSuites(TestNG.java:1049)
at org.testng.TestNG.run(TestNG.java:1017)
at org.apache.maven.surefire.testng.TestNGExecutor.run(TestNGExecutor.java:283)
at org.apache.maven.surefire.testng.TestNGXmlTestSuite.execute(TestNGXmlTestSuite.java:75)
at org.apache.maven.surefire.testng.TestNGProvider.invoke(TestNGProvider.java:120)
at org.apache.maven.surefire.booter.ForkedBooter.runSuitesInProcess(ForkedBooter.java:377)
at org.apache.maven.surefire.booter.ForkedBooter.execute(ForkedBooter.java:138)
at org.apache.maven.surefire.booter.ForkedBooter.run(ForkedBooter.java:465)
at org.apache.maven.surefire.booter.ForkedBooter.main(ForkedBooter.java:451)
]]>
            </full-stacktrace>
          </exception> <!-- org.openqa.selenium.WebDriverException -->
          <reporter-output>
          </reporter-output>
        </test-method> <!-- initiaLiseBrowser -->
        <test-method status="SKIP" signature="serviciosBuzon()[pri:0, instance:com.mkyong.busonfiscal.HomePageBusonTest@8dbdac1]" name="serviciosBuzon" duration-ms="0" started-at="2020-08-25T12:20:03Z" finished-at="2020-08-25T12:20:03Z">
          <exception class="org.openqa.selenium.WebDriverException">
            <message>
              <![CDATA[chrome not reachable
Build info: version: '3.141.59', revision: 'e82be7d358', time: '2018-11-14T08:17:03'
System info: host: 'Lisandro-Silva.local', ip: '127.0.0.1', os.name: 'Mac OS X', os.arch: 'x86_64', os.version: '10.15.2', java.version: '1.8.0_251'
Driver info: driver.version: ChromeDriver
remote stacktrace: 0   chromedriver 6                      0x000000010a71cc49 chromedriver 6 + 4893769
1   chromedriver 6                      0x000000010a6b60e3 chromedriver 6 + 4473059
2   chromedriver 6                      0x000000010a329752 chromedriver 6 + 751442
3   chromedriver 6                      0x000000010a31f427 chromedriver 6 + 709671
4   chromedriver 6                      0x000000010a28b2a0 chromedriver 6 + 103072
5   chromedriver 6                      0x000000010a287696 chromedriver 6 + 87702
6   chromedriver 6                      0x000000010a2849b9 chromedriver 6 + 76217
7   chromedriver 6                      0x000000010a2b7043 chromedriver 6 + 282691
8   chromedriver 6                      0x000000010a2b3e43 chromedriver 6 + 269891
9   chromedriver 6                      0x000000010a28d62a chromedriver 6 + 112170
10  chromedriver 6                      0x000000010a28e635 chromedriver 6 + 116277
11  chromedriver 6                      0x000000010a6de5af chromedriver 6 + 4638127
12  chromedriver 6                      0x000000010a6eb91b chromedriver 6 + 4692251
13  chromedriver 6                      0x000000010a6eb6bb chromedriver 6 + 4691643
14  chromedriver 6                      0x000000010a6c2109 chromedriver 6 + 4522249
15  chromedriver 6                      0x000000010a6ebea3 chromedriver 6 + 4693667
16  chromedriver 6                      0x000000010a6d4073 chromedriver 6 + 4595827
17  chromedriver 6                      0x000000010a703094 chromedriver 6 + 4788372
18  chromedriver 6                      0x000000010a722db7 chromedriver 6 + 4918711
19  libsystem_pthread.dylib             0x00007fff6b735e65 _pthread_start + 148
20  libsystem_pthread.dylib             0x00007fff6b73183b thread_start + 15
]]>
            </message>
            <full-stacktrace>
              <![CDATA[org.openqa.selenium.WebDriverException: chrome not reachable
Build info: version: '3.141.59', revision: 'e82be7d358', time: '2018-11-14T08:17:03'
System info: host: 'Lisandro-Silva.local', ip: '127.0.0.1', os.name: 'Mac OS X', os.arch: 'x86_64', os.version: '10.15.2', java.version: '1.8.0_251'
Driver info: driver.version: ChromeDriver
remote stacktrace: 0   chromedriver 6                      0x000000010a71cc49 chromedriver 6 + 4893769
1   chromedriver 6                      0x000000010a6b60e3 chromedriver 6 + 4473059
2   chromedriver 6                      0x000000010a329752 chromedriver 6 + 751442
3   chromedriver 6                      0x000000010a31f427 chromedriver 6 + 709671
4   chromedriver 6                      0x000000010a28b2a0 chromedriver 6 + 103072
5   chromedriver 6                      0x000000010a287696 chromedriver 6 + 87702
6   chromedriver 6                      0x000000010a2849b9 chromedriver 6 + 76217
7   chromedriver 6                      0x000000010a2b7043 chromedriver 6 + 282691
8   chromedriver 6                      0x000000010a2b3e43 chromedriver 6 + 269891
9   chromedriver 6                      0x000000010a28d62a chromedriver 6 + 112170
10  chromedriver 6                      0x000000010a28e635 chromedriver 6 + 116277
11  chromedriver 6                      0x000000010a6de5af chromedriver 6 + 4638127
12  chromedriver 6                      0x000000010a6eb91b chromedriver 6 + 4692251
13  chromedriver 6                      0x000000010a6eb6bb chromedriver 6 + 4691643
14  chromedriver 6                      0x000000010a6c2109 chromedriver 6 + 4522249
15  chromedriver 6                      0x000000010a6ebea3 chromedriver 6 + 4693667
16  chromedriver 6                      0x000000010a6d4073 chromedriver 6 + 4595827
17  chromedriver 6                      0x000000010a703094 chromedriver 6 + 4788372
18  chromedriver 6                      0x000000010a722db7 chromedriver 6 + 4918711
19  libsystem_pthread.dylib             0x00007fff6b735e65 _pthread_start + 148
20  libsystem_pthread.dylib             0x00007fff6b73183b thread_start + 15

at sun.reflect.NativeConstructorAccessorImpl.newInstance0(Native Method)
at sun.reflect.NativeConstructorAccessorImpl.newInstance(NativeConstructorAccessorImpl.java:62)
at sun.reflect.DelegatingConstructorAccessorImpl.newInstance(DelegatingConstructorAccessorImpl.java:45)
at java.lang.reflect.Constructor.newInstance(Constructor.java:423)
at org.openqa.selenium.remote.W3CHandshakeResponse.lambda$errorHandler$0(W3CHandshakeResponse.java:62)
at org.openqa.selenium.remote.HandshakeResponse.lambda$getResponseFunction$0(HandshakeResponse.java:30)
at org.openqa.selenium.remote.ProtocolHandshake.lambda$createSession$0(ProtocolHandshake.java:126)
at java.util.stream.ReferencePipeline$3$1.accept(ReferencePipeline.java:193)
at java.util.Spliterators$ArraySpliterator.tryAdvance(Spliterators.java:958)
at java.util.stream.ReferencePipeline.forEachWithCancel(ReferencePipeline.java:126)
at java.util.stream.AbstractPipeline.copyIntoWithCancel(AbstractPipeline.java:499)
at java.util.stream.AbstractPipeline.copyInto(AbstractPipeline.java:486)
at java.util.stream.AbstractPipeline.wrapAndCopyInto(AbstractPipeline.java:472)
at java.util.stream.FindOps$FindOp.evaluateSequential(FindOps.java:152)
at java.util.stream.AbstractPipeline.evaluate(AbstractPipeline.java:234)
at java.util.stream.ReferencePipeline.findFirst(ReferencePipeline.java:464)
at org.openqa.selenium.remote.ProtocolHandshake.createSession(ProtocolHandshake.java:128)
at org.openqa.selenium.remote.ProtocolHandshake.createSession(ProtocolHandshake.java:74)
at org.openqa.selenium.remote.HttpCommandExecutor.execute(HttpCommandExecutor.java:136)
at org.openqa.selenium.remote.service.DriverCommandExecutor.execute(DriverCommandExecutor.java:83)
at org.openqa.selenium.remote.RemoteWebDriver.execute(RemoteWebDriver.java:552)
at org.openqa.selenium.remote.RemoteWebDriver.startSession(RemoteWebDriver.java:213)
at org.openqa.selenium.remote.RemoteWebDriver.<init>(RemoteWebDriver.java:131)
at org.openqa.selenium.chrome.ChromeDriver.<init>(ChromeDriver.java:181)
at org.openqa.selenium.chrome.ChromeDriver.<init>(ChromeDriver.java:168)
at org.openqa.selenium.chrome.ChromeDriver.<init>(ChromeDriver.java:123)
at resources.base.initializeDriver(base.java:46)
at com.mkyong.busonfiscal.HomePageBusonTest.initiaLiseBrowser(HomePageBusonTest.java:35)
at sun.reflect.NativeMethodAccessorImpl.invoke0(Native Method)
at sun.reflect.NativeMethodAccessorImpl.invoke(NativeMethodAccessorImpl.java:62)
at sun.reflect.DelegatingMethodAccessorImpl.invoke(DelegatingMethodAccessorImpl.java:43)
at java.lang.reflect.Method.invoke(Method.java:498)
at org.testng.internal.MethodInvocationHelper.invokeMethod(MethodInvocationHelper.java:124)
at org.testng.internal.MethodInvocationHelper.invokeMethodConsideringTimeout(MethodInvocationHelper.java:59)
at org.testng.internal.Invoker.invokeConfigurationMethod(Invoker.java:458)
at org.testng.internal.Invoker.invokeConfigurations(Invoker.java:222)
at org.testng.internal.Invoker.invokeConfigurations(Invoker.java:142)
at org.testng.TestRunner.beforeRun(TestRunner.java:529)
at org.testng.TestRunner.run(TestRunner.java:497)
at org.testng.SuiteRunner.runTest(SuiteRunner.java:455)
at org.testng.SuiteRunner.runSequentially(SuiteRunner.java:450)
at org.testng.SuiteRunner.privateRun(SuiteRunner.java:415)
at org.testng.SuiteRunner.run(SuiteRunner.java:364)
at org.testng.SuiteRunnerWorker.runSuite(SuiteRunnerWorker.java:52)
at org.testng.SuiteRunnerWorker.run(SuiteRunnerWorker.java:84)
at org.testng.TestNG.runSuitesSequentially(TestNG.java:1208)
at org.testng.TestNG.runSuitesLocally(TestNG.java:1137)
at org.testng.TestNG.runSuites(TestNG.java:1049)
at org.testng.TestNG.run(TestNG.java:1017)
at org.apache.maven.surefire.testng.TestNGExecutor.run(TestNGExecutor.java:283)
at org.apache.maven.surefire.testng.TestNGXmlTestSuite.execute(TestNGXmlTestSuite.java:75)
at org.apache.maven.surefire.testng.TestNGProvider.invoke(TestNGProvider.java:120)
at org.apache.maven.surefire.booter.ForkedBooter.runSuitesInProcess(ForkedBooter.java:377)
at org.apache.maven.surefire.booter.ForkedBooter.execute(ForkedBooter.java:138)
at org.apache.maven.surefire.booter.ForkedBooter.run(ForkedBooter.java:465)
at org.apache.maven.surefire.booter.ForkedBooter.main(ForkedBooter.java:451)
]]>
            </full-stacktrace>
          </exception> <!-- org.openqa.selenium.WebDriverException -->
          <reporter-output>
          </reporter-output>
        </test-method> <!-- serviciosBuzon -->
        <test-method status="SKIP" signature="closeBrowser()[pri:0, instance:com.mkyong.busonfiscal.HomePageBusonTest@8dbdac1]" name="closeBrowser" is-config="true" duration-ms="0" started-at="2020-08-25T12:20:03Z" finished-at="2020-08-25T12:20:03Z">
          <reporter-output>
          </reporter-output>
        </test-method> <!-- closeBrowser -->
      </class> <!-- com.mkyong.busonfiscal.HomePageBusonTest -->
    </test> <!-- Test -->
    <test name="ClientProducto" duration-ms="144700" started-at="2020-08-25T12:20:03Z" finished-at="2020-08-25T12:22:28Z">
      <class name="com.mkyong.busonfiscal.ClientProductoTest">
        <test-method status="PASS" signature="initiaLiseBrowser()[pri:0, instance:com.mkyong.busonfiscal.ClientProductoTest@1aa7ecca]" name="initiaLiseBrowser" is-config="true" duration-ms="80007" started-at="2020-08-25T12:20:03Z" finished-at="2020-08-25T12:21:23Z">
          <reporter-output>
          </reporter-output>
        </test-method> <!-- initiaLiseBrowser -->
        <test-method status="PASS" signature="asignaturaClienteProducto()[pri:0, instance:com.mkyong.busonfiscal.ClientProductoTest@1aa7ecca]" name="asignaturaClienteProducto" duration-ms="64041" started-at="2020-08-25T12:21:23Z" finished-at="2020-08-25T12:22:27Z">
          <reporter-output>
          </reporter-output>
        </test-method> <!-- asignaturaClienteProducto -->
        <test-method status="PASS" signature="closeBrowser()[pri:0, instance:com.mkyong.busonfiscal.ClientProductoTest@1aa7ecca]" name="closeBrowser" is-config="true" duration-ms="570" started-at="2020-08-25T12:22:27Z" finished-at="2020-08-25T12:22:28Z">
          <reporter-output>
          </reporter-output>
        </test-method> <!-- closeBrowser -->
      </class> <!-- com.mkyong.busonfiscal.ClientProductoTest -->
    </test> <!-- ClientProducto -->
    <test name="Comprobante3" duration-ms="63893" started-at="2020-08-25T12:22:29Z" finished-at="2020-08-25T12:23:33Z">
      <class name="com.mkyong.busonfiscal.ReportesEmitidosTest3">
        <test-method status="PASS" signature="initiaLiseBrowser()[pri:0, instance:com.mkyong.busonfiscal.ReportesEmitidosTest3@2a798d51]" name="initiaLiseBrowser" is-config="true" duration-ms="22381" started-at="2020-08-25T12:22:29Z" finished-at="2020-08-25T12:22:51Z">
          <reporter-output>
          </reporter-output>
        </test-method> <!-- initiaLiseBrowser -->
        <test-method status="PASS" signature="reportesEmitidos3()[pri:0, instance:com.mkyong.busonfiscal.ReportesEmitidosTest3@2a798d51]" name="reportesEmitidos3" duration-ms="40860" started-at="2020-08-25T12:22:51Z" finished-at="2020-08-25T12:23:32Z">
          <reporter-output>
          </reporter-output>
        </test-method> <!-- reportesEmitidos3 -->
        <test-method status="PASS" signature="closeBrowser()[pri:0, instance:com.mkyong.busonfiscal.ReportesEmitidosTest3@2a798d51]" name="closeBrowser" is-config="true" duration-ms="651" started-at="2020-08-25T12:23:32Z" finished-at="2020-08-25T12:23:33Z">
          <reporter-output>
          </reporter-output>
        </test-method> <!-- closeBrowser -->
      </class> <!-- com.mkyong.busonfiscal.ReportesEmitidosTest3 -->
    </test> <!-- Comprobante3 -->
    <test name="Cancelacion2" duration-ms="45631" started-at="2020-08-25T12:23:33Z" finished-at="2020-08-25T12:24:18Z">
      <class name="com.mkyong.busonfiscal.ReportesEmitidosCancelacionTest3">
        <test-method status="PASS" signature="initiaLiseBrowser()[pri:0, instance:com.mkyong.busonfiscal.ReportesEmitidosCancelacionTest3@6c64cb25]" name="initiaLiseBrowser" is-config="true" duration-ms="21957" started-at="2020-08-25T12:23:33Z" finished-at="2020-08-25T12:23:55Z">
          <reporter-output>
          </reporter-output>
        </test-method> <!-- initiaLiseBrowser -->
        <test-method status="PASS" signature="reportesEmitidosCancelacion2()[pri:0, instance:com.mkyong.busonfiscal.ReportesEmitidosCancelacionTest3@6c64cb25]" name="reportesEmitidosCancelacion2" duration-ms="23272" started-at="2020-08-25T12:23:55Z" finished-at="2020-08-25T12:24:18Z">
          <reporter-output>
          </reporter-output>
        </test-method> <!-- reportesEmitidosCancelacion2 -->
        <test-method status="PASS" signature="closeBrowser()[pri:0, instance:com.mkyong.busonfiscal.ReportesEmitidosCancelacionTest3@6c64cb25]" name="closeBrowser" is-config="true" duration-ms="402" started-at="2020-08-25T12:24:18Z" finished-at="2020-08-25T12:24:18Z">
          <reporter-output>
          </reporter-output>
        </test-method> <!-- closeBrowser -->
      </class> <!-- com.mkyong.busonfiscal.ReportesEmitidosCancelacionTest3 -->
    </test> <!-- Cancelacion2 -->
    <test name="Cancelacion3" duration-ms="43361" started-at="2020-08-25T12:24:18Z" finished-at="2020-08-25T12:25:02Z">
      <class name="com.mkyong.busonfiscal.ReportesEmitidosCancelacionTest4">
        <test-method status="PASS" signature="initiaLiseBrowser()[pri:0, instance:com.mkyong.busonfiscal.ReportesEmitidosCancelacionTest4@72d1ad2e]" name="initiaLiseBrowser" is-config="true" duration-ms="22662" started-at="2020-08-25T12:24:18Z" finished-at="2020-08-25T12:24:41Z">
          <reporter-output>
          </reporter-output>
        </test-method> <!-- initiaLiseBrowser -->
        <test-method status="FAIL" signature="reportesEmitidosCancelacion()[pri:0, instance:com.mkyong.busonfiscal.ReportesEmitidosCancelacionTest4@72d1ad2e]" name="reportesEmitidosCancelacion" duration-ms="18541" started-at="2020-08-25T12:24:41Z" finished-at="2020-08-25T12:25:00Z">
          <exception class="org.openqa.selenium.NoSuchElementException">
            <message>
              <![CDATA[no such element: Unable to locate element: {"method":"xpath","selector":"//button[contains(text(),'Aceptar')]"}
  (Session info: chrome=84.0.4147.135)
For documentation on this error, please visit: https://www.seleniumhq.org/exceptions/no_such_element.html
Build info: version: '3.141.59', revision: 'e82be7d358', time: '2018-11-14T08:17:03'
System info: host: 'Lisandro-Silva.local', ip: '127.0.0.1', os.name: 'Mac OS X', os.arch: 'x86_64', os.version: '10.15.2', java.version: '1.8.0_251'
Driver info: org.openqa.selenium.chrome.ChromeDriver
Capabilities {acceptInsecureCerts: false, browserName: chrome, browserVersion: 84.0.4147.135, chrome: {chromedriverVersion: 84.0.4147.30 (48b3e868b4cc0..., userDataDir: /var/folders/zd/xs0gg_pd749...}, goog:chromeOptions: {debuggerAddress: localhost:50171}, javascriptEnabled: true, networkConnectionEnabled: false, pageLoadStrategy: normal, platform: MAC, platformName: MAC, proxy: Proxy(), setWindowRect: true, strictFileInteractability: false, timeouts: {implicit: 0, pageLoad: 300000, script: 30000}, unhandledPromptBehavior: dismiss and notify, webauthn:virtualAuthenticators: true}
Session ID: b799fad25ef4d98f2e4fb17d7a7c1fd7
*** Element info: {Using=xpath, value=//button[contains(text(),'Aceptar')]}]]>
            </message>
            <full-stacktrace>
              <![CDATA[org.openqa.selenium.NoSuchElementException: no such element: Unable to locate element: {"method":"xpath","selector":"//button[contains(text(),'Aceptar')]"}
  (Session info: chrome=84.0.4147.135)
For documentation on this error, please visit: https://www.seleniumhq.org/exceptions/no_such_element.html
Build info: version: '3.141.59', revision: 'e82be7d358', time: '2018-11-14T08:17:03'
System info: host: 'Lisandro-Silva.local', ip: '127.0.0.1', os.name: 'Mac OS X', os.arch: 'x86_64', os.version: '10.15.2', java.version: '1.8.0_251'
Driver info: org.openqa.selenium.chrome.ChromeDriver
Capabilities {acceptInsecureCerts: false, browserName: chrome, browserVersion: 84.0.4147.135, chrome: {chromedriverVersion: 84.0.4147.30 (48b3e868b4cc0..., userDataDir: /var/folders/zd/xs0gg_pd749...}, goog:chromeOptions: {debuggerAddress: localhost:50171}, javascriptEnabled: true, networkConnectionEnabled: false, pageLoadStrategy: normal, platform: MAC, platformName: MAC, proxy: Proxy(), setWindowRect: true, strictFileInteractability: false, timeouts: {implicit: 0, pageLoad: 300000, script: 30000}, unhandledPromptBehavior: dismiss and notify, webauthn:virtualAuthenticators: true}
Session ID: b799fad25ef4d98f2e4fb17d7a7c1fd7
*** Element info: {Using=xpath, value=//button[contains(text(),'Aceptar')]}
at sun.reflect.NativeConstructorAccessorImpl.newInstance0(Native Method)
at sun.reflect.NativeConstructorAccessorImpl.newInstance(NativeConstructorAccessorImpl.java:62)
at sun.reflect.DelegatingConstructorAccessorImpl.newInstance(DelegatingConstructorAccessorImpl.java:45)
at java.lang.reflect.Constructor.newInstance(Constructor.java:423)
at org.openqa.selenium.remote.http.W3CHttpResponseCodec.createException(W3CHttpResponseCodec.java:187)
at org.openqa.selenium.remote.http.W3CHttpResponseCodec.decode(W3CHttpResponseCodec.java:122)
at org.openqa.selenium.remote.http.W3CHttpResponseCodec.decode(W3CHttpResponseCodec.java:49)
at org.openqa.selenium.remote.HttpCommandExecutor.execute(HttpCommandExecutor.java:158)
at org.openqa.selenium.remote.service.DriverCommandExecutor.execute(DriverCommandExecutor.java:83)
at org.openqa.selenium.remote.RemoteWebDriver.execute(RemoteWebDriver.java:552)
at org.openqa.selenium.remote.RemoteWebDriver.findElement(RemoteWebDriver.java:323)
at org.openqa.selenium.remote.RemoteWebDriver.findElementByXPath(RemoteWebDriver.java:428)
at org.openqa.selenium.By$ByXPath.findElement(By.java:353)
at org.openqa.selenium.remote.RemoteWebDriver.findElement(RemoteWebDriver.java:315)
at com.mkyong.hashing.busonfiscal.LandingPageBuson.AceptarStatus(LandingPageBuson.java:818)
at com.mkyong.busonfiscal.ReportesEmitidosCancelacionTest4.reportesEmitidosCancelacion(ReportesEmitidosCancelacionTest4.java:72)
at sun.reflect.NativeMethodAccessorImpl.invoke0(Native Method)
at sun.reflect.NativeMethodAccessorImpl.invoke(NativeMethodAccessorImpl.java:62)
at sun.reflect.DelegatingMethodAccessorImpl.invoke(DelegatingMethodAccessorImpl.java:43)
at java.lang.reflect.Method.invoke(Method.java:498)
at org.testng.internal.MethodInvocationHelper.invokeMethod(MethodInvocationHelper.java:124)
at org.testng.internal.Invoker.invokeMethod(Invoker.java:583)
at org.testng.internal.Invoker.invokeTestMethod(Invoker.java:719)
at org.testng.internal.Invoker.invokeTestMethods(Invoker.java:989)
at org.testng.internal.TestMethodWorker.invokeTestMethods(TestMethodWorker.java:125)
at org.testng.internal.TestMethodWorker.run(TestMethodWorker.java:109)
at org.testng.TestRunner.privateRun(TestRunner.java:648)
at org.testng.TestRunner.run(TestRunner.java:505)
at org.testng.SuiteRunner.runTest(SuiteRunner.java:455)
at org.testng.SuiteRunner.runSequentially(SuiteRunner.java:450)
at org.testng.SuiteRunner.privateRun(SuiteRunner.java:415)
at org.testng.SuiteRunner.run(SuiteRunner.java:364)
at org.testng.SuiteRunnerWorker.runSuite(SuiteRunnerWorker.java:52)
at org.testng.SuiteRunnerWorker.run(SuiteRunnerWorker.java:84)
at org.testng.TestNG.runSuitesSequentially(TestNG.java:1208)
at org.testng.TestNG.runSuitesLocally(TestNG.java:1137)
at org.testng.TestNG.runSuites(TestNG.java:1049)
at org.testng.TestNG.run(TestNG.java:1017)
at org.apache.maven.surefire.testng.TestNGExecutor.run(TestNGExecutor.java:283)
at org.apache.maven.surefire.testng.TestNGXmlTestSuite.execute(TestNGXmlTestSuite.java:75)
at org.apache.maven.surefire.testng.TestNGProvider.invoke(TestNGProvider.java:120)
at org.apache.maven.surefire.booter.ForkedBooter.runSuitesInProcess(ForkedBooter.java:377)
at org.apache.maven.surefire.booter.ForkedBooter.execute(ForkedBooter.java:138)
at org.apache.maven.surefire.booter.ForkedBooter.run(ForkedBooter.java:465)
at org.apache.maven.surefire.booter.ForkedBooter.main(ForkedBooter.java:451)
]]>
            </full-stacktrace>
          </exception> <!-- org.openqa.selenium.NoSuchElementException -->
          <reporter-output>
          </reporter-output>
        </test-method> <!-- reportesEmitidosCancelacion -->
        <test-method status="PASS" signature="closeBrowser()[pri:0, instance:com.mkyong.busonfiscal.ReportesEmitidosCancelacionTest4@72d1ad2e]" name="closeBrowser" is-config="true" duration-ms="133" started-at="2020-08-25T12:25:02Z" finished-at="2020-08-25T12:25:02Z">
          <reporter-output>
          </reporter-output>
        </test-method> <!-- closeBrowser -->
      </class> <!-- com.mkyong.busonfiscal.ReportesEmitidosCancelacionTest4 -->
    </test> <!-- Cancelacion3 -->
    <test name="Password" duration-ms="15448" started-at="2020-08-25T12:25:02Z" finished-at="2020-08-25T12:25:18Z">
      <class name="com.mkyong.busonfiscal.PasswordTest">
        <test-method status="PASS" signature="initiaLiseBrowser()[pri:0, instance:com.mkyong.busonfiscal.PasswordTest@35cabb2a]" name="initiaLiseBrowser" is-config="true" duration-ms="14529" started-at="2020-08-25T12:25:02Z" finished-at="2020-08-25T12:25:17Z">
          <reporter-output>
          </reporter-output>
        </test-method> <!-- initiaLiseBrowser -->
        <test-method status="PASS" signature="testPassword()[pri:0, instance:com.mkyong.busonfiscal.PasswordTest@35cabb2a]" name="testPassword" duration-ms="822" started-at="2020-08-25T12:25:17Z" finished-at="2020-08-25T12:25:17Z">
          <reporter-output>
          </reporter-output>
        </test-method> <!-- testPassword -->
        <test-method status="PASS" signature="closeBrowser()[pri:0, instance:com.mkyong.busonfiscal.PasswordTest@35cabb2a]" name="closeBrowser" is-config="true" duration-ms="96" started-at="2020-08-25T12:25:17Z" finished-at="2020-08-25T12:25:18Z">
          <reporter-output>
          </reporter-output>
        </test-method> <!-- closeBrowser -->
      </class> <!-- com.mkyong.busonfiscal.PasswordTest -->
    </test> <!-- Password -->
    <test name="Email" duration-ms="4521" started-at="2020-08-25T12:25:18Z" finished-at="2020-08-25T12:25:22Z">
      <class name="com.mkyong.busonfiscal.EmailTest">
        <test-method status="PASS" signature="initiaLiseBrowser()[pri:0, instance:com.mkyong.busonfiscal.EmailTest@1d2adfbe]" name="initiaLiseBrowser" is-config="true" duration-ms="3656" started-at="2020-08-25T12:25:18Z" finished-at="2020-08-25T12:25:21Z">
          <reporter-output>
          </reporter-output>
        </test-method> <!-- initiaLiseBrowser -->
        <test-method status="PASS" signature="correoSimples()[pri:0, instance:com.mkyong.busonfiscal.EmailTest@1d2adfbe]" name="correoSimples" duration-ms="771" started-at="2020-08-25T12:25:21Z" finished-at="2020-08-25T12:25:22Z">
          <reporter-output>
          </reporter-output>
        </test-method> <!-- correoSimples -->
        <test-method status="PASS" signature="closeBrowser()[pri:0, instance:com.mkyong.busonfiscal.EmailTest@1d2adfbe]" name="closeBrowser" is-config="true" duration-ms="93" started-at="2020-08-25T12:25:22Z" finished-at="2020-08-25T12:25:22Z">
          <reporter-output>
          </reporter-output>
        </test-method> <!-- closeBrowser -->
      </class> <!-- com.mkyong.busonfiscal.EmailTest -->
    </test> <!-- Email -->
    <test name="EmailPassword" duration-ms="4174" started-at="2020-08-25T12:25:22Z" finished-at="2020-08-25T12:25:26Z">
      <class name="com.mkyong.busonfiscal.EmailAndPasswordTest">
        <test-method status="PASS" signature="initiaLiseBrowser()[pri:0, instance:com.mkyong.busonfiscal.EmailAndPasswordTest@77847718]" name="initiaLiseBrowser" is-config="true" duration-ms="3337" started-at="2020-08-25T12:25:22Z" finished-at="2020-08-25T12:25:26Z">
          <reporter-output>
          </reporter-output>
        </test-method> <!-- initiaLiseBrowser -->
        <test-method status="PASS" signature="correoContrasena()[pri:0, instance:com.mkyong.busonfiscal.EmailAndPasswordTest@77847718]" name="correoContrasena" duration-ms="747" started-at="2020-08-25T12:25:26Z" finished-at="2020-08-25T12:25:26Z">
          <reporter-output>
          </reporter-output>
        </test-method> <!-- correoContrasena -->
        <test-method status="PASS" signature="closeBrowser()[pri:0, instance:com.mkyong.busonfiscal.EmailAndPasswordTest@77847718]" name="closeBrowser" is-config="true" duration-ms="87" started-at="2020-08-25T12:25:26Z" finished-at="2020-08-25T12:25:26Z">
          <reporter-output>
          </reporter-output>
        </test-method> <!-- closeBrowser -->
      </class> <!-- com.mkyong.busonfiscal.EmailAndPasswordTest -->
    </test> <!-- EmailPassword -->
    <test name="EmailPasswordCorrect" duration-ms="11485" started-at="2020-08-25T12:25:26Z" finished-at="2020-08-25T12:25:38Z">
      <class name="com.mkyong.busonfiscal.EmailPasswordCorrectTest">
        <test-method status="PASS" signature="initiaLiseBrowser()[pri:0, instance:com.mkyong.busonfiscal.EmailPasswordCorrectTest@c8c12ac]" name="initiaLiseBrowser" is-config="true" duration-ms="3373" started-at="2020-08-25T12:25:26Z" finished-at="2020-08-25T12:25:30Z">
          <reporter-output>
          </reporter-output>
        </test-method> <!-- initiaLiseBrowser -->
        <test-method status="PASS" signature="correoContrasenaCorreta()[pri:0, instance:com.mkyong.busonfiscal.EmailPasswordCorrectTest@c8c12ac]" name="correoContrasenaCorreta" duration-ms="7761" started-at="2020-08-25T12:25:30Z" finished-at="2020-08-25T12:25:38Z">
          <reporter-output>
          </reporter-output>
        </test-method> <!-- correoContrasenaCorreta -->
        <test-method status="PASS" signature="closeBrowser()[pri:0, instance:com.mkyong.busonfiscal.EmailPasswordCorrectTest@c8c12ac]" name="closeBrowser" is-config="true" duration-ms="350" started-at="2020-08-25T12:25:38Z" finished-at="2020-08-25T12:25:38Z">
          <reporter-output>
          </reporter-output>
        </test-method> <!-- closeBrowser -->
      </class> <!-- com.mkyong.busonfiscal.EmailPasswordCorrectTest -->
    </test> <!-- EmailPasswordCorrect -->
    <test name="DuplicadoFacturaSimples" duration-ms="38585" started-at="2020-08-25T12:25:38Z" finished-at="2020-08-25T12:26:17Z">
      <class name="com.mkyong.busonfiscal.ReportesEmitidosDuplicarComprobanteTest3">
        <test-method status="PASS" signature="initiaLiseBrowser()[pri:0, instance:com.mkyong.busonfiscal.ReportesEmitidosDuplicarComprobanteTest3@6069db50]" name="initiaLiseBrowser" is-config="true" duration-ms="4553" started-at="2020-08-25T12:25:38Z" finished-at="2020-08-25T12:25:43Z">
          <reporter-output>
          </reporter-output>
        </test-method> <!-- initiaLiseBrowser -->
        <test-method status="PASS" signature="duplicadoFacturaBasica()[pri:0, instance:com.mkyong.busonfiscal.ReportesEmitidosDuplicarComprobanteTest3@6069db50]" name="duplicadoFacturaBasica" duration-ms="33813" started-at="2020-08-25T12:25:43Z" finished-at="2020-08-25T12:26:16Z">
          <reporter-output>
          </reporter-output>
        </test-method> <!-- duplicadoFacturaBasica -->
        <test-method status="PASS" signature="closeBrowser()[pri:0, instance:com.mkyong.busonfiscal.ReportesEmitidosDuplicarComprobanteTest3@6069db50]" name="closeBrowser" is-config="true" duration-ms="218" started-at="2020-08-25T12:26:16Z" finished-at="2020-08-25T12:26:17Z">
          <reporter-output>
          </reporter-output>
        </test-method> <!-- closeBrowser -->
      </class> <!-- com.mkyong.busonfiscal.ReportesEmitidosDuplicarComprobanteTest3 -->
    </test> <!-- DuplicadoFacturaSimples -->
    <test name="DuplicadoComplLeyendasFiscales" duration-ms="35567" started-at="2020-08-25T12:26:17Z" finished-at="2020-08-25T12:26:52Z">
      <class name="com.mkyong.busonfiscal.ReportesEmitidosDuplicarComplLeyendasFiscalesTest2">
        <test-method status="PASS" signature="initiaLiseBrowser()[pri:0, instance:com.mkyong.busonfiscal.ReportesEmitidosDuplicarComplLeyendasFiscalesTest2@72967906]" name="initiaLiseBrowser" is-config="true" duration-ms="14002" started-at="2020-08-25T12:26:17Z" finished-at="2020-08-25T12:26:31Z">
          <reporter-output>
          </reporter-output>
        </test-method> <!-- initiaLiseBrowser -->
        <test-method status="PASS" signature="duplicadoLeyendasFiscalesNotificado()[pri:0, instance:com.mkyong.busonfiscal.ReportesEmitidosDuplicarComplLeyendasFiscalesTest2@72967906]" name="duplicadoLeyendasFiscalesNotificado" duration-ms="21351" started-at="2020-08-25T12:26:31Z" finished-at="2020-08-25T12:26:52Z">
          <reporter-output>
          </reporter-output>
        </test-method> <!-- duplicadoLeyendasFiscalesNotificado -->
        <test-method status="PASS" signature="closeBrowser()[pri:0, instance:com.mkyong.busonfiscal.ReportesEmitidosDuplicarComplLeyendasFiscalesTest2@72967906]" name="closeBrowser" is-config="true" duration-ms="211" started-at="2020-08-25T12:26:52Z" finished-at="2020-08-25T12:26:52Z">
          <reporter-output>
          </reporter-output>
        </test-method> <!-- closeBrowser -->
      </class> <!-- com.mkyong.busonfiscal.ReportesEmitidosDuplicarComplLeyendasFiscalesTest2 -->
    </test> <!-- DuplicadoComplLeyendasFiscales -->
    <test name="BusquedaDeReportesEmitos5" duration-ms="35650" started-at="2020-08-25T12:26:52Z" finished-at="2020-08-25T12:27:28Z">
      <class name="com.mkyong.busonfiscal.BusquedaReportesTest5">
        <test-method status="PASS" signature="initiaLiseBrowser()[pri:0, instance:com.mkyong.busonfiscal.BusquedaReportesTest5@4f83df68]" name="initiaLiseBrowser" is-config="true" duration-ms="12400" started-at="2020-08-25T12:26:52Z" finished-at="2020-08-25T12:27:05Z">
          <reporter-output>
          </reporter-output>
        </test-method> <!-- initiaLiseBrowser -->
        <test-method status="PASS" signature="busquedaDeReportes5()[pri:0, instance:com.mkyong.busonfiscal.BusquedaReportesTest5@4f83df68]" name="busquedaDeReportes5" duration-ms="23091" started-at="2020-08-25T12:27:05Z" finished-at="2020-08-25T12:27:28Z">
          <reporter-output>
          </reporter-output>
        </test-method> <!-- busquedaDeReportes5 -->
        <test-method status="PASS" signature="closeBrowser()[pri:0, instance:com.mkyong.busonfiscal.BusquedaReportesTest5@4f83df68]" name="closeBrowser" is-config="true" duration-ms="158" started-at="2020-08-25T12:27:28Z" finished-at="2020-08-25T12:27:28Z">
          <reporter-output>
          </reporter-output>
        </test-method> <!-- closeBrowser -->
      </class> <!-- com.mkyong.busonfiscal.BusquedaReportesTest5 -->
    </test> <!-- BusquedaDeReportesEmitos5 -->
    <test name="BusquedaDeReportesEmitos4" duration-ms="45027" started-at="2020-08-25T12:27:28Z" finished-at="2020-08-25T12:28:13Z">
      <class name="com.mkyong.busonfiscal.BusquedaReportesTest4">
        <test-method status="PASS" signature="initiaLiseBrowser()[pri:0, instance:com.mkyong.busonfiscal.BusquedaReportesTest4@1283bb96]" name="initiaLiseBrowser" is-config="true" duration-ms="14167" started-at="2020-08-25T12:27:28Z" finished-at="2020-08-25T12:27:42Z">
          <reporter-output>
          </reporter-output>
        </test-method> <!-- initiaLiseBrowser -->
        <test-method status="PASS" signature="busquedaDeReportes4()[pri:0, instance:com.mkyong.busonfiscal.BusquedaReportesTest4@1283bb96]" name="busquedaDeReportes4" duration-ms="30646" started-at="2020-08-25T12:27:42Z" finished-at="2020-08-25T12:28:13Z">
          <reporter-output>
          </reporter-output>
        </test-method> <!-- busquedaDeReportes4 -->
        <test-method status="PASS" signature="closeBrowser()[pri:0, instance:com.mkyong.busonfiscal.BusquedaReportesTest4@1283bb96]" name="closeBrowser" is-config="true" duration-ms="214" started-at="2020-08-25T12:28:13Z" finished-at="2020-08-25T12:28:13Z">
          <reporter-output>
          </reporter-output>
        </test-method> <!-- closeBrowser -->
      </class> <!-- com.mkyong.busonfiscal.BusquedaReportesTest4 -->
    </test> <!-- BusquedaDeReportesEmitos4 -->
    <test name="BusquedaDeReportesEmitos3" duration-ms="56686" started-at="2020-08-25T12:28:13Z" finished-at="2020-08-25T12:29:10Z">
      <class name="com.mkyong.busonfiscal.BusquedaReportesTest3">
        <test-method status="PASS" signature="initiaLiseBrowser()[pri:0, instance:com.mkyong.busonfiscal.BusquedaReportesTest3@49e53c76]" name="initiaLiseBrowser" is-config="true" duration-ms="18850" started-at="2020-08-25T12:28:13Z" finished-at="2020-08-25T12:28:32Z">
          <reporter-output>
          </reporter-output>
        </test-method> <!-- initiaLiseBrowser -->
        <test-method status="PASS" signature="busquedaDeReportes3()[pri:0, instance:com.mkyong.busonfiscal.BusquedaReportesTest3@49e53c76]" name="busquedaDeReportes3" duration-ms="37160" started-at="2020-08-25T12:28:32Z" finished-at="2020-08-25T12:29:09Z">
          <reporter-output>
          </reporter-output>
        </test-method> <!-- busquedaDeReportes3 -->
        <test-method status="PASS" signature="closeBrowser()[pri:0, instance:com.mkyong.busonfiscal.BusquedaReportesTest3@49e53c76]" name="closeBrowser" is-config="true" duration-ms="676" started-at="2020-08-25T12:29:09Z" finished-at="2020-08-25T12:29:10Z">
          <reporter-output>
          </reporter-output>
        </test-method> <!-- closeBrowser -->
      </class> <!-- com.mkyong.busonfiscal.BusquedaReportesTest3 -->
    </test> <!-- BusquedaDeReportesEmitos3 -->
    <test name="BusquedaDeReportesEmitos2" duration-ms="32580" started-at="2020-08-25T12:29:11Z" finished-at="2020-08-25T12:29:43Z">
      <class name="com.mkyong.busonfiscal.BusquedaReportesTest2">
        <test-method status="PASS" signature="initiaLiseBrowser()[pri:0, instance:com.mkyong.busonfiscal.BusquedaReportesTest2@799f10e1]" name="initiaLiseBrowser" is-config="true" duration-ms="17099" started-at="2020-08-25T12:29:11Z" finished-at="2020-08-25T12:29:28Z">
          <reporter-output>
          </reporter-output>
        </test-method> <!-- initiaLiseBrowser -->
        <test-method status="PASS" signature="buquedaDeReportes2()[pri:0, instance:com.mkyong.busonfiscal.BusquedaReportesTest2@799f10e1]" name="buquedaDeReportes2" duration-ms="15064" started-at="2020-08-25T12:29:28Z" finished-at="2020-08-25T12:29:43Z">
          <reporter-output>
          </reporter-output>
        </test-method> <!-- buquedaDeReportes2 -->
        <test-method status="PASS" signature="closeBrowser()[pri:0, instance:com.mkyong.busonfiscal.BusquedaReportesTest2@799f10e1]" name="closeBrowser" is-config="true" duration-ms="416" started-at="2020-08-25T12:29:43Z" finished-at="2020-08-25T12:29:43Z">
          <reporter-output>
          </reporter-output>
        </test-method> <!-- closeBrowser -->
      </class> <!-- com.mkyong.busonfiscal.BusquedaReportesTest2 -->
    </test> <!-- BusquedaDeReportesEmitos2 -->
    <test name="BusquedaDeReportesEmitos6" duration-ms="43828" started-at="2020-08-25T12:29:44Z" finished-at="2020-08-25T12:30:28Z">
      <class name="com.mkyong.busonfiscal.BusquedaReportesTest6">
        <test-method status="PASS" signature="initiaLiseBrowser()[pri:0, instance:com.mkyong.busonfiscal.BusquedaReportesTest6@4135c3b]" name="initiaLiseBrowser" is-config="true" duration-ms="10281" started-at="2020-08-25T12:29:44Z" finished-at="2020-08-25T12:29:54Z">
          <reporter-output>
          </reporter-output>
        </test-method> <!-- initiaLiseBrowser -->
        <test-method status="PASS" signature="busquedaDeReportes6()[pri:0, instance:com.mkyong.busonfiscal.BusquedaReportesTest6@4135c3b]" name="busquedaDeReportes6" duration-ms="31268" started-at="2020-08-25T12:29:54Z" finished-at="2020-08-25T12:30:25Z">
          <reporter-output>
          </reporter-output>
        </test-method> <!-- busquedaDeReportes6 -->
        <test-method status="PASS" signature="closeBrowser()[pri:0, instance:com.mkyong.busonfiscal.BusquedaReportesTest6@4135c3b]" name="closeBrowser" is-config="true" duration-ms="2278" started-at="2020-08-25T12:30:25Z" finished-at="2020-08-25T12:30:28Z">
          <reporter-output>
          </reporter-output>
        </test-method> <!-- closeBrowser -->
      </class> <!-- com.mkyong.busonfiscal.BusquedaReportesTest6 -->
    </test> <!-- BusquedaDeReportesEmitos6 -->
    <test name="BusquedaDeReportesEmitos7" duration-ms="51178" started-at="2020-08-25T12:30:28Z" finished-at="2020-08-25T12:31:19Z">
      <class name="com.mkyong.busonfiscal.BusquedaReportesTest7">
        <test-method status="PASS" signature="initiaLiseBrowser()[pri:0, instance:com.mkyong.busonfiscal.BusquedaReportesTest7@128d2484]" name="initiaLiseBrowser" is-config="true" duration-ms="11230" started-at="2020-08-25T12:30:28Z" finished-at="2020-08-25T12:30:39Z">
          <reporter-output>
          </reporter-output>
        </test-method> <!-- initiaLiseBrowser -->
        <test-method status="PASS" signature="busquedaDeReportes7()[pri:0, instance:com.mkyong.busonfiscal.BusquedaReportesTest7@128d2484]" name="busquedaDeReportes7" duration-ms="39181" started-at="2020-08-25T12:30:39Z" finished-at="2020-08-25T12:31:18Z">
          <reporter-output>
          </reporter-output>
        </test-method> <!-- busquedaDeReportes7 -->
        <test-method status="PASS" signature="closeBrowser()[pri:0, instance:com.mkyong.busonfiscal.BusquedaReportesTest7@128d2484]" name="closeBrowser" is-config="true" duration-ms="765" started-at="2020-08-25T12:31:18Z" finished-at="2020-08-25T12:31:19Z">
          <reporter-output>
          </reporter-output>
        </test-method> <!-- closeBrowser -->
      </class> <!-- com.mkyong.busonfiscal.BusquedaReportesTest7 -->
    </test> <!-- BusquedaDeReportesEmitos7 -->
    <test name="BusquedaDeReportesEmitos8" duration-ms="25985" started-at="2020-08-25T12:31:19Z" finished-at="2020-08-25T12:31:45Z">
      <class name="com.mkyong.busonfiscal.BusquedaReportesTest8">
        <test-method status="PASS" signature="initiaLiseBrowser()[pri:0, instance:com.mkyong.busonfiscal.BusquedaReportesTest8@48f2bd5b]" name="initiaLiseBrowser" is-config="true" duration-ms="13932" started-at="2020-08-25T12:31:19Z" finished-at="2020-08-25T12:31:33Z">
          <reporter-output>
          </reporter-output>
        </test-method> <!-- initiaLiseBrowser -->
        <test-method status="PASS" signature="busquedaDeReportes8()[pri:0, instance:com.mkyong.busonfiscal.BusquedaReportesTest8@48f2bd5b]" name="busquedaDeReportes8" duration-ms="11946" started-at="2020-08-25T12:31:33Z" finished-at="2020-08-25T12:31:45Z">
          <reporter-output>
          </reporter-output>
        </test-method> <!-- busquedaDeReportes8 -->
        <test-method status="PASS" signature="closeBrowser()[pri:0, instance:com.mkyong.busonfiscal.BusquedaReportesTest8@48f2bd5b]" name="closeBrowser" is-config="true" duration-ms="106" started-at="2020-08-25T12:31:45Z" finished-at="2020-08-25T12:31:45Z">
          <reporter-output>
          </reporter-output>
        </test-method> <!-- closeBrowser -->
      </class> <!-- com.mkyong.busonfiscal.BusquedaReportesTest8 -->
    </test> <!-- BusquedaDeReportesEmitos8 -->
    <test name="BusquedaDeReportesEmitos9" duration-ms="16177" started-at="2020-08-25T12:31:45Z" finished-at="2020-08-25T12:32:01Z">
      <class name="com.mkyong.busonfiscal.BusquedaReportesTest9">
        <test-method status="PASS" signature="initiaLiseBrowser()[pri:0, instance:com.mkyong.busonfiscal.BusquedaReportesTest9@3270d194]" name="initiaLiseBrowser" is-config="true" duration-ms="3015" started-at="2020-08-25T12:31:45Z" finished-at="2020-08-25T12:31:48Z">
          <reporter-output>
          </reporter-output>
        </test-method> <!-- initiaLiseBrowser -->
        <test-method status="PASS" signature="busquedaDeReportes9()[pri:0, instance:com.mkyong.busonfiscal.BusquedaReportesTest9@3270d194]" name="busquedaDeReportes9" duration-ms="13058" started-at="2020-08-25T12:31:48Z" finished-at="2020-08-25T12:32:01Z">
          <reporter-output>
          </reporter-output>
        </test-method> <!-- busquedaDeReportes9 -->
        <test-method status="PASS" signature="closeBrowser()[pri:0, instance:com.mkyong.busonfiscal.BusquedaReportesTest9@3270d194]" name="closeBrowser" is-config="true" duration-ms="104" started-at="2020-08-25T12:32:01Z" finished-at="2020-08-25T12:32:01Z">
          <reporter-output>
          </reporter-output>
        </test-method> <!-- closeBrowser -->
      </class> <!-- com.mkyong.busonfiscal.BusquedaReportesTest9 -->
    </test> <!-- BusquedaDeReportesEmitos9 -->
    <test name="BusquedaDeReportesEmitos10" duration-ms="16064" started-at="2020-08-25T12:32:01Z" finished-at="2020-08-25T12:32:17Z">
      <class name="com.mkyong.busonfiscal.BusquedaReportesTest10">
        <test-method status="PASS" signature="initiaLiseBrowser()[pri:0, instance:com.mkyong.busonfiscal.BusquedaReportesTest10@73a1e9a9]" name="initiaLiseBrowser" is-config="true" duration-ms="3521" started-at="2020-08-25T12:32:01Z" finished-at="2020-08-25T12:32:05Z">
          <reporter-output>
          </reporter-output>
        </test-method> <!-- initiaLiseBrowser -->
        <test-method status="PASS" signature="busquedaDeReportes10()[pri:0, instance:com.mkyong.busonfiscal.BusquedaReportesTest10@73a1e9a9]" name="busquedaDeReportes10" duration-ms="12441" started-at="2020-08-25T12:32:05Z" finished-at="2020-08-25T12:32:17Z">
          <reporter-output>
          </reporter-output>
        </test-method> <!-- busquedaDeReportes10 -->
        <test-method status="PASS" signature="closeBrowser()[pri:0, instance:com.mkyong.busonfiscal.BusquedaReportesTest10@73a1e9a9]" name="closeBrowser" is-config="true" duration-ms="100" started-at="2020-08-25T12:32:17Z" finished-at="2020-08-25T12:32:17Z">
          <reporter-output>
          </reporter-output>
        </test-method> <!-- closeBrowser -->
      </class> <!-- com.mkyong.busonfiscal.BusquedaReportesTest10 -->
    </test> <!-- BusquedaDeReportesEmitos10 -->
    <test name="BusquedaDeReportesEmitos11" duration-ms="30774" started-at="2020-08-25T12:32:18Z" finished-at="2020-08-25T12:32:48Z">
      <class name="com.mkyong.busonfiscal.BusquedaReportesTest11">
        <test-method status="PASS" signature="initiaLiseBrowser()[pri:0, instance:com.mkyong.busonfiscal.BusquedaReportesTest11@3e694b3f]" name="initiaLiseBrowser" is-config="true" duration-ms="3032" started-at="2020-08-25T12:32:18Z" finished-at="2020-08-25T12:32:21Z">
          <reporter-output>
          </reporter-output>
        </test-method> <!-- initiaLiseBrowser -->
        <test-method status="PASS" signature="busquedaDereportes11()[pri:0, instance:com.mkyong.busonfiscal.BusquedaReportesTest11@3e694b3f]" name="busquedaDereportes11" duration-ms="26852" started-at="2020-08-25T12:32:21Z" finished-at="2020-08-25T12:32:47Z">
          <reporter-output>
          </reporter-output>
        </test-method> <!-- busquedaDereportes11 -->
        <test-method status="PASS" signature="closeBrowser()[pri:0, instance:com.mkyong.busonfiscal.BusquedaReportesTest11@3e694b3f]" name="closeBrowser" is-config="true" duration-ms="888" started-at="2020-08-25T12:32:47Z" finished-at="2020-08-25T12:32:48Z">
          <reporter-output>
          </reporter-output>
        </test-method> <!-- closeBrowser -->
      </class> <!-- com.mkyong.busonfiscal.BusquedaReportesTest11 -->
    </test> <!-- BusquedaDeReportesEmitos11 -->
    <test name="BusquedaDeReportesEmitos12" duration-ms="19329" started-at="2020-08-25T12:32:48Z" finished-at="2020-08-25T12:33:08Z">
      <class name="com.mkyong.busonfiscal.BusquedaReportesTest12">
        <test-method status="PASS" signature="initiaLiseBrowser()[pri:0, instance:com.mkyong.busonfiscal.BusquedaReportesTest12@515c6049]" name="initiaLiseBrowser" is-config="true" duration-ms="6467" started-at="2020-08-25T12:32:48Z" finished-at="2020-08-25T12:32:55Z">
          <reporter-output>
          </reporter-output>
        </test-method> <!-- initiaLiseBrowser -->
        <test-method status="PASS" signature="busquedaDereportes12()[pri:0, instance:com.mkyong.busonfiscal.BusquedaReportesTest12@515c6049]" name="busquedaDereportes12" duration-ms="12755" started-at="2020-08-25T12:32:55Z" finished-at="2020-08-25T12:33:08Z">
          <reporter-output>
          </reporter-output>
        </test-method> <!-- busquedaDereportes12 -->
        <test-method status="PASS" signature="closeBrowser()[pri:0, instance:com.mkyong.busonfiscal.BusquedaReportesTest12@515c6049]" name="closeBrowser" is-config="true" duration-ms="106" started-at="2020-08-25T12:33:08Z" finished-at="2020-08-25T12:33:08Z">
          <reporter-output>
          </reporter-output>
        </test-method> <!-- closeBrowser -->
      </class> <!-- com.mkyong.busonfiscal.BusquedaReportesTest12 -->
    </test> <!-- BusquedaDeReportesEmitos12 -->
    <test name="BusquedaDeReportesEmitos14" duration-ms="31389" started-at="2020-08-25T12:33:08Z" finished-at="2020-08-25T12:33:39Z">
      <class name="com.mkyong.busonfiscal.BusquedaReportesTest14">
        <test-method status="PASS" signature="initiaLiseBrowser()[pri:0, instance:com.mkyong.busonfiscal.BusquedaReportesTest14@2d3379b4]" name="initiaLiseBrowser" is-config="true" duration-ms="3261" started-at="2020-08-25T12:33:08Z" finished-at="2020-08-25T12:33:11Z">
          <reporter-output>
          </reporter-output>
        </test-method> <!-- initiaLiseBrowser -->
        <test-method status="PASS" signature="busquedaDeReportes14()[pri:0, instance:com.mkyong.busonfiscal.BusquedaReportesTest14@2d3379b4]" name="busquedaDeReportes14" duration-ms="27727" started-at="2020-08-25T12:33:11Z" finished-at="2020-08-25T12:33:39Z">
          <reporter-output>
          </reporter-output>
        </test-method> <!-- busquedaDeReportes14 -->
        <test-method status="PASS" signature="closeBrowser()[pri:0, instance:com.mkyong.busonfiscal.BusquedaReportesTest14@2d3379b4]" name="closeBrowser" is-config="true" duration-ms="401" started-at="2020-08-25T12:33:39Z" finished-at="2020-08-25T12:33:39Z">
          <reporter-output>
          </reporter-output>
        </test-method> <!-- closeBrowser -->
      </class> <!-- com.mkyong.busonfiscal.BusquedaReportesTest14 -->
    </test> <!-- BusquedaDeReportesEmitos14 -->
    <test name="BusquedaDeReportesEmitos15" duration-ms="52658" started-at="2020-08-25T12:33:39Z" finished-at="2020-08-25T12:34:32Z">
      <class name="com.mkyong.busonfiscal.BusquedaReportesTest15">
        <test-method status="PASS" signature="initiaLiseBrowser()[pri:0, instance:com.mkyong.busonfiscal.BusquedaReportesTest15@2b71e916]" name="initiaLiseBrowser" is-config="true" duration-ms="6356" started-at="2020-08-25T12:33:39Z" finished-at="2020-08-25T12:33:46Z">
          <reporter-output>
          </reporter-output>
        </test-method> <!-- initiaLiseBrowser -->
        <test-method status="PASS" signature="busquedaDeReportes15()[pri:0, instance:com.mkyong.busonfiscal.BusquedaReportesTest15@2b71e916]" name="busquedaDeReportes15" duration-ms="45799" started-at="2020-08-25T12:33:46Z" finished-at="2020-08-25T12:34:31Z">
          <reporter-output>
          </reporter-output>
        </test-method> <!-- busquedaDeReportes15 -->
        <test-method status="PASS" signature="closeBrowser()[pri:0, instance:com.mkyong.busonfiscal.BusquedaReportesTest15@2b71e916]" name="closeBrowser" is-config="true" duration-ms="502" started-at="2020-08-25T12:34:31Z" finished-at="2020-08-25T12:34:32Z">
          <reporter-output>
          </reporter-output>
        </test-method> <!-- closeBrowser -->
      </class> <!-- com.mkyong.busonfiscal.BusquedaReportesTest15 -->
    </test> <!-- BusquedaDeReportesEmitos15 -->
    <test name="ReportesEmitidos5" duration-ms="41512" started-at="2020-08-25T12:34:32Z" finished-at="2020-08-25T12:35:14Z">
      <class name="com.mkyong.busonfiscal.ReportesEmitidosTest5">
        <test-method status="PASS" signature="initiaLiseBrowser()[pri:0, instance:com.mkyong.busonfiscal.ReportesEmitidosTest5@175c2241]" name="initiaLiseBrowser" is-config="true" duration-ms="16275" started-at="2020-08-25T12:34:32Z" finished-at="2020-08-25T12:34:48Z">
          <reporter-output>
          </reporter-output>
        </test-method> <!-- initiaLiseBrowser -->
        <test-method status="PASS" signature="reportesemitidos5()[pri:0, instance:com.mkyong.busonfiscal.ReportesEmitidosTest5@175c2241]" name="reportesemitidos5" duration-ms="25085" started-at="2020-08-25T12:34:48Z" finished-at="2020-08-25T12:35:14Z">
          <reporter-output>
          </reporter-output>
        </test-method> <!-- reportesemitidos5 -->
        <test-method status="PASS" signature="closeBrowser()[pri:0, instance:com.mkyong.busonfiscal.ReportesEmitidosTest5@175c2241]" name="closeBrowser" is-config="true" duration-ms="152" started-at="2020-08-25T12:35:14Z" finished-at="2020-08-25T12:35:14Z">
          <reporter-output>
          </reporter-output>
        </test-method> <!-- closeBrowser -->
      </class> <!-- com.mkyong.busonfiscal.ReportesEmitidosTest5 -->
    </test> <!-- ReportesEmitidos5 -->
    <test name="Comprobante4" duration-ms="47488" started-at="2020-08-25T12:35:14Z" finished-at="2020-08-25T12:36:01Z">
      <class name="com.mkyong.busonfiscal.ReportesEmitidosTest4">
        <test-method status="PASS" signature="initiaLiseBrowser()[pri:0, instance:com.mkyong.busonfiscal.ReportesEmitidosTest4@557caf28]" name="initiaLiseBrowser" is-config="true" duration-ms="6967" started-at="2020-08-25T12:35:14Z" finished-at="2020-08-25T12:35:21Z">
          <reporter-output>
          </reporter-output>
        </test-method> <!-- initiaLiseBrowser -->
        <test-method status="PASS" signature="reportesEmitidos4()[pri:0, instance:com.mkyong.busonfiscal.ReportesEmitidosTest4@557caf28]" name="reportesEmitidos4" duration-ms="40275" started-at="2020-08-25T12:35:21Z" finished-at="2020-08-25T12:36:01Z">
          <reporter-output>
          </reporter-output>
        </test-method> <!-- reportesEmitidos4 -->
        <test-method status="PASS" signature="closeBrowser()[pri:0, instance:com.mkyong.busonfiscal.ReportesEmitidosTest4@557caf28]" name="closeBrowser" is-config="true" duration-ms="245" started-at="2020-08-25T12:36:01Z" finished-at="2020-08-25T12:36:01Z">
          <reporter-output>
          </reporter-output>
        </test-method> <!-- closeBrowser -->
      </class> <!-- com.mkyong.busonfiscal.ReportesEmitidosTest4 -->
    </test> <!-- Comprobante4 -->
    <test name="FacturaBasica" duration-ms="124151" started-at="2020-08-25T12:36:01Z" finished-at="2020-08-25T12:38:05Z">
      <class name="com.mkyong.busonfiscal.FacturaBasicaTest">
        <test-method status="FAIL" signature="initiaLiseBrowser()[pri:0, instance:com.mkyong.busonfiscal.FacturaBasicaTest@22555ebf]" name="initiaLiseBrowser" is-config="true" duration-ms="124149" started-at="2020-08-25T12:36:01Z" finished-at="2020-08-25T12:38:05Z">
          <exception class="org.openqa.selenium.WebDriverException">
            <message>
              <![CDATA[chrome not reachable
Build info: version: '3.141.59', revision: 'e82be7d358', time: '2018-11-14T08:17:03'
System info: host: 'Lisandro-Silva.local', ip: '127.0.0.1', os.name: 'Mac OS X', os.arch: 'x86_64', os.version: '10.15.2', java.version: '1.8.0_251'
Driver info: driver.version: ChromeDriver
remote stacktrace: 0   chromedriver 6                      0x000000010b6a0c49 chromedriver 6 + 4893769
1   chromedriver 6                      0x000000010b63a0e3 chromedriver 6 + 4473059
2   chromedriver 6                      0x000000010b2ad752 chromedriver 6 + 751442
3   chromedriver 6                      0x000000010b2a3427 chromedriver 6 + 709671
4   chromedriver 6                      0x000000010b20f2a0 chromedriver 6 + 103072
5   chromedriver 6                      0x000000010b20b696 chromedriver 6 + 87702
6   chromedriver 6                      0x000000010b2089b9 chromedriver 6 + 76217
7   chromedriver 6                      0x000000010b23b043 chromedriver 6 + 282691
8   chromedriver 6                      0x000000010b237e43 chromedriver 6 + 269891
9   chromedriver 6                      0x000000010b21162a chromedriver 6 + 112170
10  chromedriver 6                      0x000000010b212635 chromedriver 6 + 116277
11  chromedriver 6                      0x000000010b6625af chromedriver 6 + 4638127
12  chromedriver 6                      0x000000010b66f91b chromedriver 6 + 4692251
13  chromedriver 6                      0x000000010b66f6bb chromedriver 6 + 4691643
14  chromedriver 6                      0x000000010b646109 chromedriver 6 + 4522249
15  chromedriver 6                      0x000000010b66fea3 chromedriver 6 + 4693667
16  chromedriver 6                      0x000000010b658073 chromedriver 6 + 4595827
17  chromedriver 6                      0x000000010b687094 chromedriver 6 + 4788372
18  chromedriver 6                      0x000000010b6a6db7 chromedriver 6 + 4918711
19  libsystem_pthread.dylib             0x00007fff6b735e65 _pthread_start + 148
20  libsystem_pthread.dylib             0x00007fff6b73183b thread_start + 15
]]>
            </message>
            <full-stacktrace>
              <![CDATA[org.openqa.selenium.WebDriverException: chrome not reachable
Build info: version: '3.141.59', revision: 'e82be7d358', time: '2018-11-14T08:17:03'
System info: host: 'Lisandro-Silva.local', ip: '127.0.0.1', os.name: 'Mac OS X', os.arch: 'x86_64', os.version: '10.15.2', java.version: '1.8.0_251'
Driver info: driver.version: ChromeDriver
remote stacktrace: 0   chromedriver 6                      0x000000010b6a0c49 chromedriver 6 + 4893769
1   chromedriver 6                      0x000000010b63a0e3 chromedriver 6 + 4473059
2   chromedriver 6                      0x000000010b2ad752 chromedriver 6 + 751442
3   chromedriver 6                      0x000000010b2a3427 chromedriver 6 + 709671
4   chromedriver 6                      0x000000010b20f2a0 chromedriver 6 + 103072
5   chromedriver 6                      0x000000010b20b696 chromedriver 6 + 87702
6   chromedriver 6                      0x000000010b2089b9 chromedriver 6 + 76217
7   chromedriver 6                      0x000000010b23b043 chromedriver 6 + 282691
8   chromedriver 6                      0x000000010b237e43 chromedriver 6 + 269891
9   chromedriver 6                      0x000000010b21162a chromedriver 6 + 112170
10  chromedriver 6                      0x000000010b212635 chromedriver 6 + 116277
11  chromedriver 6                      0x000000010b6625af chromedriver 6 + 4638127
12  chromedriver 6                      0x000000010b66f91b chromedriver 6 + 4692251
13  chromedriver 6                      0x000000010b66f6bb chromedriver 6 + 4691643
14  chromedriver 6                      0x000000010b646109 chromedriver 6 + 4522249
15  chromedriver 6                      0x000000010b66fea3 chromedriver 6 + 4693667
16  chromedriver 6                      0x000000010b658073 chromedriver 6 + 4595827
17  chromedriver 6                      0x000000010b687094 chromedriver 6 + 4788372
18  chromedriver 6                      0x000000010b6a6db7 chromedriver 6 + 4918711
19  libsystem_pthread.dylib             0x00007fff6b735e65 _pthread_start + 148
20  libsystem_pthread.dylib             0x00007fff6b73183b thread_start + 15

at sun.reflect.NativeConstructorAccessorImpl.newInstance0(Native Method)
at sun.reflect.NativeConstructorAccessorImpl.newInstance(NativeConstructorAccessorImpl.java:62)
at sun.reflect.DelegatingConstructorAccessorImpl.newInstance(DelegatingConstructorAccessorImpl.java:45)
at java.lang.reflect.Constructor.newInstance(Constructor.java:423)
at org.openqa.selenium.remote.W3CHandshakeResponse.lambda$errorHandler$0(W3CHandshakeResponse.java:62)
at org.openqa.selenium.remote.HandshakeResponse.lambda$getResponseFunction$0(HandshakeResponse.java:30)
at org.openqa.selenium.remote.ProtocolHandshake.lambda$createSession$0(ProtocolHandshake.java:126)
at java.util.stream.ReferencePipeline$3$1.accept(ReferencePipeline.java:193)
at java.util.Spliterators$ArraySpliterator.tryAdvance(Spliterators.java:958)
at java.util.stream.ReferencePipeline.forEachWithCancel(ReferencePipeline.java:126)
at java.util.stream.AbstractPipeline.copyIntoWithCancel(AbstractPipeline.java:499)
at java.util.stream.AbstractPipeline.copyInto(AbstractPipeline.java:486)
at java.util.stream.AbstractPipeline.wrapAndCopyInto(AbstractPipeline.java:472)
at java.util.stream.FindOps$FindOp.evaluateSequential(FindOps.java:152)
at java.util.stream.AbstractPipeline.evaluate(AbstractPipeline.java:234)
at java.util.stream.ReferencePipeline.findFirst(ReferencePipeline.java:464)
at org.openqa.selenium.remote.ProtocolHandshake.createSession(ProtocolHandshake.java:128)
at org.openqa.selenium.remote.ProtocolHandshake.createSession(ProtocolHandshake.java:74)
at org.openqa.selenium.remote.HttpCommandExecutor.execute(HttpCommandExecutor.java:136)
at org.openqa.selenium.remote.service.DriverCommandExecutor.execute(DriverCommandExecutor.java:83)
at org.openqa.selenium.remote.RemoteWebDriver.execute(RemoteWebDriver.java:552)
at org.openqa.selenium.remote.RemoteWebDriver.startSession(RemoteWebDriver.java:213)
at org.openqa.selenium.remote.RemoteWebDriver.<init>(RemoteWebDriver.java:131)
at org.openqa.selenium.chrome.ChromeDriver.<init>(ChromeDriver.java:181)
at org.openqa.selenium.chrome.ChromeDriver.<init>(ChromeDriver.java:168)
at org.openqa.selenium.chrome.ChromeDriver.<init>(ChromeDriver.java:123)
at resources.base.initializeDriver(base.java:46)
at com.mkyong.busonfiscal.FacturaBasicaTest.initiaLiseBrowser(FacturaBasicaTest.java:31)
at sun.reflect.NativeMethodAccessorImpl.invoke0(Native Method)
at sun.reflect.NativeMethodAccessorImpl.invoke(NativeMethodAccessorImpl.java:62)
at sun.reflect.DelegatingMethodAccessorImpl.invoke(DelegatingMethodAccessorImpl.java:43)
at java.lang.reflect.Method.invoke(Method.java:498)
at org.testng.internal.MethodInvocationHelper.invokeMethod(MethodInvocationHelper.java:124)
at org.testng.internal.MethodInvocationHelper.invokeMethodConsideringTimeout(MethodInvocationHelper.java:59)
at org.testng.internal.Invoker.invokeConfigurationMethod(Invoker.java:458)
at org.testng.internal.Invoker.invokeConfigurations(Invoker.java:222)
at org.testng.internal.Invoker.invokeConfigurations(Invoker.java:142)
at org.testng.TestRunner.beforeRun(TestRunner.java:529)
at org.testng.TestRunner.run(TestRunner.java:497)
at org.testng.SuiteRunner.runTest(SuiteRunner.java:455)
at org.testng.SuiteRunner.runSequentially(SuiteRunner.java:450)
at org.testng.SuiteRunner.privateRun(SuiteRunner.java:415)
at org.testng.SuiteRunner.run(SuiteRunner.java:364)
at org.testng.SuiteRunnerWorker.runSuite(SuiteRunnerWorker.java:52)
at org.testng.SuiteRunnerWorker.run(SuiteRunnerWorker.java:84)
at org.testng.TestNG.runSuitesSequentially(TestNG.java:1208)
at org.testng.TestNG.runSuitesLocally(TestNG.java:1137)
at org.testng.TestNG.runSuites(TestNG.java:1049)
at org.testng.TestNG.run(TestNG.java:1017)
at org.apache.maven.surefire.testng.TestNGExecutor.run(TestNGExecutor.java:283)
at org.apache.maven.surefire.testng.TestNGXmlTestSuite.execute(TestNGXmlTestSuite.java:75)
at org.apache.maven.surefire.testng.TestNGProvider.invoke(TestNGProvider.java:120)
at org.apache.maven.surefire.booter.ForkedBooter.runSuitesInProcess(ForkedBooter.java:377)
at org.apache.maven.surefire.booter.ForkedBooter.execute(ForkedBooter.java:138)
at org.apache.maven.surefire.booter.ForkedBooter.run(ForkedBooter.java:465)
at org.apache.maven.surefire.booter.ForkedBooter.main(ForkedBooter.java:451)
]]>
            </full-stacktrace>
          </exception> <!-- org.openqa.selenium.WebDriverException -->
          <reporter-output>
          </reporter-output>
        </test-method> <!-- initiaLiseBrowser -->
        <test-method status="SKIP" signature="facturaBasica()[pri:0, instance:com.mkyong.busonfiscal.FacturaBasicaTest@22555ebf]" name="facturaBasica" duration-ms="0" started-at="2020-08-25T12:38:05Z" finished-at="2020-08-25T12:38:05Z">
          <exception class="org.openqa.selenium.WebDriverException">
            <message>
              <![CDATA[chrome not reachable
Build info: version: '3.141.59', revision: 'e82be7d358', time: '2018-11-14T08:17:03'
System info: host: 'Lisandro-Silva.local', ip: '127.0.0.1', os.name: 'Mac OS X', os.arch: 'x86_64', os.version: '10.15.2', java.version: '1.8.0_251'
Driver info: driver.version: ChromeDriver
remote stacktrace: 0   chromedriver 6                      0x000000010b6a0c49 chromedriver 6 + 4893769
1   chromedriver 6                      0x000000010b63a0e3 chromedriver 6 + 4473059
2   chromedriver 6                      0x000000010b2ad752 chromedriver 6 + 751442
3   chromedriver 6                      0x000000010b2a3427 chromedriver 6 + 709671
4   chromedriver 6                      0x000000010b20f2a0 chromedriver 6 + 103072
5   chromedriver 6                      0x000000010b20b696 chromedriver 6 + 87702
6   chromedriver 6                      0x000000010b2089b9 chromedriver 6 + 76217
7   chromedriver 6                      0x000000010b23b043 chromedriver 6 + 282691
8   chromedriver 6                      0x000000010b237e43 chromedriver 6 + 269891
9   chromedriver 6                      0x000000010b21162a chromedriver 6 + 112170
10  chromedriver 6                      0x000000010b212635 chromedriver 6 + 116277
11  chromedriver 6                      0x000000010b6625af chromedriver 6 + 4638127
12  chromedriver 6                      0x000000010b66f91b chromedriver 6 + 4692251
13  chromedriver 6                      0x000000010b66f6bb chromedriver 6 + 4691643
14  chromedriver 6                      0x000000010b646109 chromedriver 6 + 4522249
15  chromedriver 6                      0x000000010b66fea3 chromedriver 6 + 4693667
16  chromedriver 6                      0x000000010b658073 chromedriver 6 + 4595827
17  chromedriver 6                      0x000000010b687094 chromedriver 6 + 4788372
18  chromedriver 6                      0x000000010b6a6db7 chromedriver 6 + 4918711
19  libsystem_pthread.dylib             0x00007fff6b735e65 _pthread_start + 148
20  libsystem_pthread.dylib             0x00007fff6b73183b thread_start + 15
]]>
            </message>
            <full-stacktrace>
              <![CDATA[org.openqa.selenium.WebDriverException: chrome not reachable
Build info: version: '3.141.59', revision: 'e82be7d358', time: '2018-11-14T08:17:03'
System info: host: 'Lisandro-Silva.local', ip: '127.0.0.1', os.name: 'Mac OS X', os.arch: 'x86_64', os.version: '10.15.2', java.version: '1.8.0_251'
Driver info: driver.version: ChromeDriver
remote stacktrace: 0   chromedriver 6                      0x000000010b6a0c49 chromedriver 6 + 4893769
1   chromedriver 6                      0x000000010b63a0e3 chromedriver 6 + 4473059
2   chromedriver 6                      0x000000010b2ad752 chromedriver 6 + 751442
3   chromedriver 6                      0x000000010b2a3427 chromedriver 6 + 709671
4   chromedriver 6                      0x000000010b20f2a0 chromedriver 6 + 103072
5   chromedriver 6                      0x000000010b20b696 chromedriver 6 + 87702
6   chromedriver 6                      0x000000010b2089b9 chromedriver 6 + 76217
7   chromedriver 6                      0x000000010b23b043 chromedriver 6 + 282691
8   chromedriver 6                      0x000000010b237e43 chromedriver 6 + 269891
9   chromedriver 6                      0x000000010b21162a chromedriver 6 + 112170
10  chromedriver 6                      0x000000010b212635 chromedriver 6 + 116277
11  chromedriver 6                      0x000000010b6625af chromedriver 6 + 4638127
12  chromedriver 6                      0x000000010b66f91b chromedriver 6 + 4692251
13  chromedriver 6                      0x000000010b66f6bb chromedriver 6 + 4691643
14  chromedriver 6                      0x000000010b646109 chromedriver 6 + 4522249
15  chromedriver 6                      0x000000010b66fea3 chromedriver 6 + 4693667
16  chromedriver 6                      0x000000010b658073 chromedriver 6 + 4595827
17  chromedriver 6                      0x000000010b687094 chromedriver 6 + 4788372
18  chromedriver 6                      0x000000010b6a6db7 chromedriver 6 + 4918711
19  libsystem_pthread.dylib             0x00007fff6b735e65 _pthread_start + 148
20  libsystem_pthread.dylib             0x00007fff6b73183b thread_start + 15

at sun.reflect.NativeConstructorAccessorImpl.newInstance0(Native Method)
at sun.reflect.NativeConstructorAccessorImpl.newInstance(NativeConstructorAccessorImpl.java:62)
at sun.reflect.DelegatingConstructorAccessorImpl.newInstance(DelegatingConstructorAccessorImpl.java:45)
at java.lang.reflect.Constructor.newInstance(Constructor.java:423)
at org.openqa.selenium.remote.W3CHandshakeResponse.lambda$errorHandler$0(W3CHandshakeResponse.java:62)
at org.openqa.selenium.remote.HandshakeResponse.lambda$getResponseFunction$0(HandshakeResponse.java:30)
at org.openqa.selenium.remote.ProtocolHandshake.lambda$createSession$0(ProtocolHandshake.java:126)
at java.util.stream.ReferencePipeline$3$1.accept(ReferencePipeline.java:193)
at java.util.Spliterators$ArraySpliterator.tryAdvance(Spliterators.java:958)
at java.util.stream.ReferencePipeline.forEachWithCancel(ReferencePipeline.java:126)
at java.util.stream.AbstractPipeline.copyIntoWithCancel(AbstractPipeline.java:499)
at java.util.stream.AbstractPipeline.copyInto(AbstractPipeline.java:486)
at java.util.stream.AbstractPipeline.wrapAndCopyInto(AbstractPipeline.java:472)
at java.util.stream.FindOps$FindOp.evaluateSequential(FindOps.java:152)
at java.util.stream.AbstractPipeline.evaluate(AbstractPipeline.java:234)
at java.util.stream.ReferencePipeline.findFirst(ReferencePipeline.java:464)
at org.openqa.selenium.remote.ProtocolHandshake.createSession(ProtocolHandshake.java:128)
at org.openqa.selenium.remote.ProtocolHandshake.createSession(ProtocolHandshake.java:74)
at org.openqa.selenium.remote.HttpCommandExecutor.execute(HttpCommandExecutor.java:136)
at org.openqa.selenium.remote.service.DriverCommandExecutor.execute(DriverCommandExecutor.java:83)
at org.openqa.selenium.remote.RemoteWebDriver.execute(RemoteWebDriver.java:552)
at org.openqa.selenium.remote.RemoteWebDriver.startSession(RemoteWebDriver.java:213)
at org.openqa.selenium.remote.RemoteWebDriver.<init>(RemoteWebDriver.java:131)
at org.openqa.selenium.chrome.ChromeDriver.<init>(ChromeDriver.java:181)
at org.openqa.selenium.chrome.ChromeDriver.<init>(ChromeDriver.java:168)
at org.openqa.selenium.chrome.ChromeDriver.<init>(ChromeDriver.java:123)
at resources.base.initializeDriver(base.java:46)
at com.mkyong.busonfiscal.FacturaBasicaTest.initiaLiseBrowser(FacturaBasicaTest.java:31)
at sun.reflect.NativeMethodAccessorImpl.invoke0(Native Method)
at sun.reflect.NativeMethodAccessorImpl.invoke(NativeMethodAccessorImpl.java:62)
at sun.reflect.DelegatingMethodAccessorImpl.invoke(DelegatingMethodAccessorImpl.java:43)
at java.lang.reflect.Method.invoke(Method.java:498)
at org.testng.internal.MethodInvocationHelper.invokeMethod(MethodInvocationHelper.java:124)
at org.testng.internal.MethodInvocationHelper.invokeMethodConsideringTimeout(MethodInvocationHelper.java:59)
at org.testng.internal.Invoker.invokeConfigurationMethod(Invoker.java:458)
at org.testng.internal.Invoker.invokeConfigurations(Invoker.java:222)
at org.testng.internal.Invoker.invokeConfigurations(Invoker.java:142)
at org.testng.TestRunner.beforeRun(TestRunner.java:529)
at org.testng.TestRunner.run(TestRunner.java:497)
at org.testng.SuiteRunner.runTest(SuiteRunner.java:455)
at org.testng.SuiteRunner.runSequentially(SuiteRunner.java:450)
at org.testng.SuiteRunner.privateRun(SuiteRunner.java:415)
at org.testng.SuiteRunner.run(SuiteRunner.java:364)
at org.testng.SuiteRunnerWorker.runSuite(SuiteRunnerWorker.java:52)
at org.testng.SuiteRunnerWorker.run(SuiteRunnerWorker.java:84)
at org.testng.TestNG.runSuitesSequentially(TestNG.java:1208)
at org.testng.TestNG.runSuitesLocally(TestNG.java:1137)
at org.testng.TestNG.runSuites(TestNG.java:1049)
at org.testng.TestNG.run(TestNG.java:1017)
at org.apache.maven.surefire.testng.TestNGExecutor.run(TestNGExecutor.java:283)
at org.apache.maven.surefire.testng.TestNGXmlTestSuite.execute(TestNGXmlTestSuite.java:75)
at org.apache.maven.surefire.testng.TestNGProvider.invoke(TestNGProvider.java:120)
at org.apache.maven.surefire.booter.ForkedBooter.runSuitesInProcess(ForkedBooter.java:377)
at org.apache.maven.surefire.booter.ForkedBooter.execute(ForkedBooter.java:138)
at org.apache.maven.surefire.booter.ForkedBooter.run(ForkedBooter.java:465)
at org.apache.maven.surefire.booter.ForkedBooter.main(ForkedBooter.java:451)
]]>
            </full-stacktrace>
          </exception> <!-- org.openqa.selenium.WebDriverException -->
          <reporter-output>
          </reporter-output>
        </test-method> <!-- facturaBasica -->
        <test-method status="SKIP" signature="closeBrowser()[pri:0, instance:com.mkyong.busonfiscal.FacturaBasicaTest@22555ebf]" name="closeBrowser" is-config="true" duration-ms="0" started-at="2020-08-25T12:38:05Z" finished-at="2020-08-25T12:38:05Z">
          <reporter-output>
          </reporter-output>
        </test-method> <!-- closeBrowser -->
      </class> <!-- com.mkyong.busonfiscal.FacturaBasicaTest -->
    </test> <!-- FacturaBasica -->
    <test name="Factura" duration-ms="96505" started-at="2020-08-25T12:38:07Z" finished-at="2020-08-25T12:39:43Z">
      <class name="com.mkyong.busonfiscal.FacturaCartaPorteTest">
        <test-method status="PASS" signature="initiaLiseBrowser()[pri:0, instance:com.mkyong.busonfiscal.FacturaCartaPorteTest@43bc63a3]" name="initiaLiseBrowser" is-config="true" duration-ms="73054" started-at="2020-08-25T12:38:07Z" finished-at="2020-08-25T12:39:20Z">
          <reporter-output>
          </reporter-output>
        </test-method> <!-- initiaLiseBrowser -->
        <test-method status="PASS" signature="facturaCartaPorte()[pri:0, instance:com.mkyong.busonfiscal.FacturaCartaPorteTest@43bc63a3]" name="facturaCartaPorte" duration-ms="22281" started-at="2020-08-25T12:39:20Z" finished-at="2020-08-25T12:39:42Z">
          <reporter-output>
          </reporter-output>
        </test-method> <!-- facturaCartaPorte -->
        <test-method status="PASS" signature="closeBrowser()[pri:0, instance:com.mkyong.busonfiscal.FacturaCartaPorteTest@43bc63a3]" name="closeBrowser" is-config="true" duration-ms="1168" started-at="2020-08-25T12:39:42Z" finished-at="2020-08-25T12:39:43Z">
          <reporter-output>
          </reporter-output>
        </test-method> <!-- closeBrowser -->
      </class> <!-- com.mkyong.busonfiscal.FacturaCartaPorteTest -->
    </test> <!-- Factura -->
    <test name="Factura1" duration-ms="42459" started-at="2020-08-25T12:39:43Z" finished-at="2020-08-25T12:40:26Z">
      <class name="com.mkyong.busonfiscal.FacturaPagoTest">
        <test-method status="PASS" signature="initiaLiseBrowser()[pri:0, instance:com.mkyong.busonfiscal.FacturaPagoTest@4c402120]" name="initiaLiseBrowser" is-config="true" duration-ms="22010" started-at="2020-08-25T12:39:43Z" finished-at="2020-08-25T12:40:05Z">
          <reporter-output>
          </reporter-output>
        </test-method> <!-- initiaLiseBrowser -->
        <test-method status="PASS" signature="facturaPago()[pri:0, instance:com.mkyong.busonfiscal.FacturaPagoTest@4c402120]" name="facturaPago" duration-ms="20202" started-at="2020-08-25T12:40:05Z" finished-at="2020-08-25T12:40:26Z">
          <reporter-output>
          </reporter-output>
        </test-method> <!-- facturaPago -->
        <test-method status="PASS" signature="closeBrowser()[pri:0, instance:com.mkyong.busonfiscal.FacturaPagoTest@4c402120]" name="closeBrowser" is-config="true" duration-ms="246" started-at="2020-08-25T12:40:26Z" finished-at="2020-08-25T12:40:26Z">
          <reporter-output>
          </reporter-output>
        </test-method> <!-- closeBrowser -->
      </class> <!-- com.mkyong.busonfiscal.FacturaPagoTest -->
    </test> <!-- Factura1 -->
    <test name="Factura2" duration-ms="29746" started-at="2020-08-25T12:40:26Z" finished-at="2020-08-25T12:40:56Z">
      <class name="com.mkyong.busonfiscal.NotaDeCreditoTest">
        <test-method status="PASS" signature="initiaLiseBrowser()[pri:0, instance:com.mkyong.busonfiscal.NotaDeCreditoTest@815b41f]" name="initiaLiseBrowser" is-config="true" duration-ms="16733" started-at="2020-08-25T12:40:26Z" finished-at="2020-08-25T12:40:43Z">
          <reporter-output>
          </reporter-output>
        </test-method> <!-- initiaLiseBrowser -->
        <test-method status="PASS" signature="notaDeCredito()[pri:0, instance:com.mkyong.busonfiscal.NotaDeCreditoTest@815b41f]" name="notaDeCredito" duration-ms="12893" started-at="2020-08-25T12:40:43Z" finished-at="2020-08-25T12:40:56Z">
          <reporter-output>
          </reporter-output>
        </test-method> <!-- notaDeCredito -->
        <test-method status="PASS" signature="closeBrowser()[pri:0, instance:com.mkyong.busonfiscal.NotaDeCreditoTest@815b41f]" name="closeBrowser" is-config="true" duration-ms="118" started-at="2020-08-25T12:40:56Z" finished-at="2020-08-25T12:40:56Z">
          <reporter-output>
          </reporter-output>
        </test-method> <!-- closeBrowser -->
      </class> <!-- com.mkyong.busonfiscal.NotaDeCreditoTest -->
    </test> <!-- Factura2 -->
    <test name="Factura3" duration-ms="29484" started-at="2020-08-25T12:40:56Z" finished-at="2020-08-25T12:41:25Z">
      <class name="com.mkyong.busonfiscal.FacturaDetallistaTest">
        <test-method status="PASS" signature="initiaLiseBrowser()[pri:0, instance:com.mkyong.busonfiscal.FacturaDetallistaTest@6a78afa0]" name="initiaLiseBrowser" is-config="true" duration-ms="10769" started-at="2020-08-25T12:40:56Z" finished-at="2020-08-25T12:41:07Z">
          <reporter-output>
          </reporter-output>
        </test-method> <!-- initiaLiseBrowser -->
        <test-method status="PASS" signature="facturaDetallista()[pri:0, instance:com.mkyong.busonfiscal.FacturaDetallistaTest@6a78afa0]" name="facturaDetallista" duration-ms="18228" started-at="2020-08-25T12:41:07Z" finished-at="2020-08-25T12:41:25Z">
          <reporter-output>
          </reporter-output>
        </test-method> <!-- facturaDetallista -->
        <test-method status="PASS" signature="closeBrowser()[pri:0, instance:com.mkyong.busonfiscal.FacturaDetallistaTest@6a78afa0]" name="closeBrowser" is-config="true" duration-ms="487" started-at="2020-08-25T12:41:25Z" finished-at="2020-08-25T12:41:25Z">
          <reporter-output>
          </reporter-output>
        </test-method> <!-- closeBrowser -->
      </class> <!-- com.mkyong.busonfiscal.FacturaDetallistaTest -->
    </test> <!-- Factura3 -->
    <test name="Factura4" duration-ms="32239" started-at="2020-08-25T12:41:25Z" finished-at="2020-08-25T12:41:58Z">
      <class name="com.mkyong.busonfiscal.ImpuestosLocalesTest">
        <test-method status="PASS" signature="initiaLiseBrowser()[pri:0, instance:com.mkyong.busonfiscal.ImpuestosLocalesTest@385c9627]" name="initiaLiseBrowser" is-config="true" duration-ms="12617" started-at="2020-08-25T12:41:25Z" finished-at="2020-08-25T12:41:38Z">
          <reporter-output>
          </reporter-output>
        </test-method> <!-- initiaLiseBrowser -->
        <test-method status="PASS" signature="basePageNavigation()[pri:0, instance:com.mkyong.busonfiscal.ImpuestosLocalesTest@385c9627]" name="basePageNavigation" duration-ms="19292" started-at="2020-08-25T12:41:38Z" finished-at="2020-08-25T12:41:57Z">
          <reporter-output>
          </reporter-output>
        </test-method> <!-- basePageNavigation -->
        <test-method status="PASS" signature="closeBrowser()[pri:0, instance:com.mkyong.busonfiscal.ImpuestosLocalesTest@385c9627]" name="closeBrowser" is-config="true" duration-ms="327" started-at="2020-08-25T12:41:57Z" finished-at="2020-08-25T12:41:58Z">
          <reporter-output>
          </reporter-output>
        </test-method> <!-- closeBrowser -->
      </class> <!-- com.mkyong.busonfiscal.ImpuestosLocalesTest -->
    </test> <!-- Factura4 -->
    <test name="Factura5" duration-ms="36693" started-at="2020-08-25T12:41:58Z" finished-at="2020-08-25T12:42:34Z">
      <class name="com.mkyong.busonfiscal.INETest">
        <test-method status="PASS" signature="initiaLiseBrowser()[pri:0, instance:com.mkyong.busonfiscal.INETest@662ac478]" name="initiaLiseBrowser" is-config="true" duration-ms="14621" started-at="2020-08-25T12:41:58Z" finished-at="2020-08-25T12:42:12Z">
          <reporter-output>
          </reporter-output>
        </test-method> <!-- initiaLiseBrowser -->
        <test-method status="PASS" signature="basePageNavigation()[pri:0, instance:com.mkyong.busonfiscal.INETest@662ac478]" name="basePageNavigation" duration-ms="21922" started-at="2020-08-25T12:42:12Z" finished-at="2020-08-25T12:42:34Z">
          <reporter-output>
          </reporter-output>
        </test-method> <!-- basePageNavigation -->
        <test-method status="PASS" signature="closeBrowser()[pri:0, instance:com.mkyong.busonfiscal.INETest@662ac478]" name="closeBrowser" is-config="true" duration-ms="148" started-at="2020-08-25T12:42:34Z" finished-at="2020-08-25T12:42:34Z">
          <reporter-output>
          </reporter-output>
        </test-method> <!-- closeBrowser -->
      </class> <!-- com.mkyong.busonfiscal.INETest -->
    </test> <!-- Factura5 -->
    <test name="Factura6" duration-ms="25112" started-at="2020-08-25T12:42:35Z" finished-at="2020-08-25T12:43:00Z">
      <class name="com.mkyong.busonfiscal.InstituicionesEducativasTest">
        <test-method status="PASS" signature="initiaLiseBrowser()[pri:0, instance:com.mkyong.busonfiscal.InstituicionesEducativasTest@3eb738bb]" name="initiaLiseBrowser" is-config="true" duration-ms="8676" started-at="2020-08-25T12:42:35Z" finished-at="2020-08-25T12:42:43Z">
          <reporter-output>
          </reporter-output>
        </test-method> <!-- initiaLiseBrowser -->
        <test-method status="PASS" signature="instituiciones1()[pri:0, instance:com.mkyong.busonfiscal.InstituicionesEducativasTest@3eb738bb]" name="instituiciones1" duration-ms="16148" started-at="2020-08-25T12:42:43Z" finished-at="2020-08-25T12:43:00Z">
          <reporter-output>
          </reporter-output>
        </test-method> <!-- instituiciones1 -->
        <test-method status="PASS" signature="closeBrowser()[pri:0, instance:com.mkyong.busonfiscal.InstituicionesEducativasTest@3eb738bb]" name="closeBrowser" is-config="true" duration-ms="287" started-at="2020-08-25T12:43:00Z" finished-at="2020-08-25T12:43:00Z">
          <reporter-output>
          </reporter-output>
        </test-method> <!-- closeBrowser -->
      </class> <!-- com.mkyong.busonfiscal.InstituicionesEducativasTest -->
    </test> <!-- Factura6 -->
    <test name="Factura7" duration-ms="21207" started-at="2020-08-25T12:43:00Z" finished-at="2020-08-25T12:43:21Z">
      <class name="com.mkyong.busonfiscal.LeyendasFiscalesTest">
        <test-method status="PASS" signature="initiaLiseBrowser()[pri:0, instance:com.mkyong.busonfiscal.LeyendasFiscalesTest@3b0090a4]" name="initiaLiseBrowser" is-config="true" duration-ms="6170" started-at="2020-08-25T12:43:00Z" finished-at="2020-08-25T12:43:06Z">
          <reporter-output>
          </reporter-output>
        </test-method> <!-- initiaLiseBrowser -->
        <test-method status="PASS" signature="leyendas1()[pri:0, instance:com.mkyong.busonfiscal.LeyendasFiscalesTest@3b0090a4]" name="leyendas1" duration-ms="14883" started-at="2020-08-25T12:43:06Z" finished-at="2020-08-25T12:43:21Z">
          <reporter-output>
          </reporter-output>
        </test-method> <!-- leyendas1 -->
        <test-method status="PASS" signature="closeBrowser()[pri:0, instance:com.mkyong.busonfiscal.LeyendasFiscalesTest@3b0090a4]" name="closeBrowser" is-config="true" duration-ms="154" started-at="2020-08-25T12:43:21Z" finished-at="2020-08-25T12:43:21Z">
          <reporter-output>
          </reporter-output>
        </test-method> <!-- closeBrowser -->
      </class> <!-- com.mkyong.busonfiscal.LeyendasFiscalesTest -->
    </test> <!-- Factura7 -->
    <test name="Factura8" duration-ms="21931" started-at="2020-08-25T12:43:21Z" finished-at="2020-08-25T12:43:43Z">
      <class name="com.mkyong.busonfiscal.ServiciosParcealesDeContruccionTest">
        <test-method status="PASS" signature="initiaLiseBrowser()[pri:0, instance:com.mkyong.busonfiscal.ServiciosParcealesDeContruccionTest@6ed3ccb2]" name="initiaLiseBrowser" is-config="true" duration-ms="6041" started-at="2020-08-25T12:43:21Z" finished-at="2020-08-25T12:43:27Z">
          <reporter-output>
          </reporter-output>
        </test-method> <!-- initiaLiseBrowser -->
        <test-method status="PASS" signature="serviciosParcealesDeConstrucion()[pri:0, instance:com.mkyong.busonfiscal.ServiciosParcealesDeContruccionTest@6ed3ccb2]" name="serviciosParcealesDeConstrucion" duration-ms="15706" started-at="2020-08-25T12:43:27Z" finished-at="2020-08-25T12:43:43Z">
          <reporter-output>
          </reporter-output>
        </test-method> <!-- serviciosParcealesDeConstrucion -->
        <test-method status="PASS" signature="closeBrowser()[pri:0, instance:com.mkyong.busonfiscal.ServiciosParcealesDeContruccionTest@6ed3ccb2]" name="closeBrowser" is-config="true" duration-ms="183" started-at="2020-08-25T12:43:43Z" finished-at="2020-08-25T12:43:43Z">
          <reporter-output>
          </reporter-output>
        </test-method> <!-- closeBrowser -->
      </class> <!-- com.mkyong.busonfiscal.ServiciosParcealesDeContruccionTest -->
    </test> <!-- Factura8 -->
    <test name="Factura9" duration-ms="23287" started-at="2020-08-25T12:43:43Z" finished-at="2020-08-25T12:44:06Z">
      <class name="com.mkyong.busonfiscal.TuristaPasajeroExtranjeroTest">
        <test-method status="PASS" signature="initiaLiseBrowser()[pri:0, instance:com.mkyong.busonfiscal.TuristaPasajeroExtranjeroTest@3c9754d8]" name="initiaLiseBrowser" is-config="true" duration-ms="5936" started-at="2020-08-25T12:43:43Z" finished-at="2020-08-25T12:43:49Z">
          <reporter-output>
          </reporter-output>
        </test-method> <!-- initiaLiseBrowser -->
        <test-method status="PASS" signature="turistaPassajeroExtranjero()[pri:0, instance:com.mkyong.busonfiscal.TuristaPasajeroExtranjeroTest@3c9754d8]" name="turistaPassajeroExtranjero" duration-ms="17231" started-at="2020-08-25T12:43:49Z" finished-at="2020-08-25T12:44:06Z">
          <reporter-output>
          </reporter-output>
        </test-method> <!-- turistaPassajeroExtranjero -->
        <test-method status="PASS" signature="closeBrowser()[pri:0, instance:com.mkyong.busonfiscal.TuristaPasajeroExtranjeroTest@3c9754d8]" name="closeBrowser" is-config="true" duration-ms="119" started-at="2020-08-25T12:44:06Z" finished-at="2020-08-25T12:44:06Z">
          <reporter-output>
          </reporter-output>
        </test-method> <!-- closeBrowser -->
      </class> <!-- com.mkyong.busonfiscal.TuristaPasajeroExtranjeroTest -->
    </test> <!-- Factura9 -->
    <test name="Factura10" duration-ms="24117" started-at="2020-08-25T12:44:07Z" finished-at="2020-08-25T12:44:31Z">
      <class name="com.mkyong.busonfiscal.VehiculosUsadosTest">
        <test-method status="PASS" signature="initiaLiseBrowser()[pri:0, instance:com.mkyong.busonfiscal.VehiculosUsadosTest@26794848]" name="initiaLiseBrowser" is-config="true" duration-ms="5609" started-at="2020-08-25T12:44:07Z" finished-at="2020-08-25T12:44:12Z">
          <reporter-output>
          </reporter-output>
        </test-method> <!-- initiaLiseBrowser -->
        <test-method status="PASS" signature="vehiculosUsados()[pri:0, instance:com.mkyong.busonfiscal.VehiculosUsadosTest@26794848]" name="vehiculosUsados" duration-ms="18185" started-at="2020-08-25T12:44:12Z" finished-at="2020-08-25T12:44:30Z">
          <reporter-output>
          </reporter-output>
        </test-method> <!-- vehiculosUsados -->
        <test-method status="PASS" signature="closeBrowser()[pri:0, instance:com.mkyong.busonfiscal.VehiculosUsadosTest@26794848]" name="closeBrowser" is-config="true" duration-ms="322" started-at="2020-08-25T12:44:30Z" finished-at="2020-08-25T12:44:31Z">
          <reporter-output>
          </reporter-output>
        </test-method> <!-- closeBrowser -->
      </class> <!-- com.mkyong.busonfiscal.VehiculosUsadosTest -->
    </test> <!-- Factura10 -->
    <test name="Factura11" duration-ms="22080" started-at="2020-08-25T12:44:31Z" finished-at="2020-08-25T12:44:53Z">
      <class name="com.mkyong.busonfiscal.VentaDeVehiculosTest">
        <test-method status="PASS" signature="initiaLiseBrowser()[pri:0, instance:com.mkyong.busonfiscal.VentaDeVehiculosTest@ba2f4ec]" name="initiaLiseBrowser" is-config="true" duration-ms="7013" started-at="2020-08-25T12:44:31Z" finished-at="2020-08-25T12:44:38Z">
          <reporter-output>
          </reporter-output>
        </test-method> <!-- initiaLiseBrowser -->
        <test-method status="PASS" signature="ventaDeVehiculos()[pri:0, instance:com.mkyong.busonfiscal.VentaDeVehiculosTest@ba2f4ec]" name="ventaDeVehiculos" duration-ms="14917" started-at="2020-08-25T12:44:38Z" finished-at="2020-08-25T12:44:53Z">
          <reporter-output>
          </reporter-output>
        </test-method> <!-- ventaDeVehiculos -->
        <test-method status="PASS" signature="closeBrowser()[pri:0, instance:com.mkyong.busonfiscal.VentaDeVehiculosTest@ba2f4ec]" name="closeBrowser" is-config="true" duration-ms="149" started-at="2020-08-25T12:44:53Z" finished-at="2020-08-25T12:44:53Z">
          <reporter-output>
          </reporter-output>
        </test-method> <!-- closeBrowser -->
      </class> <!-- com.mkyong.busonfiscal.VentaDeVehiculosTest -->
    </test> <!-- Factura11 -->
    <test name="Factura12" duration-ms="29435" started-at="2020-08-25T12:44:53Z" finished-at="2020-08-25T12:45:22Z">
      <class name="com.mkyong.busonfiscal.DonativosTest">
        <test-method status="PASS" signature="initiaLiseBrowser()[pri:0, instance:com.mkyong.busonfiscal.DonativosTest@24269709]" name="initiaLiseBrowser" is-config="true" duration-ms="11197" started-at="2020-08-25T12:44:53Z" finished-at="2020-08-25T12:45:04Z">
          <reporter-output>
          </reporter-output>
        </test-method> <!-- initiaLiseBrowser -->
        <test-method status="PASS" signature="donativosSimples()[pri:0, instance:com.mkyong.busonfiscal.DonativosTest@24269709]" name="donativosSimples" duration-ms="18044" started-at="2020-08-25T12:45:04Z" finished-at="2020-08-25T12:45:22Z">
          <reporter-output>
          </reporter-output>
        </test-method> <!-- donativosSimples -->
        <test-method status="PASS" signature="closeBrowser()[pri:0, instance:com.mkyong.busonfiscal.DonativosTest@24269709]" name="closeBrowser" is-config="true" duration-ms="194" started-at="2020-08-25T12:45:22Z" finished-at="2020-08-25T12:45:22Z">
          <reporter-output>
          </reporter-output>
        </test-method> <!-- closeBrowser -->
      </class> <!-- com.mkyong.busonfiscal.DonativosTest -->
    </test> <!-- Factura12 -->
    <test name="Factura13" duration-ms="32517" started-at="2020-08-25T12:45:22Z" finished-at="2020-08-25T12:45:55Z">
      <class name="com.mkyong.busonfiscal.NotariosPublicosTest">
        <test-method status="PASS" signature="initiaLiseBrowser()[pri:0, instance:com.mkyong.busonfiscal.NotariosPublicosTest@b3ca52e]" name="initiaLiseBrowser" is-config="true" duration-ms="8682" started-at="2020-08-25T12:45:22Z" finished-at="2020-08-25T12:45:31Z">
          <reporter-output>
          </reporter-output>
        </test-method> <!-- initiaLiseBrowser -->
        <test-method status="PASS" signature="notariosPublicos1()[pri:0, instance:com.mkyong.busonfiscal.NotariosPublicosTest@b3ca52e]" name="notariosPublicos1" duration-ms="23316" started-at="2020-08-25T12:45:31Z" finished-at="2020-08-25T12:45:54Z">
          <reporter-output>
          </reporter-output>
        </test-method> <!-- notariosPublicos1 -->
        <test-method status="PASS" signature="closeBrowser()[pri:0, instance:com.mkyong.busonfiscal.NotariosPublicosTest@b3ca52e]" name="closeBrowser" is-config="true" duration-ms="519" started-at="2020-08-25T12:45:54Z" finished-at="2020-08-25T12:45:55Z">
          <reporter-output>
          </reporter-output>
        </test-method> <!-- closeBrowser -->
      </class> <!-- com.mkyong.busonfiscal.NotariosPublicosTest -->
    </test> <!-- Factura13 -->
    <test name="Factura14" duration-ms="29248" started-at="2020-08-25T12:45:55Z" finished-at="2020-08-25T12:46:24Z">
      <class name="com.mkyong.busonfiscal.ObrasDeArteYAtenguedadTest">
        <test-method status="PASS" signature="initiaLiseBrowser()[pri:0, instance:com.mkyong.busonfiscal.ObrasDeArteYAtenguedadTest@6ad82709]" name="initiaLiseBrowser" is-config="true" duration-ms="9099" started-at="2020-08-25T12:45:55Z" finished-at="2020-08-25T12:46:04Z">
          <reporter-output>
          </reporter-output>
        </test-method> <!-- initiaLiseBrowser -->
        <test-method status="PASS" signature="obrasArtesAnteguedad1()[pri:0, instance:com.mkyong.busonfiscal.ObrasDeArteYAtenguedadTest@6ad82709]" name="obrasArtesAnteguedad1" duration-ms="20037" started-at="2020-08-25T12:46:04Z" finished-at="2020-08-25T12:46:24Z">
          <reporter-output>
          </reporter-output>
        </test-method> <!-- obrasArtesAnteguedad1 -->
        <test-method status="PASS" signature="closeBrowser()[pri:0, instance:com.mkyong.busonfiscal.ObrasDeArteYAtenguedadTest@6ad82709]" name="closeBrowser" is-config="true" duration-ms="111" started-at="2020-08-25T12:46:24Z" finished-at="2020-08-25T12:46:24Z">
          <reporter-output>
          </reporter-output>
        </test-method> <!-- closeBrowser -->
      </class> <!-- com.mkyong.busonfiscal.ObrasDeArteYAtenguedadTest -->
    </test> <!-- Factura14 -->
    <test name="Factura15" duration-ms="29984" started-at="2020-08-25T12:46:24Z" finished-at="2020-08-25T12:46:54Z">
      <class name="com.mkyong.busonfiscal.PagoEnEspeciesTest">
        <test-method status="PASS" signature="initiaLiseBrowser()[pri:0, instance:com.mkyong.busonfiscal.PagoEnEspeciesTest@fa4c865]" name="initiaLiseBrowser" is-config="true" duration-ms="10643" started-at="2020-08-25T12:46:24Z" finished-at="2020-08-25T12:46:35Z">
          <reporter-output>
          </reporter-output>
        </test-method> <!-- initiaLiseBrowser -->
        <test-method status="PASS" signature="pagoEnEspecies1()[pri:0, instance:com.mkyong.busonfiscal.PagoEnEspeciesTest@fa4c865]" name="pagoEnEspecies1" duration-ms="19171" started-at="2020-08-25T12:46:35Z" finished-at="2020-08-25T12:46:54Z">
          <reporter-output>
          </reporter-output>
        </test-method> <!-- pagoEnEspecies1 -->
        <test-method status="PASS" signature="closeBrowser()[pri:0, instance:com.mkyong.busonfiscal.PagoEnEspeciesTest@fa4c865]" name="closeBrowser" is-config="true" duration-ms="169" started-at="2020-08-25T12:46:54Z" finished-at="2020-08-25T12:46:54Z">
          <reporter-output>
          </reporter-output>
        </test-method> <!-- closeBrowser -->
      </class> <!-- com.mkyong.busonfiscal.PagoEnEspeciesTest -->
    </test> <!-- Factura15 -->
    <test name="Factura17" duration-ms="27036" started-at="2020-08-25T12:46:54Z" finished-at="2020-08-25T12:47:21Z">
      <class name="com.mkyong.busonfiscal.PersonasFisicasIntegranteDeCoordinacionTest">
        <test-method status="PASS" signature="initiaLiseBrowser()[pri:0, instance:com.mkyong.busonfiscal.PersonasFisicasIntegranteDeCoordinacionTest@24313fcc]" name="initiaLiseBrowser" is-config="true" duration-ms="9279" started-at="2020-08-25T12:46:54Z" finished-at="2020-08-25T12:47:04Z">
          <reporter-output>
          </reporter-output>
        </test-method> <!-- initiaLiseBrowser -->
        <test-method status="PASS" signature="personasFisicas1()[pri:0, instance:com.mkyong.busonfiscal.PersonasFisicasIntegranteDeCoordinacionTest@24313fcc]" name="personasFisicas1" duration-ms="17298" started-at="2020-08-25T12:47:04Z" finished-at="2020-08-25T12:47:21Z">
          <reporter-output>
          </reporter-output>
        </test-method> <!-- personasFisicas1 -->
        <test-method status="PASS" signature="closeBrowser()[pri:0, instance:com.mkyong.busonfiscal.PersonasFisicasIntegranteDeCoordinacionTest@24313fcc]" name="closeBrowser" is-config="true" duration-ms="459" started-at="2020-08-25T12:47:21Z" finished-at="2020-08-25T12:47:21Z">
          <reporter-output>
          </reporter-output>
        </test-method> <!-- closeBrowser -->
      </class> <!-- com.mkyong.busonfiscal.PersonasFisicasIntegranteDeCoordinacionTest -->
    </test> <!-- Factura17 -->
    <test name="Factura18" duration-ms="51306" started-at="2020-08-25T12:47:22Z" finished-at="2020-08-25T12:48:13Z">
      <class name="com.mkyong.busonfiscal.FacturaAdendaMultiAssistenciaTest">
        <test-method status="PASS" signature="initiaLiseBrowser()[pri:0, instance:com.mkyong.busonfiscal.FacturaAdendaMultiAssistenciaTest@55b0dcab]" name="initiaLiseBrowser" is-config="true" duration-ms="12885" started-at="2020-08-25T12:47:22Z" finished-at="2020-08-25T12:47:35Z">
          <reporter-output>
          </reporter-output>
        </test-method> <!-- initiaLiseBrowser -->
        <test-method status="FAIL" signature="facturaAdendaMultiAssistencia()[pri:0, instance:com.mkyong.busonfiscal.FacturaAdendaMultiAssistenciaTest@55b0dcab]" name="facturaAdendaMultiAssistencia" duration-ms="36848" started-at="2020-08-25T12:47:35Z" finished-at="2020-08-25T12:48:11Z">
          <exception class="org.openqa.selenium.TimeoutException">
            <message>
              <![CDATA[Expected condition failed: waiting for visibility of element located by By.xpath: //div[contains(text(),'Documento emitido correctamente.')] (tried for 15 second(s) with 500 milliseconds interval)]]>
            </message>
            <full-stacktrace>
              <![CDATA[org.openqa.selenium.TimeoutException: Expected condition failed: waiting for visibility of element located by By.xpath: //div[contains(text(),'Documento emitido correctamente.')] (tried for 15 second(s) with 500 milliseconds interval)
at org.openqa.selenium.support.ui.WebDriverWait.timeoutException(WebDriverWait.java:95)
at org.openqa.selenium.support.ui.FluentWait.until(FluentWait.java:272)
at com.mkyong.busonfiscal.FacturaAdendaMultiAssistenciaTest.facturaAdendaMultiAssistencia(FacturaAdendaMultiAssistenciaTest.java:110)
at sun.reflect.NativeMethodAccessorImpl.invoke0(Native Method)
at sun.reflect.NativeMethodAccessorImpl.invoke(NativeMethodAccessorImpl.java:62)
at sun.reflect.DelegatingMethodAccessorImpl.invoke(DelegatingMethodAccessorImpl.java:43)
at java.lang.reflect.Method.invoke(Method.java:498)
at org.testng.internal.MethodInvocationHelper.invokeMethod(MethodInvocationHelper.java:124)
at org.testng.internal.Invoker.invokeMethod(Invoker.java:583)
at org.testng.internal.Invoker.invokeTestMethod(Invoker.java:719)
at org.testng.internal.Invoker.invokeTestMethods(Invoker.java:989)
at org.testng.internal.TestMethodWorker.invokeTestMethods(TestMethodWorker.java:125)
at org.testng.internal.TestMethodWorker.run(TestMethodWorker.java:109)
at org.testng.TestRunner.privateRun(TestRunner.java:648)
at org.testng.TestRunner.run(TestRunner.java:505)
at org.testng.SuiteRunner.runTest(SuiteRunner.java:455)
at org.testng.SuiteRunner.runSequentially(SuiteRunner.java:450)
at org.testng.SuiteRunner.privateRun(SuiteRunner.java:415)
at org.testng.SuiteRunner.run(SuiteRunner.java:364)
at org.testng.SuiteRunnerWorker.runSuite(SuiteRunnerWorker.java:52)
at org.testng.SuiteRunnerWorker.run(SuiteRunnerWorker.java:84)
at org.testng.TestNG.runSuitesSequentially(TestNG.java:1208)
at org.testng.TestNG.runSuitesLocally(TestNG.java:1137)
at org.testng.TestNG.runSuites(TestNG.java:1049)
at org.testng.TestNG.run(TestNG.java:1017)
at org.apache.maven.surefire.testng.TestNGExecutor.run(TestNGExecutor.java:283)
at org.apache.maven.surefire.testng.TestNGXmlTestSuite.execute(TestNGXmlTestSuite.java:75)
at org.apache.maven.surefire.testng.TestNGProvider.invoke(TestNGProvider.java:120)
at org.apache.maven.surefire.booter.ForkedBooter.runSuitesInProcess(ForkedBooter.java:377)
at org.apache.maven.surefire.booter.ForkedBooter.execute(ForkedBooter.java:138)
at org.apache.maven.surefire.booter.ForkedBooter.run(ForkedBooter.java:465)
at org.apache.maven.surefire.booter.ForkedBooter.main(ForkedBooter.java:451)
Caused by: org.openqa.selenium.NoSuchElementException: no such element: Unable to locate element: {"method":"xpath","selector":"//div[contains(text(),'Documento emitido correctamente.')]"}
  (Session info: chrome=84.0.4147.135)
For documentation on this error, please visit: https://www.seleniumhq.org/exceptions/no_such_element.html
Build info: version: '3.141.59', revision: 'e82be7d358', time: '2018-11-14T08:17:03'
System info: host: 'Lisandro-Silva.local', ip: '127.0.0.1', os.name: 'Mac OS X', os.arch: 'x86_64', os.version: '10.15.2', java.version: '1.8.0_251'
Driver info: org.openqa.selenium.chrome.ChromeDriver
Capabilities {acceptInsecureCerts: false, browserName: chrome, browserVersion: 84.0.4147.135, chrome: {chromedriverVersion: 84.0.4147.30 (48b3e868b4cc0..., userDataDir: /var/folders/zd/xs0gg_pd749...}, goog:chromeOptions: {debuggerAddress: localhost:51501}, javascriptEnabled: true, networkConnectionEnabled: false, pageLoadStrategy: normal, platform: MAC, platformName: MAC, proxy: Proxy(), setWindowRect: true, strictFileInteractability: false, timeouts: {implicit: 0, pageLoad: 300000, script: 30000}, unhandledPromptBehavior: dismiss and notify, webauthn:virtualAuthenticators: true}
Session ID: 65cf1fe08acf74830129191e0a71c2da
*** Element info: {Using=xpath, value=//div[contains(text(),'Documento emitido correctamente.')]}
at sun.reflect.NativeConstructorAccessorImpl.newInstance0(Native Method)
at sun.reflect.NativeConstructorAccessorImpl.newInstance(NativeConstructorAccessorImpl.java:62)
at sun.reflect.DelegatingConstructorAccessorImpl.newInstance(DelegatingConstructorAccessorImpl.java:45)
at java.lang.reflect.Constructor.newInstance(Constructor.java:423)
at org.openqa.selenium.remote.http.W3CHttpResponseCodec.createException(W3CHttpResponseCodec.java:187)
at org.openqa.selenium.remote.http.W3CHttpResponseCodec.decode(W3CHttpResponseCodec.java:122)
at org.openqa.selenium.remote.http.W3CHttpResponseCodec.decode(W3CHttpResponseCodec.java:49)
at org.openqa.selenium.remote.HttpCommandExecutor.execute(HttpCommandExecutor.java:158)
at org.openqa.selenium.remote.service.DriverCommandExecutor.execute(DriverCommandExecutor.java:83)
at org.openqa.selenium.remote.RemoteWebDriver.execute(RemoteWebDriver.java:552)
at org.openqa.selenium.remote.RemoteWebDriver.findElement(RemoteWebDriver.java:323)
at org.openqa.selenium.remote.RemoteWebDriver.findElementByXPath(RemoteWebDriver.java:428)
at org.openqa.selenium.By$ByXPath.findElement(By.java:353)
at org.openqa.selenium.remote.RemoteWebDriver.findElement(RemoteWebDriver.java:315)
at org.openqa.selenium.support.ui.ExpectedConditions$7.apply(ExpectedConditions.java:205)
at org.openqa.selenium.support.ui.ExpectedConditions$7.apply(ExpectedConditions.java:201)
at org.openqa.selenium.support.ui.FluentWait.until(FluentWait.java:249)
... 30 more
]]>
            </full-stacktrace>
          </exception> <!-- org.openqa.selenium.TimeoutException -->
          <reporter-output>
          </reporter-output>
        </test-method> <!-- facturaAdendaMultiAssistencia -->
        <test-method status="PASS" signature="closeBrowser()[pri:0, instance:com.mkyong.busonfiscal.FacturaAdendaMultiAssistenciaTest@55b0dcab]" name="closeBrowser" is-config="true" duration-ms="113" started-at="2020-08-25T12:48:13Z" finished-at="2020-08-25T12:48:13Z">
          <reporter-output>
          </reporter-output>
        </test-method> <!-- closeBrowser -->
      </class> <!-- com.mkyong.busonfiscal.FacturaAdendaMultiAssistenciaTest -->
    </test> <!-- Factura18 -->
    <test name="Factura22" duration-ms="44375" started-at="2020-08-25T12:48:13Z" finished-at="2020-08-25T12:48:57Z">
      <class name="com.mkyong.busonfiscal.detail.FacturaBasicaDetailTest">
        <test-method status="PASS" signature="initiaLiseBrowser()[pri:0, instance:com.mkyong.busonfiscal.detail.FacturaBasicaDetailTest@20d525]" name="initiaLiseBrowser" is-config="true" duration-ms="10576" started-at="2020-08-25T12:48:13Z" finished-at="2020-08-25T12:48:24Z">
          <reporter-output>
          </reporter-output>
        </test-method> <!-- initiaLiseBrowser -->
        <test-method status="PASS" signature="facturaBasicaDetail()[pri:0, instance:com.mkyong.busonfiscal.detail.FacturaBasicaDetailTest@20d525]" name="facturaBasicaDetail" duration-ms="33634" started-at="2020-08-25T12:48:24Z" finished-at="2020-08-25T12:48:57Z">
          <reporter-output>
          </reporter-output>
        </test-method> <!-- facturaBasicaDetail -->
        <test-method status="PASS" signature="closeBrowser()[pri:0, instance:com.mkyong.busonfiscal.detail.FacturaBasicaDetailTest@20d525]" name="closeBrowser" is-config="true" duration-ms="165" started-at="2020-08-25T12:48:57Z" finished-at="2020-08-25T12:48:57Z">
          <reporter-output>
          </reporter-output>
        </test-method> <!-- closeBrowser -->
      </class> <!-- com.mkyong.busonfiscal.detail.FacturaBasicaDetailTest -->
    </test> <!-- Factura22 -->
    <test name="Factura23" duration-ms="64947" started-at="2020-08-25T12:48:58Z" finished-at="2020-08-25T12:50:03Z">
      <class name="com.mkyong.busonfiscal.detail.FacturaBasicaDetailTest2">
        <test-method status="PASS" signature="initiaLiseBrowser()[pri:0, instance:com.mkyong.busonfiscal.detail.FacturaBasicaDetailTest2@7dc0f706]" name="initiaLiseBrowser" is-config="true" duration-ms="18483" started-at="2020-08-25T12:48:58Z" finished-at="2020-08-25T12:49:16Z">
          <reporter-output>
          </reporter-output>
        </test-method> <!-- initiaLiseBrowser -->
        <test-method status="PASS" signature="facturaBasicaDetail2()[pri:0, instance:com.mkyong.busonfiscal.detail.FacturaBasicaDetailTest2@7dc0f706]" name="facturaBasicaDetail2" duration-ms="46130" started-at="2020-08-25T12:49:16Z" finished-at="2020-08-25T12:50:02Z">
          <reporter-output>
          </reporter-output>
        </test-method> <!-- facturaBasicaDetail2 -->
        <test-method status="PASS" signature="closeBrowser()[pri:0, instance:com.mkyong.busonfiscal.detail.FacturaBasicaDetailTest2@7dc0f706]" name="closeBrowser" is-config="true" duration-ms="333" started-at="2020-08-25T12:50:02Z" finished-at="2020-08-25T12:50:03Z">
          <reporter-output>
          </reporter-output>
        </test-method> <!-- closeBrowser -->
      </class> <!-- com.mkyong.busonfiscal.detail.FacturaBasicaDetailTest2 -->
    </test> <!-- Factura23 -->
    <test name="Factura24" duration-ms="47536" started-at="2020-08-25T12:50:03Z" finished-at="2020-08-25T12:50:50Z">
      <class name="com.mkyong.busonfiscal.detail.FacturaCartaPorteDetailTest">
        <test-method status="PASS" signature="initiaLiseBrowser()[pri:0, instance:com.mkyong.busonfiscal.detail.FacturaCartaPorteDetailTest@4988d8b8]" name="initiaLiseBrowser" is-config="true" duration-ms="21674" started-at="2020-08-25T12:50:03Z" finished-at="2020-08-25T12:50:25Z">
          <reporter-output>
          </reporter-output>
        </test-method> <!-- initiaLiseBrowser -->
        <test-method status="PASS" signature="facturaCartaPorteDetail()[pri:0, instance:com.mkyong.busonfiscal.detail.FacturaCartaPorteDetailTest@4988d8b8]" name="facturaCartaPorteDetail" duration-ms="24699" started-at="2020-08-25T12:50:25Z" finished-at="2020-08-25T12:50:49Z">
          <reporter-output>
          </reporter-output>
        </test-method> <!-- facturaCartaPorteDetail -->
        <test-method status="PASS" signature="closeBrowser()[pri:0, instance:com.mkyong.busonfiscal.detail.FacturaCartaPorteDetailTest@4988d8b8]" name="closeBrowser" is-config="true" duration-ms="1162" started-at="2020-08-25T12:50:49Z" finished-at="2020-08-25T12:50:50Z">
          <reporter-output>
          </reporter-output>
        </test-method> <!-- closeBrowser -->
      </class> <!-- com.mkyong.busonfiscal.detail.FacturaCartaPorteDetailTest -->
    </test> <!-- Factura24 -->
    <test name="Factura25" duration-ms="61060" started-at="2020-08-25T12:50:51Z" finished-at="2020-08-25T12:51:52Z">
      <class name="com.mkyong.busonfiscal.detail.FacturaCartaPorteDetailTest2">
        <test-method status="PASS" signature="initiaLiseBrowser()[pri:0, instance:com.mkyong.busonfiscal.detail.FacturaCartaPorteDetailTest2@17f7cd29]" name="initiaLiseBrowser" is-config="true" duration-ms="21035" started-at="2020-08-25T12:50:51Z" finished-at="2020-08-25T12:51:12Z">
          <reporter-output>
          </reporter-output>
        </test-method> <!-- initiaLiseBrowser -->
        <test-method status="FAIL" signature="facturaCartaPorteDetail2()[pri:0, instance:com.mkyong.busonfiscal.detail.FacturaCartaPorteDetailTest2@17f7cd29]" name="facturaCartaPorteDetail2" duration-ms="38129" started-at="2020-08-25T12:51:12Z" finished-at="2020-08-25T12:51:50Z">
          <exception class="org.openqa.selenium.TimeoutException">
            <message>
              <![CDATA[Expected condition failed: waiting for visibility of element located by By.xpath: //div[contains(text(),'Documento emitido correctamente.')] (tried for 10 second(s) with 500 milliseconds interval)]]>
            </message>
            <full-stacktrace>
              <![CDATA[org.openqa.selenium.TimeoutException: Expected condition failed: waiting for visibility of element located by By.xpath: //div[contains(text(),'Documento emitido correctamente.')] (tried for 10 second(s) with 500 milliseconds interval)
at org.openqa.selenium.support.ui.WebDriverWait.timeoutException(WebDriverWait.java:95)
at org.openqa.selenium.support.ui.FluentWait.until(FluentWait.java:272)
at com.mkyong.busonfiscal.detail.FacturaCartaPorteDetailTest2.facturaCartaPorteDetail2(FacturaCartaPorteDetailTest2.java:199)
at sun.reflect.NativeMethodAccessorImpl.invoke0(Native Method)
at sun.reflect.NativeMethodAccessorImpl.invoke(NativeMethodAccessorImpl.java:62)
at sun.reflect.DelegatingMethodAccessorImpl.invoke(DelegatingMethodAccessorImpl.java:43)
at java.lang.reflect.Method.invoke(Method.java:498)
at org.testng.internal.MethodInvocationHelper.invokeMethod(MethodInvocationHelper.java:124)
at org.testng.internal.Invoker.invokeMethod(Invoker.java:583)
at org.testng.internal.Invoker.invokeTestMethod(Invoker.java:719)
at org.testng.internal.Invoker.invokeTestMethods(Invoker.java:989)
at org.testng.internal.TestMethodWorker.invokeTestMethods(TestMethodWorker.java:125)
at org.testng.internal.TestMethodWorker.run(TestMethodWorker.java:109)
at org.testng.TestRunner.privateRun(TestRunner.java:648)
at org.testng.TestRunner.run(TestRunner.java:505)
at org.testng.SuiteRunner.runTest(SuiteRunner.java:455)
at org.testng.SuiteRunner.runSequentially(SuiteRunner.java:450)
at org.testng.SuiteRunner.privateRun(SuiteRunner.java:415)
at org.testng.SuiteRunner.run(SuiteRunner.java:364)
at org.testng.SuiteRunnerWorker.runSuite(SuiteRunnerWorker.java:52)
at org.testng.SuiteRunnerWorker.run(SuiteRunnerWorker.java:84)
at org.testng.TestNG.runSuitesSequentially(TestNG.java:1208)
at org.testng.TestNG.runSuitesLocally(TestNG.java:1137)
at org.testng.TestNG.runSuites(TestNG.java:1049)
at org.testng.TestNG.run(TestNG.java:1017)
at org.apache.maven.surefire.testng.TestNGExecutor.run(TestNGExecutor.java:283)
at org.apache.maven.surefire.testng.TestNGXmlTestSuite.execute(TestNGXmlTestSuite.java:75)
at org.apache.maven.surefire.testng.TestNGProvider.invoke(TestNGProvider.java:120)
at org.apache.maven.surefire.booter.ForkedBooter.runSuitesInProcess(ForkedBooter.java:377)
at org.apache.maven.surefire.booter.ForkedBooter.execute(ForkedBooter.java:138)
at org.apache.maven.surefire.booter.ForkedBooter.run(ForkedBooter.java:465)
at org.apache.maven.surefire.booter.ForkedBooter.main(ForkedBooter.java:451)
Caused by: org.openqa.selenium.NoSuchElementException: no such element: Unable to locate element: {"method":"xpath","selector":"//div[contains(text(),'Documento emitido correctamente.')]"}
  (Session info: chrome=84.0.4147.135)
For documentation on this error, please visit: https://www.seleniumhq.org/exceptions/no_such_element.html
Build info: version: '3.141.59', revision: 'e82be7d358', time: '2018-11-14T08:17:03'
System info: host: 'Lisandro-Silva.local', ip: '127.0.0.1', os.name: 'Mac OS X', os.arch: 'x86_64', os.version: '10.15.2', java.version: '1.8.0_251'
Driver info: org.openqa.selenium.chrome.ChromeDriver
Capabilities {acceptInsecureCerts: false, browserName: chrome, browserVersion: 84.0.4147.135, chrome: {chromedriverVersion: 84.0.4147.30 (48b3e868b4cc0..., userDataDir: /var/folders/zd/xs0gg_pd749...}, goog:chromeOptions: {debuggerAddress: localhost:51653}, javascriptEnabled: true, networkConnectionEnabled: false, pageLoadStrategy: normal, platform: MAC, platformName: MAC, proxy: Proxy(), setWindowRect: true, strictFileInteractability: false, timeouts: {implicit: 0, pageLoad: 300000, script: 30000}, unhandledPromptBehavior: dismiss and notify, webauthn:virtualAuthenticators: true}
Session ID: 4eb2b6455d05227b5e0689d3c1f777c5
*** Element info: {Using=xpath, value=//div[contains(text(),'Documento emitido correctamente.')]}
at sun.reflect.NativeConstructorAccessorImpl.newInstance0(Native Method)
at sun.reflect.NativeConstructorAccessorImpl.newInstance(NativeConstructorAccessorImpl.java:62)
at sun.reflect.DelegatingConstructorAccessorImpl.newInstance(DelegatingConstructorAccessorImpl.java:45)
at java.lang.reflect.Constructor.newInstance(Constructor.java:423)
at org.openqa.selenium.remote.http.W3CHttpResponseCodec.createException(W3CHttpResponseCodec.java:187)
at org.openqa.selenium.remote.http.W3CHttpResponseCodec.decode(W3CHttpResponseCodec.java:122)
at org.openqa.selenium.remote.http.W3CHttpResponseCodec.decode(W3CHttpResponseCodec.java:49)
at org.openqa.selenium.remote.HttpCommandExecutor.execute(HttpCommandExecutor.java:158)
at org.openqa.selenium.remote.service.DriverCommandExecutor.execute(DriverCommandExecutor.java:83)
at org.openqa.selenium.remote.RemoteWebDriver.execute(RemoteWebDriver.java:552)
at org.openqa.selenium.remote.RemoteWebDriver.findElement(RemoteWebDriver.java:323)
at org.openqa.selenium.remote.RemoteWebDriver.findElementByXPath(RemoteWebDriver.java:428)
at org.openqa.selenium.By$ByXPath.findElement(By.java:353)
at org.openqa.selenium.remote.RemoteWebDriver.findElement(RemoteWebDriver.java:315)
at org.openqa.selenium.support.ui.ExpectedConditions$7.apply(ExpectedConditions.java:205)
at org.openqa.selenium.support.ui.ExpectedConditions$7.apply(ExpectedConditions.java:201)
at org.openqa.selenium.support.ui.FluentWait.until(FluentWait.java:249)
... 30 more
]]>
            </full-stacktrace>
          </exception> <!-- org.openqa.selenium.TimeoutException -->
          <reporter-output>
          </reporter-output>
        </test-method> <!-- facturaCartaPorteDetail2 -->
        <test-method status="PASS" signature="closeBrowser()[pri:0, instance:com.mkyong.busonfiscal.detail.FacturaCartaPorteDetailTest2@17f7cd29]" name="closeBrowser" is-config="true" duration-ms="310" started-at="2020-08-25T12:51:51Z" finished-at="2020-08-25T12:51:52Z">
          <reporter-output>
          </reporter-output>
        </test-method> <!-- closeBrowser -->
      </class> <!-- com.mkyong.busonfiscal.detail.FacturaCartaPorteDetailTest2 -->
    </test> <!-- Factura25 -->
    <test name="Factura26" duration-ms="40115" started-at="2020-08-25T12:51:52Z" finished-at="2020-08-25T12:52:32Z">
      <class name="com.mkyong.busonfiscal.detail.FacturaPagoDetailTest2">
        <test-method status="PASS" signature="initiaLiseBrowser()[pri:0, instance:com.mkyong.busonfiscal.detail.FacturaPagoDetailTest2@1e66f1f5]" name="initiaLiseBrowser" is-config="true" duration-ms="9733" started-at="2020-08-25T12:51:52Z" finished-at="2020-08-25T12:52:02Z">
          <reporter-output>
          </reporter-output>
        </test-method> <!-- initiaLiseBrowser -->
        <test-method status="PASS" signature="facturaDetallistaDetail2()[pri:0, instance:com.mkyong.busonfiscal.detail.FacturaPagoDetailTest2@1e66f1f5]" name="facturaDetallistaDetail2" duration-ms="29756" started-at="2020-08-25T12:52:02Z" finished-at="2020-08-25T12:52:31Z">
          <reporter-output>
          </reporter-output>
        </test-method> <!-- facturaDetallistaDetail2 -->
        <test-method status="PASS" signature="closeBrowser()[pri:0, instance:com.mkyong.busonfiscal.detail.FacturaPagoDetailTest2@1e66f1f5]" name="closeBrowser" is-config="true" duration-ms="624" started-at="2020-08-25T12:52:31Z" finished-at="2020-08-25T12:52:32Z">
          <reporter-output>
          </reporter-output>
        </test-method> <!-- closeBrowser -->
      </class> <!-- com.mkyong.busonfiscal.detail.FacturaPagoDetailTest2 -->
    </test> <!-- Factura26 -->
    <test name="Nomina" duration-ms="46232" started-at="2020-08-25T12:52:32Z" finished-at="2020-08-25T12:53:18Z">
      <class name="com.mkyong.nomina.NominaFiscalDescargaTest">
        <test-method status="PASS" signature="initiaLiseBrowser()[pri:0, instance:com.mkyong.nomina.NominaFiscalDescargaTest@5aebe890]" name="initiaLiseBrowser" is-config="true" duration-ms="16447" started-at="2020-08-25T12:52:32Z" finished-at="2020-08-25T12:52:49Z">
          <reporter-output>
          </reporter-output>
        </test-method> <!-- initiaLiseBrowser -->
        <test-method status="PASS" signature="nominaFiscalDescarga()[pri:0, instance:com.mkyong.nomina.NominaFiscalDescargaTest@5aebe890]" name="nominaFiscalDescarga" duration-ms="29679" started-at="2020-08-25T12:52:49Z" finished-at="2020-08-25T12:53:18Z">
          <reporter-output>
          </reporter-output>
        </test-method> <!-- nominaFiscalDescarga -->
        <test-method status="PASS" signature="closeBrowser()[pri:0, instance:com.mkyong.nomina.NominaFiscalDescargaTest@5aebe890]" name="closeBrowser" is-config="true" duration-ms="106" started-at="2020-08-25T12:53:18Z" finished-at="2020-08-25T12:53:18Z">
          <reporter-output>
          </reporter-output>
        </test-method> <!-- closeBrowser -->
      </class> <!-- com.mkyong.nomina.NominaFiscalDescargaTest -->
    </test> <!-- Nomina -->
    <test name="Nomina1" duration-ms="62957" started-at="2020-08-25T12:53:18Z" finished-at="2020-08-25T12:54:21Z">
      <class name="com.mkyong.nomina.NominaFiscalTest">
        <test-method status="PASS" signature="initiaLiseBrowser()[pri:0, instance:com.mkyong.nomina.NominaFiscalTest@45b4c3a9]" name="initiaLiseBrowser" is-config="true" duration-ms="4161" started-at="2020-08-25T12:53:18Z" finished-at="2020-08-25T12:53:23Z">
          <reporter-output>
          </reporter-output>
        </test-method> <!-- initiaLiseBrowser -->
        <test-method status="PASS" signature="nominaFiscal()[pri:0, instance:com.mkyong.nomina.NominaFiscalTest@45b4c3a9]" name="nominaFiscal" duration-ms="58682" started-at="2020-08-25T12:53:23Z" finished-at="2020-08-25T12:54:21Z">
          <reporter-output>
          </reporter-output>
        </test-method> <!-- nominaFiscal -->
        <test-method status="PASS" signature="closeBrowser()[pri:0, instance:com.mkyong.nomina.NominaFiscalTest@45b4c3a9]" name="closeBrowser" is-config="true" duration-ms="113" started-at="2020-08-25T12:54:21Z" finished-at="2020-08-25T12:54:21Z">
          <reporter-output>
          </reporter-output>
        </test-method> <!-- closeBrowser -->
      </class> <!-- com.mkyong.nomina.NominaFiscalTest -->
    </test> <!-- Nomina1 -->
    <test name="Gratis" duration-ms="21751" started-at="2020-08-25T12:54:22Z" finished-at="2020-08-25T12:54:43Z">
      <class name="com.mkyong.busongratis.FacturaBasicaGratisTest2">
        <test-method status="PASS" signature="initiaLiseBrowser()[pri:0, instance:com.mkyong.busongratis.FacturaBasicaGratisTest2@f79e]" name="initiaLiseBrowser" is-config="true" duration-ms="2801" started-at="2020-08-25T12:54:22Z" finished-at="2020-08-25T12:54:24Z">
          <reporter-output>
          </reporter-output>
        </test-method> <!-- initiaLiseBrowser -->
        <test-method status="FAIL" signature="facturaBasicaGratis2()[pri:0, instance:com.mkyong.busongratis.FacturaBasicaGratisTest2@f79e]" name="facturaBasicaGratis2" duration-ms="17274" started-at="2020-08-25T12:54:24Z" finished-at="2020-08-25T12:54:42Z">
          <exception class="org.openqa.selenium.NoSuchElementException">
            <message>
              <![CDATA[no such element: Unable to locate element: {"method":"css selector","selector":"[data-id='receipt_emitter_tax_regime']"}
  (Session info: chrome=84.0.4147.135)
For documentation on this error, please visit: https://www.seleniumhq.org/exceptions/no_such_element.html
Build info: version: '3.141.59', revision: 'e82be7d358', time: '2018-11-14T08:17:03'
System info: host: 'Lisandro-Silva.local', ip: '127.0.0.1', os.name: 'Mac OS X', os.arch: 'x86_64', os.version: '10.15.2', java.version: '1.8.0_251'
Driver info: org.openqa.selenium.chrome.ChromeDriver
Capabilities {acceptInsecureCerts: false, browserName: chrome, browserVersion: 84.0.4147.135, chrome: {chromedriverVersion: 84.0.4147.30 (48b3e868b4cc0..., userDataDir: /var/folders/zd/xs0gg_pd749...}, goog:chromeOptions: {debuggerAddress: localhost:51801}, javascriptEnabled: true, networkConnectionEnabled: false, pageLoadStrategy: normal, platform: MAC, platformName: MAC, proxy: Proxy(), setWindowRect: true, strictFileInteractability: false, timeouts: {implicit: 0, pageLoad: 300000, script: 30000}, unhandledPromptBehavior: dismiss and notify, webauthn:virtualAuthenticators: true}
Session ID: 58ab4e7f3958d80c699fc01db895bf2c
*** Element info: {Using=css selector, value=[data-id='receipt_emitter_tax_regime']}]]>
            </message>
            <full-stacktrace>
              <![CDATA[org.openqa.selenium.NoSuchElementException: no such element: Unable to locate element: {"method":"css selector","selector":"[data-id='receipt_emitter_tax_regime']"}
  (Session info: chrome=84.0.4147.135)
For documentation on this error, please visit: https://www.seleniumhq.org/exceptions/no_such_element.html
Build info: version: '3.141.59', revision: 'e82be7d358', time: '2018-11-14T08:17:03'
System info: host: 'Lisandro-Silva.local', ip: '127.0.0.1', os.name: 'Mac OS X', os.arch: 'x86_64', os.version: '10.15.2', java.version: '1.8.0_251'
Driver info: org.openqa.selenium.chrome.ChromeDriver
Capabilities {acceptInsecureCerts: false, browserName: chrome, browserVersion: 84.0.4147.135, chrome: {chromedriverVersion: 84.0.4147.30 (48b3e868b4cc0..., userDataDir: /var/folders/zd/xs0gg_pd749...}, goog:chromeOptions: {debuggerAddress: localhost:51801}, javascriptEnabled: true, networkConnectionEnabled: false, pageLoadStrategy: normal, platform: MAC, platformName: MAC, proxy: Proxy(), setWindowRect: true, strictFileInteractability: false, timeouts: {implicit: 0, pageLoad: 300000, script: 30000}, unhandledPromptBehavior: dismiss and notify, webauthn:virtualAuthenticators: true}
Session ID: 58ab4e7f3958d80c699fc01db895bf2c
*** Element info: {Using=css selector, value=[data-id='receipt_emitter_tax_regime']}
at sun.reflect.NativeConstructorAccessorImpl.newInstance0(Native Method)
at sun.reflect.NativeConstructorAccessorImpl.newInstance(NativeConstructorAccessorImpl.java:62)
at sun.reflect.DelegatingConstructorAccessorImpl.newInstance(DelegatingConstructorAccessorImpl.java:45)
at java.lang.reflect.Constructor.newInstance(Constructor.java:423)
at org.openqa.selenium.remote.http.W3CHttpResponseCodec.createException(W3CHttpResponseCodec.java:187)
at org.openqa.selenium.remote.http.W3CHttpResponseCodec.decode(W3CHttpResponseCodec.java:122)
at org.openqa.selenium.remote.http.W3CHttpResponseCodec.decode(W3CHttpResponseCodec.java:49)
at org.openqa.selenium.remote.HttpCommandExecutor.execute(HttpCommandExecutor.java:158)
at org.openqa.selenium.remote.service.DriverCommandExecutor.execute(DriverCommandExecutor.java:83)
at org.openqa.selenium.remote.RemoteWebDriver.execute(RemoteWebDriver.java:552)
at org.openqa.selenium.remote.RemoteWebDriver.findElement(RemoteWebDriver.java:323)
at org.openqa.selenium.remote.RemoteWebDriver.findElementByCssSelector(RemoteWebDriver.java:420)
at org.openqa.selenium.By$ByCssSelector.findElement(By.java:431)
at org.openqa.selenium.remote.RemoteWebDriver.findElement(RemoteWebDriver.java:315)
at pageObjects.LandingPage.SelectRegGratis(LandingPage.java:309)
at com.mkyong.busongratis.FacturaBasicaGratisTest2.facturaBasicaGratis2(FacturaBasicaGratisTest2.java:58)
at sun.reflect.NativeMethodAccessorImpl.invoke0(Native Method)
at sun.reflect.NativeMethodAccessorImpl.invoke(NativeMethodAccessorImpl.java:62)
at sun.reflect.DelegatingMethodAccessorImpl.invoke(DelegatingMethodAccessorImpl.java:43)
at java.lang.reflect.Method.invoke(Method.java:498)
at org.testng.internal.MethodInvocationHelper.invokeMethod(MethodInvocationHelper.java:124)
at org.testng.internal.Invoker.invokeMethod(Invoker.java:583)
at org.testng.internal.Invoker.invokeTestMethod(Invoker.java:719)
at org.testng.internal.Invoker.invokeTestMethods(Invoker.java:989)
at org.testng.internal.TestMethodWorker.invokeTestMethods(TestMethodWorker.java:125)
at org.testng.internal.TestMethodWorker.run(TestMethodWorker.java:109)
at org.testng.TestRunner.privateRun(TestRunner.java:648)
at org.testng.TestRunner.run(TestRunner.java:505)
at org.testng.SuiteRunner.runTest(SuiteRunner.java:455)
at org.testng.SuiteRunner.runSequentially(SuiteRunner.java:450)
at org.testng.SuiteRunner.privateRun(SuiteRunner.java:415)
at org.testng.SuiteRunner.run(SuiteRunner.java:364)
at org.testng.SuiteRunnerWorker.runSuite(SuiteRunnerWorker.java:52)
at org.testng.SuiteRunnerWorker.run(SuiteRunnerWorker.java:84)
at org.testng.TestNG.runSuitesSequentially(TestNG.java:1208)
at org.testng.TestNG.runSuitesLocally(TestNG.java:1137)
at org.testng.TestNG.runSuites(TestNG.java:1049)
at org.testng.TestNG.run(TestNG.java:1017)
at org.apache.maven.surefire.testng.TestNGExecutor.run(TestNGExecutor.java:283)
at org.apache.maven.surefire.testng.TestNGXmlTestSuite.execute(TestNGXmlTestSuite.java:75)
at org.apache.maven.surefire.testng.TestNGProvider.invoke(TestNGProvider.java:120)
at org.apache.maven.surefire.booter.ForkedBooter.runSuitesInProcess(ForkedBooter.java:377)
at org.apache.maven.surefire.booter.ForkedBooter.execute(ForkedBooter.java:138)
at org.apache.maven.surefire.booter.ForkedBooter.run(ForkedBooter.java:465)
at org.apache.maven.surefire.booter.ForkedBooter.main(ForkedBooter.java:451)
]]>
            </full-stacktrace>
          </exception> <!-- org.openqa.selenium.NoSuchElementException -->
          <reporter-output>
          </reporter-output>
        </test-method> <!-- facturaBasicaGratis2 -->
        <test-method status="PASS" signature="closeBrowser()[pri:0, instance:com.mkyong.busongratis.FacturaBasicaGratisTest2@f79e]" name="closeBrowser" is-config="true" duration-ms="255" started-at="2020-08-25T12:54:43Z" finished-at="2020-08-25T12:54:43Z">
          <reporter-output>
          </reporter-output>
        </test-method> <!-- closeBrowser -->
      </class> <!-- com.mkyong.busongratis.FacturaBasicaGratisTest2 -->
    </test> <!-- Gratis -->
    <test name="Gratis1" duration-ms="19187" started-at="2020-08-25T12:54:43Z" finished-at="2020-08-25T12:55:03Z">
      <class name="com.mkyong.busongratis.FacturaCartaPorteGratisTest2">
        <test-method status="PASS" signature="initiaLiseBrowser()[pri:0, instance:com.mkyong.busongratis.FacturaCartaPorteGratisTest2@561b6512]" name="initiaLiseBrowser" is-config="true" duration-ms="4490" started-at="2020-08-25T12:54:43Z" finished-at="2020-08-25T12:54:48Z">
          <reporter-output>
          </reporter-output>
        </test-method> <!-- initiaLiseBrowser -->
        <test-method status="PASS" signature="cartaPorteGratisSimpl2()[pri:0, instance:com.mkyong.busongratis.FacturaCartaPorteGratisTest2@561b6512]" name="cartaPorteGratisSimpl2" duration-ms="14388" started-at="2020-08-25T12:54:48Z" finished-at="2020-08-25T12:55:02Z">
          <reporter-output>
          </reporter-output>
        </test-method> <!-- cartaPorteGratisSimpl2 -->
        <test-method status="PASS" signature="closeBrowser()[pri:0, instance:com.mkyong.busongratis.FacturaCartaPorteGratisTest2@561b6512]" name="closeBrowser" is-config="true" duration-ms="308" started-at="2020-08-25T12:55:02Z" finished-at="2020-08-25T12:55:03Z">
          <reporter-output>
          </reporter-output>
        </test-method> <!-- closeBrowser -->
      </class> <!-- com.mkyong.busongratis.FacturaCartaPorteGratisTest2 -->
    </test> <!-- Gratis1 -->
    <test name="Gratis2" duration-ms="30903" started-at="2020-08-25T12:55:03Z" finished-at="2020-08-25T12:55:34Z">
      <class name="com.mkyong.busongratis.FacturaPagoGratisTest2">
        <test-method status="PASS" signature="initiaLiseBrowser()[pri:0, instance:com.mkyong.busongratis.FacturaPagoGratisTest2@687e99d8]" name="initiaLiseBrowser" is-config="true" duration-ms="8923" started-at="2020-08-25T12:55:03Z" finished-at="2020-08-25T12:55:12Z">
          <reporter-output>
          </reporter-output>
        </test-method> <!-- initiaLiseBrowser -->
        <test-method status="PASS" signature="pagoGratis2()[pri:0, instance:com.mkyong.busongratis.FacturaPagoGratisTest2@687e99d8]" name="pagoGratis2" duration-ms="21850" started-at="2020-08-25T12:55:12Z" finished-at="2020-08-25T12:55:34Z">
          <reporter-output>
          </reporter-output>
        </test-method> <!-- pagoGratis2 -->
        <test-method status="PASS" signature="closeBrowser()[pri:0, instance:com.mkyong.busongratis.FacturaPagoGratisTest2@687e99d8]" name="closeBrowser" is-config="true" duration-ms="129" started-at="2020-08-25T12:55:34Z" finished-at="2020-08-25T12:55:34Z">
          <reporter-output>
          </reporter-output>
        </test-method> <!-- closeBrowser -->
      </class> <!-- com.mkyong.busongratis.FacturaPagoGratisTest2 -->
    </test> <!-- Gratis2 -->
    <test name="Impression" duration-ms="52207" started-at="2020-08-25T12:55:34Z" finished-at="2020-08-25T12:56:26Z">
      <class name="com.mkyong.impression.fiscal.ImpresionIETFiscalTest3">
        <test-method status="PASS" signature="initiaLiseBrowser()[pri:0, instance:com.mkyong.impression.fiscal.ImpresionIETFiscalTest3@ed7f8b4]" name="initiaLiseBrowser" is-config="true" duration-ms="9041" started-at="2020-08-25T12:55:34Z" finished-at="2020-08-25T12:55:43Z">
          <reporter-output>
          </reporter-output>
        </test-method> <!-- initiaLiseBrowser -->
        <test-method status="PASS" signature="impressionFiscal3()[pri:0, instance:com.mkyong.impression.fiscal.ImpresionIETFiscalTest3@ed7f8b4]" name="impressionFiscal3" duration-ms="42997" started-at="2020-08-25T12:55:43Z" finished-at="2020-08-25T12:56:26Z">
          <reporter-output>
          </reporter-output>
        </test-method> <!-- impressionFiscal3 -->
        <test-method status="PASS" signature="closeBrowser()[pri:0, instance:com.mkyong.impression.fiscal.ImpresionIETFiscalTest3@ed7f8b4]" name="closeBrowser" is-config="true" duration-ms="168" started-at="2020-08-25T12:56:26Z" finished-at="2020-08-25T12:56:26Z">
          <reporter-output>
          </reporter-output>
        </test-method> <!-- closeBrowser -->
      </class> <!-- com.mkyong.impression.fiscal.ImpresionIETFiscalTest3 -->
    </test> <!-- Impression -->
    <test name="Impression2" duration-ms="50820" started-at="2020-08-25T12:56:26Z" finished-at="2020-08-25T12:57:17Z">
      <class name="com.mkyong.impression.fiscal.ImpresionIETFiscalTest4">
        <test-method status="PASS" signature="initiaLiseBrowser()[pri:0, instance:com.mkyong.impression.fiscal.ImpresionIETFiscalTest4@1dac5ef]" name="initiaLiseBrowser" is-config="true" duration-ms="6480" started-at="2020-08-25T12:56:26Z" finished-at="2020-08-25T12:56:33Z">
          <reporter-output>
          </reporter-output>
        </test-method> <!-- initiaLiseBrowser -->
        <test-method status="PASS" signature="impressionFiscal4()[pri:0, instance:com.mkyong.impression.fiscal.ImpresionIETFiscalTest4@1dac5ef]" name="impressionFiscal4" duration-ms="44222" started-at="2020-08-25T12:56:33Z" finished-at="2020-08-25T12:57:17Z">
          <reporter-output>
          </reporter-output>
        </test-method> <!-- impressionFiscal4 -->
        <test-method status="PASS" signature="closeBrowser()[pri:0, instance:com.mkyong.impression.fiscal.ImpresionIETFiscalTest4@1dac5ef]" name="closeBrowser" is-config="true" duration-ms="117" started-at="2020-08-25T12:57:17Z" finished-at="2020-08-25T12:57:17Z">
          <reporter-output>
          </reporter-output>
        </test-method> <!-- closeBrowser -->
      </class> <!-- com.mkyong.impression.fiscal.ImpresionIETFiscalTest4 -->
    </test> <!-- Impression2 -->
    <test name="Impression3" duration-ms="51630" started-at="2020-08-25T12:57:17Z" finished-at="2020-08-25T12:58:09Z">
      <class name="com.mkyong.impression.fiscal.ImpresionIETFiscalTest5">
        <test-method status="PASS" signature="initiaLiseBrowser()[pri:0, instance:com.mkyong.impression.fiscal.ImpresionIETFiscalTest5@291b4bf5]" name="initiaLiseBrowser" is-config="true" duration-ms="6679" started-at="2020-08-25T12:57:17Z" finished-at="2020-08-25T12:57:24Z">
          <reporter-output>
          </reporter-output>
        </test-method> <!-- initiaLiseBrowser -->
        <test-method status="PASS" signature="impressionFiscal5()[pri:0, instance:com.mkyong.impression.fiscal.ImpresionIETFiscalTest5@291b4bf5]" name="impressionFiscal5" duration-ms="44491" started-at="2020-08-25T12:57:24Z" finished-at="2020-08-25T12:58:08Z">
          <reporter-output>
          </reporter-output>
        </test-method> <!-- impressionFiscal5 -->
        <test-method status="PASS" signature="closeBrowser()[pri:0, instance:com.mkyong.impression.fiscal.ImpresionIETFiscalTest5@291b4bf5]" name="closeBrowser" is-config="true" duration-ms="460" started-at="2020-08-25T12:58:08Z" finished-at="2020-08-25T12:58:09Z">
          <reporter-output>
          </reporter-output>
        </test-method> <!-- closeBrowser -->
      </class> <!-- com.mkyong.impression.fiscal.ImpresionIETFiscalTest5 -->
    </test> <!-- Impression3 -->
    <test name="JesBuzon" duration-ms="23724" started-at="2020-08-25T12:58:09Z" finished-at="2020-08-25T12:58:32Z">
      <class name="com.mkyong.buson.jes.FacturaBasicaJesTest">
        <test-method status="PASS" signature="initiaLiseBrowser()[pri:0, instance:com.mkyong.buson.jes.FacturaBasicaJesTest@6db9f5a4]" name="initiaLiseBrowser" is-config="true" duration-ms="6443" started-at="2020-08-25T12:58:09Z" finished-at="2020-08-25T12:58:15Z">
          <reporter-output>
          </reporter-output>
        </test-method> <!-- initiaLiseBrowser -->
        <test-method status="PASS" signature="facturaBasicaJesTest()[pri:0, instance:com.mkyong.buson.jes.FacturaBasicaJesTest@6db9f5a4]" name="facturaBasicaJesTest" duration-ms="17060" started-at="2020-08-25T12:58:15Z" finished-at="2020-08-25T12:58:32Z">
          <reporter-output>
          </reporter-output>
        </test-method> <!-- facturaBasicaJesTest -->
        <test-method status="PASS" signature="closeBrowser()[pri:0, instance:com.mkyong.buson.jes.FacturaBasicaJesTest@6db9f5a4]" name="closeBrowser" is-config="true" duration-ms="220" started-at="2020-08-25T12:58:32Z" finished-at="2020-08-25T12:58:32Z">
          <reporter-output>
          </reporter-output>
        </test-method> <!-- closeBrowser -->
      </class> <!-- com.mkyong.buson.jes.FacturaBasicaJesTest -->
    </test> <!-- JesBuzon -->
    <test name="JesBuzon1" duration-ms="38118" started-at="2020-08-25T12:58:33Z" finished-at="2020-08-25T12:59:11Z">
      <class name="com.mkyong.buson.jes.FacturaCartaPorteJesTest">
        <test-method status="PASS" signature="initiaLiseBrowser()[pri:0, instance:com.mkyong.buson.jes.FacturaCartaPorteJesTest@d21a74c]" name="initiaLiseBrowser" is-config="true" duration-ms="20183" started-at="2020-08-25T12:58:33Z" finished-at="2020-08-25T12:58:53Z">
          <reporter-output>
          </reporter-output>
        </test-method> <!-- initiaLiseBrowser -->
        <test-method status="FAIL" signature="facturaCartaPorte()[pri:0, instance:com.mkyong.buson.jes.FacturaCartaPorteJesTest@d21a74c]" name="facturaCartaPorte" duration-ms="16225" started-at="2020-08-25T12:58:53Z" finished-at="2020-08-25T12:59:09Z">
          <exception class="org.openqa.selenium.NoSuchElementException">
            <message>
              <![CDATA[no such element: Unable to locate element: {"method":"css selector","selector":"[title*='Selecciona el regimen fiscal...']"}
  (Session info: chrome=84.0.4147.135)
For documentation on this error, please visit: https://www.seleniumhq.org/exceptions/no_such_element.html
Build info: version: '3.141.59', revision: 'e82be7d358', time: '2018-11-14T08:17:03'
System info: host: 'Lisandro-Silva.local', ip: '127.0.0.1', os.name: 'Mac OS X', os.arch: 'x86_64', os.version: '10.15.2', java.version: '1.8.0_251'
Driver info: org.openqa.selenium.chrome.ChromeDriver
Capabilities {acceptInsecureCerts: false, browserName: chrome, browserVersion: 84.0.4147.135, chrome: {chromedriverVersion: 84.0.4147.30 (48b3e868b4cc0..., userDataDir: /var/folders/zd/xs0gg_pd749...}, goog:chromeOptions: {debuggerAddress: localhost:52041}, javascriptEnabled: true, networkConnectionEnabled: false, pageLoadStrategy: normal, platform: MAC, platformName: MAC, proxy: Proxy(), setWindowRect: true, strictFileInteractability: false, timeouts: {implicit: 0, pageLoad: 300000, script: 30000}, unhandledPromptBehavior: dismiss and notify, webauthn:virtualAuthenticators: true}
Session ID: 695437c8c6da8f93ff190262cfeadaaa
*** Element info: {Using=css selector, value=[title*='Selecciona el regimen fiscal...']}]]>
            </message>
            <full-stacktrace>
              <![CDATA[org.openqa.selenium.NoSuchElementException: no such element: Unable to locate element: {"method":"css selector","selector":"[title*='Selecciona el regimen fiscal...']"}
  (Session info: chrome=84.0.4147.135)
For documentation on this error, please visit: https://www.seleniumhq.org/exceptions/no_such_element.html
Build info: version: '3.141.59', revision: 'e82be7d358', time: '2018-11-14T08:17:03'
System info: host: 'Lisandro-Silva.local', ip: '127.0.0.1', os.name: 'Mac OS X', os.arch: 'x86_64', os.version: '10.15.2', java.version: '1.8.0_251'
Driver info: org.openqa.selenium.chrome.ChromeDriver
Capabilities {acceptInsecureCerts: false, browserName: chrome, browserVersion: 84.0.4147.135, chrome: {chromedriverVersion: 84.0.4147.30 (48b3e868b4cc0..., userDataDir: /var/folders/zd/xs0gg_pd749...}, goog:chromeOptions: {debuggerAddress: localhost:52041}, javascriptEnabled: true, networkConnectionEnabled: false, pageLoadStrategy: normal, platform: MAC, platformName: MAC, proxy: Proxy(), setWindowRect: true, strictFileInteractability: false, timeouts: {implicit: 0, pageLoad: 300000, script: 30000}, unhandledPromptBehavior: dismiss and notify, webauthn:virtualAuthenticators: true}
Session ID: 695437c8c6da8f93ff190262cfeadaaa
*** Element info: {Using=css selector, value=[title*='Selecciona el regimen fiscal...']}
at sun.reflect.NativeConstructorAccessorImpl.newInstance0(Native Method)
at sun.reflect.NativeConstructorAccessorImpl.newInstance(NativeConstructorAccessorImpl.java:62)
at sun.reflect.DelegatingConstructorAccessorImpl.newInstance(DelegatingConstructorAccessorImpl.java:45)
at java.lang.reflect.Constructor.newInstance(Constructor.java:423)
at org.openqa.selenium.remote.http.W3CHttpResponseCodec.createException(W3CHttpResponseCodec.java:187)
at org.openqa.selenium.remote.http.W3CHttpResponseCodec.decode(W3CHttpResponseCodec.java:122)
at org.openqa.selenium.remote.http.W3CHttpResponseCodec.decode(W3CHttpResponseCodec.java:49)
at org.openqa.selenium.remote.HttpCommandExecutor.execute(HttpCommandExecutor.java:158)
at org.openqa.selenium.remote.service.DriverCommandExecutor.execute(DriverCommandExecutor.java:83)
at org.openqa.selenium.remote.RemoteWebDriver.execute(RemoteWebDriver.java:552)
at org.openqa.selenium.remote.RemoteWebDriver.findElement(RemoteWebDriver.java:323)
at org.openqa.selenium.remote.RemoteWebDriver.findElementByCssSelector(RemoteWebDriver.java:420)
at org.openqa.selenium.By$ByCssSelector.findElement(By.java:431)
at org.openqa.selenium.remote.RemoteWebDriver.findElement(RemoteWebDriver.java:315)
at pageObjects.SearchPage.BasicaSelectFiscal(SearchPage.java:826)
at com.mkyong.buson.jes.FacturaCartaPorteJesTest.facturaCartaPorte(FacturaCartaPorteJesTest.java:70)
at sun.reflect.NativeMethodAccessorImpl.invoke0(Native Method)
at sun.reflect.NativeMethodAccessorImpl.invoke(NativeMethodAccessorImpl.java:62)
at sun.reflect.DelegatingMethodAccessorImpl.invoke(DelegatingMethodAccessorImpl.java:43)
at java.lang.reflect.Method.invoke(Method.java:498)
at org.testng.internal.MethodInvocationHelper.invokeMethod(MethodInvocationHelper.java:124)
at org.testng.internal.Invoker.invokeMethod(Invoker.java:583)
at org.testng.internal.Invoker.invokeTestMethod(Invoker.java:719)
at org.testng.internal.Invoker.invokeTestMethods(Invoker.java:989)
at org.testng.internal.TestMethodWorker.invokeTestMethods(TestMethodWorker.java:125)
at org.testng.internal.TestMethodWorker.run(TestMethodWorker.java:109)
at org.testng.TestRunner.privateRun(TestRunner.java:648)
at org.testng.TestRunner.run(TestRunner.java:505)
at org.testng.SuiteRunner.runTest(SuiteRunner.java:455)
at org.testng.SuiteRunner.runSequentially(SuiteRunner.java:450)
at org.testng.SuiteRunner.privateRun(SuiteRunner.java:415)
at org.testng.SuiteRunner.run(SuiteRunner.java:364)
at org.testng.SuiteRunnerWorker.runSuite(SuiteRunnerWorker.java:52)
at org.testng.SuiteRunnerWorker.run(SuiteRunnerWorker.java:84)
at org.testng.TestNG.runSuitesSequentially(TestNG.java:1208)
at org.testng.TestNG.runSuitesLocally(TestNG.java:1137)
at org.testng.TestNG.runSuites(TestNG.java:1049)
at org.testng.TestNG.run(TestNG.java:1017)
at org.apache.maven.surefire.testng.TestNGExecutor.run(TestNGExecutor.java:283)
at org.apache.maven.surefire.testng.TestNGXmlTestSuite.execute(TestNGXmlTestSuite.java:75)
at org.apache.maven.surefire.testng.TestNGProvider.invoke(TestNGProvider.java:120)
at org.apache.maven.surefire.booter.ForkedBooter.runSuitesInProcess(ForkedBooter.java:377)
at org.apache.maven.surefire.booter.ForkedBooter.execute(ForkedBooter.java:138)
at org.apache.maven.surefire.booter.ForkedBooter.run(ForkedBooter.java:465)
at org.apache.maven.surefire.booter.ForkedBooter.main(ForkedBooter.java:451)
]]>
            </full-stacktrace>
          </exception> <!-- org.openqa.selenium.NoSuchElementException -->
          <reporter-output>
          </reporter-output>
        </test-method> <!-- facturaCartaPorte -->
        <test-method status="PASS" signature="closeBrowser()[pri:0, instance:com.mkyong.buson.jes.FacturaCartaPorteJesTest@d21a74c]" name="closeBrowser" is-config="true" duration-ms="227" started-at="2020-08-25T12:59:11Z" finished-at="2020-08-25T12:59:11Z">
          <reporter-output>
          </reporter-output>
        </test-method> <!-- closeBrowser -->
      </class> <!-- com.mkyong.buson.jes.FacturaCartaPorteJesTest -->
    </test> <!-- JesBuzon1 -->
    <test name="JesBuzon2" duration-ms="25936" started-at="2020-08-25T12:59:11Z" finished-at="2020-08-25T12:59:37Z">
      <class name="com.mkyong.buson.jes.FacturaDetallistaJesTest">
        <test-method status="PASS" signature="initiaLiseBrowser()[pri:0, instance:com.mkyong.buson.jes.FacturaDetallistaJesTest@6a2b953e]" name="initiaLiseBrowser" is-config="true" duration-ms="6000" started-at="2020-08-25T12:59:11Z" finished-at="2020-08-25T12:59:17Z">
          <reporter-output>
          </reporter-output>
        </test-method> <!-- initiaLiseBrowser -->
        <test-method status="PASS" signature="facturaDetallista()[pri:0, instance:com.mkyong.buson.jes.FacturaDetallistaJesTest@6a2b953e]" name="facturaDetallista" duration-ms="19682" started-at="2020-08-25T12:59:17Z" finished-at="2020-08-25T12:59:37Z">
          <reporter-output>
          </reporter-output>
        </test-method> <!-- facturaDetallista -->
        <test-method status="PASS" signature="closeBrowser()[pri:0, instance:com.mkyong.buson.jes.FacturaDetallistaJesTest@6a2b953e]" name="closeBrowser" is-config="true" duration-ms="254" started-at="2020-08-25T12:59:37Z" finished-at="2020-08-25T12:59:37Z">
          <reporter-output>
          </reporter-output>
        </test-method> <!-- closeBrowser -->
      </class> <!-- com.mkyong.buson.jes.FacturaDetallistaJesTest -->
    </test> <!-- JesBuzon2 -->
    <test name="JesBuzon3" duration-ms="45384" started-at="2020-08-25T12:59:37Z" finished-at="2020-08-25T13:00:22Z">
      <class name="com.mkyong.buson.jes.FacturaPagoJesTest">
        <test-method status="PASS" signature="initiaLiseBrowser()[pri:0, instance:com.mkyong.buson.jes.FacturaPagoJesTest@3098cf3b]" name="initiaLiseBrowser" is-config="true" duration-ms="16584" started-at="2020-08-25T12:59:37Z" finished-at="2020-08-25T12:59:54Z">
          <reporter-output>
          </reporter-output>
        </test-method> <!-- initiaLiseBrowser -->
        <test-method status="PASS" signature="facturaPagoJes()[pri:0, instance:com.mkyong.buson.jes.FacturaPagoJesTest@3098cf3b]" name="facturaPagoJes" duration-ms="28645" started-at="2020-08-25T12:59:54Z" finished-at="2020-08-25T13:00:22Z">
          <reporter-output>
          </reporter-output>
        </test-method> <!-- facturaPagoJes -->
        <test-method status="PASS" signature="closeBrowser()[pri:0, instance:com.mkyong.buson.jes.FacturaPagoJesTest@3098cf3b]" name="closeBrowser" is-config="true" duration-ms="155" started-at="2020-08-25T13:00:22Z" finished-at="2020-08-25T13:00:22Z">
          <reporter-output>
          </reporter-output>
        </test-method> <!-- closeBrowser -->
      </class> <!-- com.mkyong.buson.jes.FacturaPagoJesTest -->
    </test> <!-- JesBuzon3 -->
    <test name="JesBuzon4" duration-ms="30823" started-at="2020-08-25T13:00:22Z" finished-at="2020-08-25T13:00:53Z">
      <class name="com.mkyong.buson.jes.ImpuestosLocalesJesTest">
        <test-method status="PASS" signature="initiaLiseBrowser()[pri:0, instance:com.mkyong.buson.jes.ImpuestosLocalesJesTest@17a7f733]" name="initiaLiseBrowser" is-config="true" duration-ms="10693" started-at="2020-08-25T13:00:22Z" finished-at="2020-08-25T13:00:33Z">
          <reporter-output>
          </reporter-output>
        </test-method> <!-- initiaLiseBrowser -->
        <test-method status="PASS" signature="impuestosLocalesJesBuzon()[pri:0, instance:com.mkyong.buson.jes.ImpuestosLocalesJesTest@17a7f733]" name="impuestosLocalesJesBuzon" duration-ms="19833" started-at="2020-08-25T13:00:33Z" finished-at="2020-08-25T13:00:53Z">
          <reporter-output>
          </reporter-output>
        </test-method> <!-- impuestosLocalesJesBuzon -->
        <test-method status="PASS" signature="closeBrowser()[pri:0, instance:com.mkyong.buson.jes.ImpuestosLocalesJesTest@17a7f733]" name="closeBrowser" is-config="true" duration-ms="296" started-at="2020-08-25T13:00:53Z" finished-at="2020-08-25T13:00:53Z">
          <reporter-output>
          </reporter-output>
        </test-method> <!-- closeBrowser -->
      </class> <!-- com.mkyong.buson.jes.ImpuestosLocalesJesTest -->
    </test> <!-- JesBuzon4 -->
    <test name="JesBuzon5" duration-ms="37556" started-at="2020-08-25T13:00:53Z" finished-at="2020-08-25T13:01:31Z">
      <class name="com.mkyong.buson.jes.INEJesTest">
        <test-method status="PASS" signature="initiaLiseBrowser()[pri:0, instance:com.mkyong.buson.jes.INEJesTest@fa36558]" name="initiaLiseBrowser" is-config="true" duration-ms="16282" started-at="2020-08-25T13:00:53Z" finished-at="2020-08-25T13:01:10Z">
          <reporter-output>
          </reporter-output>
        </test-method> <!-- initiaLiseBrowser -->
        <test-method status="PASS" signature="ineJes()[pri:0, instance:com.mkyong.buson.jes.INEJesTest@fa36558]" name="ineJes" duration-ms="20964" started-at="2020-08-25T13:01:10Z" finished-at="2020-08-25T13:01:31Z">
          <reporter-output>
          </reporter-output>
        </test-method> <!-- ineJes -->
        <test-method status="PASS" signature="closeBrowser()[pri:0, instance:com.mkyong.buson.jes.INEJesTest@fa36558]" name="closeBrowser" is-config="true" duration-ms="310" started-at="2020-08-25T13:01:31Z" finished-at="2020-08-25T13:01:31Z">
          <reporter-output>
          </reporter-output>
        </test-method> <!-- closeBrowser -->
      </class> <!-- com.mkyong.buson.jes.INEJesTest -->
    </test> <!-- JesBuzon5 -->
    <test name="JesBuzon6" duration-ms="36946" started-at="2020-08-25T13:01:31Z" finished-at="2020-08-25T13:02:08Z">
      <class name="com.mkyong.buson.jes.InstituicionesEducativasJesTest">
        <test-method status="PASS" signature="initiaLiseBrowser()[pri:0, instance:com.mkyong.buson.jes.InstituicionesEducativasJesTest@3e96bacf]" name="initiaLiseBrowser" is-config="true" duration-ms="15265" started-at="2020-08-25T13:01:31Z" finished-at="2020-08-25T13:01:46Z">
          <reporter-output>
          </reporter-output>
        </test-method> <!-- initiaLiseBrowser -->
        <test-method status="PASS" signature="instituicionesEducativasJes()[pri:0, instance:com.mkyong.buson.jes.InstituicionesEducativasJesTest@3e96bacf]" name="instituicionesEducativasJes" duration-ms="21529" started-at="2020-08-25T13:01:46Z" finished-at="2020-08-25T13:02:08Z">
          <reporter-output>
          </reporter-output>
        </test-method> <!-- instituicionesEducativasJes -->
        <test-method status="PASS" signature="closeBrowser()[pri:0, instance:com.mkyong.buson.jes.InstituicionesEducativasJesTest@3e96bacf]" name="closeBrowser" is-config="true" duration-ms="151" started-at="2020-08-25T13:02:08Z" finished-at="2020-08-25T13:02:08Z">
          <reporter-output>
          </reporter-output>
        </test-method> <!-- closeBrowser -->
      </class> <!-- com.mkyong.buson.jes.InstituicionesEducativasJesTest -->
    </test> <!-- JesBuzon6 -->
    <test name="JesBuzon7" duration-ms="31438" started-at="2020-08-25T13:02:08Z" finished-at="2020-08-25T13:02:40Z">
      <class name="com.mkyong.buson.jes.NotaDeCreditoJesTest">
        <test-method status="PASS" signature="initiaLiseBrowser()[pri:0, instance:com.mkyong.buson.jes.NotaDeCreditoJesTest@55740540]" name="initiaLiseBrowser" is-config="true" duration-ms="13424" started-at="2020-08-25T13:02:08Z" finished-at="2020-08-25T13:02:22Z">
          <reporter-output>
          </reporter-output>
        </test-method> <!-- initiaLiseBrowser -->
        <test-method status="PASS" signature="notaDeCreditoJes()[pri:0, instance:com.mkyong.buson.jes.NotaDeCreditoJesTest@55740540]" name="notaDeCreditoJes" duration-ms="17554" started-at="2020-08-25T13:02:22Z" finished-at="2020-08-25T13:02:39Z">
          <reporter-output>
          </reporter-output>
        </test-method> <!-- notaDeCreditoJes -->
        <test-method status="PASS" signature="closeBrowser()[pri:0, instance:com.mkyong.buson.jes.NotaDeCreditoJesTest@55740540]" name="closeBrowser" is-config="true" duration-ms="459" started-at="2020-08-25T13:02:39Z" finished-at="2020-08-25T13:02:40Z">
          <reporter-output>
          </reporter-output>
        </test-method> <!-- closeBrowser -->
      </class> <!-- com.mkyong.buson.jes.NotaDeCreditoJesTest -->
    </test> <!-- JesBuzon7 -->
    <test name="JesBuzon8" duration-ms="33246" started-at="2020-08-25T13:02:40Z" finished-at="2020-08-25T13:03:13Z">
      <class name="com.mkyong.buson.jes.PagoEnEspeciesJesTest">
        <test-method status="PASS" signature="initiaLiseBrowser()[pri:0, instance:com.mkyong.buson.jes.PagoEnEspeciesJesTest@50caa560]" name="initiaLiseBrowser" is-config="true" duration-ms="12173" started-at="2020-08-25T13:02:40Z" finished-at="2020-08-25T13:02:52Z">
          <reporter-output>
          </reporter-output>
        </test-method> <!-- initiaLiseBrowser -->
        <test-method status="PASS" signature="pagoEnEspeciesJes()[pri:0, instance:com.mkyong.buson.jes.PagoEnEspeciesJesTest@50caa560]" name="pagoEnEspeciesJes" duration-ms="20872" started-at="2020-08-25T13:02:52Z" finished-at="2020-08-25T13:03:13Z">
          <reporter-output>
          </reporter-output>
        </test-method> <!-- pagoEnEspeciesJes -->
        <test-method status="PASS" signature="closeBrowser()[pri:0, instance:com.mkyong.buson.jes.PagoEnEspeciesJesTest@50caa560]" name="closeBrowser" is-config="true" duration-ms="200" started-at="2020-08-25T13:03:13Z" finished-at="2020-08-25T13:03:13Z">
          <reporter-output>
          </reporter-output>
        </test-method> <!-- closeBrowser -->
      </class> <!-- com.mkyong.buson.jes.PagoEnEspeciesJesTest -->
    </test> <!-- JesBuzon8 -->
    <test name="JesBuzon9" duration-ms="25359" started-at="2020-08-25T13:03:13Z" finished-at="2020-08-25T13:03:39Z">
      <class name="com.mkyong.buson.jes.VehiculosUsadosJesTest">
        <test-method status="PASS" signature="initiaLiseBrowser()[pri:0, instance:com.mkyong.buson.jes.VehiculosUsadosJesTest@757acd7b]" name="initiaLiseBrowser" is-config="true" duration-ms="17196" started-at="2020-08-25T13:03:13Z" finished-at="2020-08-25T13:03:30Z">
          <reporter-output>
          </reporter-output>
        </test-method> <!-- initiaLiseBrowser -->
        <test-method status="FAIL" signature="vehiculosUsadosJes()[pri:0, instance:com.mkyong.buson.jes.VehiculosUsadosJesTest@757acd7b]" name="vehiculosUsadosJes" duration-ms="6351" started-at="2020-08-25T13:03:30Z" finished-at="2020-08-25T13:03:37Z">
          <exception class="org.openqa.selenium.ElementClickInterceptedException">
            <message>
              <![CDATA[element click intercepted: Element is not clickable at point (1291, 285)
  (Session info: chrome=84.0.4147.135)
Build info: version: '3.141.59', revision: 'e82be7d358', time: '2018-11-14T08:17:03'
System info: host: 'Lisandro-Silva.local', ip: '127.0.0.1', os.name: 'Mac OS X', os.arch: 'x86_64', os.version: '10.15.2', java.version: '1.8.0_251'
Driver info: org.openqa.selenium.chrome.ChromeDriver
Capabilities {acceptInsecureCerts: false, browserName: chrome, browserVersion: 84.0.4147.135, chrome: {chromedriverVersion: 84.0.4147.30 (48b3e868b4cc0..., userDataDir: /var/folders/zd/xs0gg_pd749...}, goog:chromeOptions: {debuggerAddress: localhost:52312}, javascriptEnabled: true, networkConnectionEnabled: false, pageLoadStrategy: normal, platform: MAC, platformName: MAC, proxy: Proxy(), setWindowRect: true, strictFileInteractability: false, timeouts: {implicit: 0, pageLoad: 300000, script: 30000}, unhandledPromptBehavior: dismiss and notify, webauthn:virtualAuthenticators: true}
Session ID: 2a4754dc80a47b5fcc7b4e9f592aef80]]>
            </message>
            <full-stacktrace>
              <![CDATA[org.openqa.selenium.ElementClickInterceptedException: element click intercepted: Element is not clickable at point (1291, 285)
  (Session info: chrome=84.0.4147.135)
Build info: version: '3.141.59', revision: 'e82be7d358', time: '2018-11-14T08:17:03'
System info: host: 'Lisandro-Silva.local', ip: '127.0.0.1', os.name: 'Mac OS X', os.arch: 'x86_64', os.version: '10.15.2', java.version: '1.8.0_251'
Driver info: org.openqa.selenium.chrome.ChromeDriver
Capabilities {acceptInsecureCerts: false, browserName: chrome, browserVersion: 84.0.4147.135, chrome: {chromedriverVersion: 84.0.4147.30 (48b3e868b4cc0..., userDataDir: /var/folders/zd/xs0gg_pd749...}, goog:chromeOptions: {debuggerAddress: localhost:52312}, javascriptEnabled: true, networkConnectionEnabled: false, pageLoadStrategy: normal, platform: MAC, platformName: MAC, proxy: Proxy(), setWindowRect: true, strictFileInteractability: false, timeouts: {implicit: 0, pageLoad: 300000, script: 30000}, unhandledPromptBehavior: dismiss and notify, webauthn:virtualAuthenticators: true}
Session ID: 2a4754dc80a47b5fcc7b4e9f592aef80
at sun.reflect.NativeConstructorAccessorImpl.newInstance0(Native Method)
at sun.reflect.NativeConstructorAccessorImpl.newInstance(NativeConstructorAccessorImpl.java:62)
at sun.reflect.DelegatingConstructorAccessorImpl.newInstance(DelegatingConstructorAccessorImpl.java:45)
at java.lang.reflect.Constructor.newInstance(Constructor.java:423)
at org.openqa.selenium.remote.http.W3CHttpResponseCodec.createException(W3CHttpResponseCodec.java:187)
at org.openqa.selenium.remote.http.W3CHttpResponseCodec.decode(W3CHttpResponseCodec.java:122)
at org.openqa.selenium.remote.http.W3CHttpResponseCodec.decode(W3CHttpResponseCodec.java:49)
at org.openqa.selenium.remote.HttpCommandExecutor.execute(HttpCommandExecutor.java:158)
at org.openqa.selenium.remote.service.DriverCommandExecutor.execute(DriverCommandExecutor.java:83)
at org.openqa.selenium.remote.RemoteWebDriver.execute(RemoteWebDriver.java:552)
at org.openqa.selenium.remote.RemoteWebElement.execute(RemoteWebElement.java:285)
at org.openqa.selenium.remote.RemoteWebElement.click(RemoteWebElement.java:84)
at com.mkyong.buson.jes.VehiculosUsadosJesTest.vehiculosUsadosJes(VehiculosUsadosJesTest.java:56)
at sun.reflect.NativeMethodAccessorImpl.invoke0(Native Method)
at sun.reflect.NativeMethodAccessorImpl.invoke(NativeMethodAccessorImpl.java:62)
at sun.reflect.DelegatingMethodAccessorImpl.invoke(DelegatingMethodAccessorImpl.java:43)
at java.lang.reflect.Method.invoke(Method.java:498)
at org.testng.internal.MethodInvocationHelper.invokeMethod(MethodInvocationHelper.java:124)
at org.testng.internal.Invoker.invokeMethod(Invoker.java:583)
at org.testng.internal.Invoker.invokeTestMethod(Invoker.java:719)
at org.testng.internal.Invoker.invokeTestMethods(Invoker.java:989)
at org.testng.internal.TestMethodWorker.invokeTestMethods(TestMethodWorker.java:125)
at org.testng.internal.TestMethodWorker.run(TestMethodWorker.java:109)
at org.testng.TestRunner.privateRun(TestRunner.java:648)
at org.testng.TestRunner.run(TestRunner.java:505)
at org.testng.SuiteRunner.runTest(SuiteRunner.java:455)
at org.testng.SuiteRunner.runSequentially(SuiteRunner.java:450)
at org.testng.SuiteRunner.privateRun(SuiteRunner.java:415)
at org.testng.SuiteRunner.run(SuiteRunner.java:364)
at org.testng.SuiteRunnerWorker.runSuite(SuiteRunnerWorker.java:52)
at org.testng.SuiteRunnerWorker.run(SuiteRunnerWorker.java:84)
at org.testng.TestNG.runSuitesSequentially(TestNG.java:1208)
at org.testng.TestNG.runSuitesLocally(TestNG.java:1137)
at org.testng.TestNG.runSuites(TestNG.java:1049)
at org.testng.TestNG.run(TestNG.java:1017)
at org.apache.maven.surefire.testng.TestNGExecutor.run(TestNGExecutor.java:283)
at org.apache.maven.surefire.testng.TestNGXmlTestSuite.execute(TestNGXmlTestSuite.java:75)
at org.apache.maven.surefire.testng.TestNGProvider.invoke(TestNGProvider.java:120)
at org.apache.maven.surefire.booter.ForkedBooter.runSuitesInProcess(ForkedBooter.java:377)
at org.apache.maven.surefire.booter.ForkedBooter.execute(ForkedBooter.java:138)
at org.apache.maven.surefire.booter.ForkedBooter.run(ForkedBooter.java:465)
at org.apache.maven.surefire.booter.ForkedBooter.main(ForkedBooter.java:451)
]]>
            </full-stacktrace>
          </exception> <!-- org.openqa.selenium.ElementClickInterceptedException -->
          <reporter-output>
          </reporter-output>
        </test-method> <!-- vehiculosUsadosJes -->
        <test-method status="PASS" signature="closeBrowser()[pri:0, instance:com.mkyong.buson.jes.VehiculosUsadosJesTest@757acd7b]" name="closeBrowser" is-config="true" duration-ms="361" started-at="2020-08-25T13:03:38Z" finished-at="2020-08-25T13:03:39Z">
          <reporter-output>
          </reporter-output>
        </test-method> <!-- closeBrowser -->
      </class> <!-- com.mkyong.buson.jes.VehiculosUsadosJesTest -->
    </test> <!-- JesBuzon9 -->
    <test name="JesBuzon10" duration-ms="24323" started-at="2020-08-25T13:03:39Z" finished-at="2020-08-25T13:04:03Z">
      <class name="com.mkyong.buson.jes.ObrasDeArteYAtenguedadJesTest">
        <test-method status="PASS" signature="initiaLiseBrowser()[pri:0, instance:com.mkyong.buson.jes.ObrasDeArteYAtenguedadJesTest@157853da]" name="initiaLiseBrowser" is-config="true" duration-ms="4726" started-at="2020-08-25T13:03:39Z" finished-at="2020-08-25T13:03:43Z">
          <reporter-output>
          </reporter-output>
        </test-method> <!-- initiaLiseBrowser -->
        <test-method status="PASS" signature="obrasArtesAnteguedadJes()[pri:0, instance:com.mkyong.buson.jes.ObrasDeArteYAtenguedadJesTest@157853da]" name="obrasArtesAnteguedadJes" duration-ms="19385" started-at="2020-08-25T13:03:43Z" finished-at="2020-08-25T13:04:03Z">
          <reporter-output>
          </reporter-output>
        </test-method> <!-- obrasArtesAnteguedadJes -->
        <test-method status="PASS" signature="closeBrowser()[pri:0, instance:com.mkyong.buson.jes.ObrasDeArteYAtenguedadJesTest@157853da]" name="closeBrowser" is-config="true" duration-ms="211" started-at="2020-08-25T13:04:03Z" finished-at="2020-08-25T13:04:03Z">
          <reporter-output>
          </reporter-output>
        </test-method> <!-- closeBrowser -->
      </class> <!-- com.mkyong.buson.jes.ObrasDeArteYAtenguedadJesTest -->
    </test> <!-- JesBuzon10 -->
    <test name="JesBuzonDetail" duration-ms="51231" started-at="2020-08-25T13:04:03Z" finished-at="2020-08-25T13:04:54Z">
      <class name="com.mkyong.buson.jes.detail.FacturaBasicaJesDetailTest">
        <test-method status="PASS" signature="initiaLiseBrowser()[pri:0, instance:com.mkyong.buson.jes.detail.FacturaBasicaJesDetailTest@69fb6037]" name="initiaLiseBrowser" is-config="true" duration-ms="13611" started-at="2020-08-25T13:04:03Z" finished-at="2020-08-25T13:04:17Z">
          <reporter-output>
          </reporter-output>
        </test-method> <!-- initiaLiseBrowser -->
        <test-method status="PASS" signature="facturaBasicaDetailJes()[pri:0, instance:com.mkyong.buson.jes.detail.FacturaBasicaJesDetailTest@69fb6037]" name="facturaBasicaDetailJes" duration-ms="37296" started-at="2020-08-25T13:04:17Z" finished-at="2020-08-25T13:04:54Z">
          <reporter-output>
          </reporter-output>
        </test-method> <!-- facturaBasicaDetailJes -->
        <test-method status="PASS" signature="closeBrowser()[pri:0, instance:com.mkyong.buson.jes.detail.FacturaBasicaJesDetailTest@69fb6037]" name="closeBrowser" is-config="true" duration-ms="323" started-at="2020-08-25T13:04:54Z" finished-at="2020-08-25T13:04:54Z">
          <reporter-output>
          </reporter-output>
        </test-method> <!-- closeBrowser -->
      </class> <!-- com.mkyong.buson.jes.detail.FacturaBasicaJesDetailTest -->
    </test> <!-- JesBuzonDetail -->
    <test name="Conector" duration-ms="48136" started-at="2020-08-25T13:04:55Z" finished-at="2020-08-25T13:05:43Z">
      <class name="com.mkyong.conector.jes.FacturaBasicaJesTest">
        <test-method status="PASS" signature="initiaLiseBrowser()[pri:0, instance:com.mkyong.conector.jes.FacturaBasicaJesTest@55f616cf]" name="initiaLiseBrowser" is-config="true" duration-ms="25549" started-at="2020-08-25T13:04:55Z" finished-at="2020-08-25T13:05:20Z">
          <reporter-output>
          </reporter-output>
        </test-method> <!-- initiaLiseBrowser -->
        <test-method status="PASS" signature="basePageNavigation()[pri:0, instance:com.mkyong.conector.jes.FacturaBasicaJesTest@55f616cf]" name="basePageNavigation" duration-ms="22311" started-at="2020-08-25T13:05:20Z" finished-at="2020-08-25T13:05:42Z">
          <reporter-output>
          </reporter-output>
        </test-method> <!-- basePageNavigation -->
        <test-method status="PASS" signature="closeBrowser()[pri:0, instance:com.mkyong.conector.jes.FacturaBasicaJesTest@55f616cf]" name="closeBrowser" is-config="true" duration-ms="275" started-at="2020-08-25T13:05:42Z" finished-at="2020-08-25T13:05:43Z">
          <reporter-output>
          </reporter-output>
        </test-method> <!-- closeBrowser -->
      </class> <!-- com.mkyong.conector.jes.FacturaBasicaJesTest -->
    </test> <!-- Conector -->
    <test name="Conector1" duration-ms="28382" started-at="2020-08-25T13:05:43Z" finished-at="2020-08-25T13:06:11Z">
      <class name="com.mkyong.conector.jes.FacturaCartaPorteJesTest">
        <test-method status="PASS" signature="initiaLiseBrowser()[pri:0, instance:com.mkyong.conector.jes.FacturaCartaPorteJesTest@46fa7c39]" name="initiaLiseBrowser" is-config="true" duration-ms="14090" started-at="2020-08-25T13:05:43Z" finished-at="2020-08-25T13:05:57Z">
          <reporter-output>
          </reporter-output>
        </test-method> <!-- initiaLiseBrowser -->
        <test-method status="PASS" signature="basePageNavigation()[pri:0, instance:com.mkyong.conector.jes.FacturaCartaPorteJesTest@46fa7c39]" name="basePageNavigation" duration-ms="14103" started-at="2020-08-25T13:05:57Z" finished-at="2020-08-25T13:06:11Z">
          <reporter-output>
          </reporter-output>
        </test-method> <!-- basePageNavigation -->
        <test-method status="PASS" signature="closeBrowser()[pri:0, instance:com.mkyong.conector.jes.FacturaCartaPorteJesTest@46fa7c39]" name="closeBrowser" is-config="true" duration-ms="188" started-at="2020-08-25T13:06:11Z" finished-at="2020-08-25T13:06:11Z">
          <reporter-output>
          </reporter-output>
        </test-method> <!-- closeBrowser -->
      </class> <!-- com.mkyong.conector.jes.FacturaCartaPorteJesTest -->
    </test> <!-- Conector1 -->
    <test name="Conector2" duration-ms="30893" started-at="2020-08-25T13:06:11Z" finished-at="2020-08-25T13:06:42Z">
      <class name="com.mkyong.conector.jes.FacturaDetallistaJesTest">
        <test-method status="PASS" signature="initiaLiseBrowser()[pri:0, instance:com.mkyong.conector.jes.FacturaDetallistaJesTest@76f2bbc1]" name="initiaLiseBrowser" is-config="true" duration-ms="12622" started-at="2020-08-25T13:06:11Z" finished-at="2020-08-25T13:06:24Z">
          <reporter-output>
          </reporter-output>
        </test-method> <!-- initiaLiseBrowser -->
        <test-method status="PASS" signature="basePageNavigation()[pri:0, instance:com.mkyong.conector.jes.FacturaDetallistaJesTest@76f2bbc1]" name="basePageNavigation" duration-ms="18079" started-at="2020-08-25T13:06:24Z" finished-at="2020-08-25T13:06:42Z">
          <reporter-output>
          </reporter-output>
        </test-method> <!-- basePageNavigation -->
        <test-method status="PASS" signature="closeBrowser()[pri:0, instance:com.mkyong.conector.jes.FacturaDetallistaJesTest@76f2bbc1]" name="closeBrowser" is-config="true" duration-ms="191" started-at="2020-08-25T13:06:42Z" finished-at="2020-08-25T13:06:42Z">
          <reporter-output>
          </reporter-output>
        </test-method> <!-- closeBrowser -->
      </class> <!-- com.mkyong.conector.jes.FacturaDetallistaJesTest -->
    </test> <!-- Conector2 -->
    <test name="Conector3" duration-ms="35929" started-at="2020-08-25T13:06:42Z" finished-at="2020-08-25T13:07:18Z">
      <class name="com.mkyong.conector.jes.TuristaPasajeroExtranjeroJesTest">
        <test-method status="PASS" signature="initiaLiseBrowser()[pri:0, instance:com.mkyong.conector.jes.TuristaPasajeroExtranjeroJesTest@2e1d27ba]" name="initiaLiseBrowser" is-config="true" duration-ms="17067" started-at="2020-08-25T13:06:42Z" finished-at="2020-08-25T13:06:59Z">
          <reporter-output>
          </reporter-output>
        </test-method> <!-- initiaLiseBrowser -->
        <test-method status="PASS" signature="basePageNavigation()[pri:0, instance:com.mkyong.conector.jes.TuristaPasajeroExtranjeroJesTest@2e1d27ba]" name="basePageNavigation" duration-ms="18542" started-at="2020-08-25T13:06:59Z" finished-at="2020-08-25T13:07:18Z">
          <reporter-output>
          </reporter-output>
        </test-method> <!-- basePageNavigation -->
        <test-method status="PASS" signature="closeBrowser()[pri:0, instance:com.mkyong.conector.jes.TuristaPasajeroExtranjeroJesTest@2e1d27ba]" name="closeBrowser" is-config="true" duration-ms="320" started-at="2020-08-25T13:07:18Z" finished-at="2020-08-25T13:07:18Z">
          <reporter-output>
          </reporter-output>
        </test-method> <!-- closeBrowser -->
      </class> <!-- com.mkyong.conector.jes.TuristaPasajeroExtranjeroJesTest -->
    </test> <!-- Conector3 -->
    <test name="Conector4" duration-ms="34165" started-at="2020-08-25T13:07:18Z" finished-at="2020-08-25T13:07:53Z">
      <class name="com.mkyong.conector.jes.PagoEnEspeciesJesTest">
        <test-method status="PASS" signature="initiaLiseBrowser()[pri:0, instance:com.mkyong.conector.jes.PagoEnEspeciesJesTest@776b83cc]" name="initiaLiseBrowser" is-config="true" duration-ms="17461" started-at="2020-08-25T13:07:18Z" finished-at="2020-08-25T13:07:36Z">
          <reporter-output>
          </reporter-output>
        </test-method> <!-- initiaLiseBrowser -->
        <test-method status="PASS" signature="basePageNavigation()[pri:0, instance:com.mkyong.conector.jes.PagoEnEspeciesJesTest@776b83cc]" name="basePageNavigation" duration-ms="16157" started-at="2020-08-25T13:07:36Z" finished-at="2020-08-25T13:07:52Z">
          <reporter-output>
          </reporter-output>
        </test-method> <!-- basePageNavigation -->
        <test-method status="PASS" signature="closeBrowser()[pri:0, instance:com.mkyong.conector.jes.PagoEnEspeciesJesTest@776b83cc]" name="closeBrowser" is-config="true" duration-ms="546" started-at="2020-08-25T13:07:52Z" finished-at="2020-08-25T13:07:53Z">
          <reporter-output>
          </reporter-output>
        </test-method> <!-- closeBrowser -->
      </class> <!-- com.mkyong.conector.jes.PagoEnEspeciesJesTest -->
    </test> <!-- Conector4 -->
    <test name="Conciliacion" duration-ms="56676" started-at="2020-08-25T13:07:53Z" finished-at="2020-08-25T13:08:50Z">
      <class name="com.mkyong.conciliacion.conector.ConciliacionTest10">
        <test-method status="PASS" signature="initiaLiseBrowser()[pri:0, instance:com.mkyong.conciliacion.conector.ConciliacionTest10@5939a379]" name="initiaLiseBrowser" is-config="true" duration-ms="17233" started-at="2020-08-25T13:07:53Z" finished-at="2020-08-25T13:08:10Z">
          <reporter-output>
          </reporter-output>
        </test-method> <!-- initiaLiseBrowser -->
        <test-method status="PASS" signature="conciliacionFiscal1()[pri:0, instance:com.mkyong.conciliacion.conector.ConciliacionTest10@5939a379]" name="conciliacionFiscal1" duration-ms="39331" started-at="2020-08-25T13:08:10Z" finished-at="2020-08-25T13:08:49Z">
          <reporter-output>
          </reporter-output>
        </test-method> <!-- conciliacionFiscal1 -->
        <test-method status="PASS" signature="closeBrowser()[pri:0, instance:com.mkyong.conciliacion.conector.ConciliacionTest10@5939a379]" name="closeBrowser" is-config="true" duration-ms="112" started-at="2020-08-25T13:08:49Z" finished-at="2020-08-25T13:08:50Z">
          <reporter-output>
          </reporter-output>
        </test-method> <!-- closeBrowser -->
      </class> <!-- com.mkyong.conciliacion.conector.ConciliacionTest10 -->
    </test> <!-- Conciliacion -->
    <test name="Conciliacion1" duration-ms="43151" started-at="2020-08-25T13:08:50Z" finished-at="2020-08-25T13:09:33Z">
      <class name="com.mkyong.conciliacion.conector.ConciliacionTest11">
        <test-method status="PASS" signature="initiaLiseBrowser()[pri:0, instance:com.mkyong.conciliacion.conector.ConciliacionTest11@2892dae4]" name="initiaLiseBrowser" is-config="true" duration-ms="5247" started-at="2020-08-25T13:08:50Z" finished-at="2020-08-25T13:08:55Z">
          <reporter-output>
          </reporter-output>
        </test-method> <!-- initiaLiseBrowser -->
        <test-method status="PASS" signature="conciliacionFiscal1()[pri:0, instance:com.mkyong.conciliacion.conector.ConciliacionTest11@2892dae4]" name="conciliacionFiscal1" duration-ms="37677" started-at="2020-08-25T13:08:55Z" finished-at="2020-08-25T13:09:33Z">
          <reporter-output>
          </reporter-output>
        </test-method> <!-- conciliacionFiscal1 -->
        <test-method status="PASS" signature="closeBrowser()[pri:0, instance:com.mkyong.conciliacion.conector.ConciliacionTest11@2892dae4]" name="closeBrowser" is-config="true" duration-ms="227" started-at="2020-08-25T13:09:33Z" finished-at="2020-08-25T13:09:33Z">
          <reporter-output>
          </reporter-output>
        </test-method> <!-- closeBrowser -->
      </class> <!-- com.mkyong.conciliacion.conector.ConciliacionTest11 -->
    </test> <!-- Conciliacion1 -->
    <test name="Conciliacion2" duration-ms="53533" started-at="2020-08-25T13:09:33Z" finished-at="2020-08-25T13:10:26Z">
      <class name="com.mkyong.conciliacion.conector.ConciliacionTest13">
        <test-method status="PASS" signature="initiaLiseBrowser()[pri:0, instance:com.mkyong.conciliacion.conector.ConciliacionTest13@482bce4f]" name="initiaLiseBrowser" is-config="true" duration-ms="8169" started-at="2020-08-25T13:09:33Z" finished-at="2020-08-25T13:09:41Z">
          <reporter-output>
          </reporter-output>
        </test-method> <!-- initiaLiseBrowser -->
        <test-method status="PASS" signature="conciliacionFiscal1()[pri:0, instance:com.mkyong.conciliacion.conector.ConciliacionTest13@482bce4f]" name="conciliacionFiscal1" duration-ms="44392" started-at="2020-08-25T13:09:41Z" finished-at="2020-08-25T13:10:25Z">
          <reporter-output>
          </reporter-output>
        </test-method> <!-- conciliacionFiscal1 -->
        <test-method status="PASS" signature="closeBrowser()[pri:0, instance:com.mkyong.conciliacion.conector.ConciliacionTest13@482bce4f]" name="closeBrowser" is-config="true" duration-ms="972" started-at="2020-08-25T13:10:25Z" finished-at="2020-08-25T13:10:26Z">
          <reporter-output>
          </reporter-output>
        </test-method> <!-- closeBrowser -->
      </class> <!-- com.mkyong.conciliacion.conector.ConciliacionTest13 -->
    </test> <!-- Conciliacion2 -->
    <test name="Conciliacion3" duration-ms="49790" started-at="2020-08-25T13:10:27Z" finished-at="2020-08-25T13:11:16Z">
      <class name="com.mkyong.conciliacion.conector.ConciliacionTest3">
        <test-method status="PASS" signature="initiaLiseBrowser()[pri:0, instance:com.mkyong.conciliacion.conector.ConciliacionTest3@62e7f11d]" name="initiaLiseBrowser" is-config="true" duration-ms="8870" started-at="2020-08-25T13:10:27Z" finished-at="2020-08-25T13:10:36Z">
          <reporter-output>
          </reporter-output>
        </test-method> <!-- initiaLiseBrowser -->
        <test-method status="PASS" signature="conciliacionFiscal3()[pri:0, instance:com.mkyong.conciliacion.conector.ConciliacionTest3@62e7f11d]" name="conciliacionFiscal3" duration-ms="40807" started-at="2020-08-25T13:10:36Z" finished-at="2020-08-25T13:11:16Z">
          <reporter-output>
          </reporter-output>
        </test-method> <!-- conciliacionFiscal3 -->
        <test-method status="PASS" signature="closeBrowser()[pri:0, instance:com.mkyong.conciliacion.conector.ConciliacionTest3@62e7f11d]" name="closeBrowser" is-config="true" duration-ms="113" started-at="2020-08-25T13:11:16Z" finished-at="2020-08-25T13:11:16Z">
          <reporter-output>
          </reporter-output>
        </test-method> <!-- closeBrowser -->
      </class> <!-- com.mkyong.conciliacion.conector.ConciliacionTest3 -->
    </test> <!-- Conciliacion3 -->
    <test name="Conciliacion4" duration-ms="53267" started-at="2020-08-25T13:11:17Z" finished-at="2020-08-25T13:12:10Z">
      <class name="com.mkyong.conciliacion.conector.ConciliacionTest4">
        <test-method status="PASS" signature="initiaLiseBrowser()[pri:0, instance:com.mkyong.conciliacion.conector.ConciliacionTest4@19d481b]" name="initiaLiseBrowser" is-config="true" duration-ms="6833" started-at="2020-08-25T13:11:17Z" finished-at="2020-08-25T13:11:23Z">
          <reporter-output>
          </reporter-output>
        </test-method> <!-- initiaLiseBrowser -->
        <test-method status="PASS" signature="conciliacionFiscal1()[pri:0, instance:com.mkyong.conciliacion.conector.ConciliacionTest4@19d481b]" name="conciliacionFiscal1" duration-ms="46320" started-at="2020-08-25T13:11:23Z" finished-at="2020-08-25T13:12:10Z">
          <reporter-output>
          </reporter-output>
        </test-method> <!-- conciliacionFiscal1 -->
        <test-method status="PASS" signature="closeBrowser()[pri:0, instance:com.mkyong.conciliacion.conector.ConciliacionTest4@19d481b]" name="closeBrowser" is-config="true" duration-ms="113" started-at="2020-08-25T13:12:10Z" finished-at="2020-08-25T13:12:10Z">
          <reporter-output>
          </reporter-output>
        </test-method> <!-- closeBrowser -->
      </class> <!-- com.mkyong.conciliacion.conector.ConciliacionTest4 -->
    </test> <!-- Conciliacion4 -->
    <test name="Conciliacion5" duration-ms="70229" started-at="2020-08-25T13:12:10Z" finished-at="2020-08-25T13:13:20Z">
      <class name="com.mkyong.conciliacion.conector.ConciliacionTest5">
        <test-method status="PASS" signature="initiaLiseBrowser()[pri:0, instance:com.mkyong.conciliacion.conector.ConciliacionTest5@3246fb96]" name="initiaLiseBrowser" is-config="true" duration-ms="20924" started-at="2020-08-25T13:12:10Z" finished-at="2020-08-25T13:12:31Z">
          <reporter-output>
          </reporter-output>
        </test-method> <!-- initiaLiseBrowser -->
        <test-method status="PASS" signature="conciliacionFiscal1()[pri:0, instance:com.mkyong.conciliacion.conector.ConciliacionTest5@3246fb96]" name="conciliacionFiscal1" duration-ms="49180" started-at="2020-08-25T13:12:31Z" finished-at="2020-08-25T13:13:20Z">
          <reporter-output>
          </reporter-output>
        </test-method> <!-- conciliacionFiscal1 -->
        <test-method status="PASS" signature="closeBrowser()[pri:0, instance:com.mkyong.conciliacion.conector.ConciliacionTest5@3246fb96]" name="closeBrowser" is-config="true" duration-ms="123" started-at="2020-08-25T13:13:20Z" finished-at="2020-08-25T13:13:20Z">
          <reporter-output>
          </reporter-output>
        </test-method> <!-- closeBrowser -->
      </class> <!-- com.mkyong.conciliacion.conector.ConciliacionTest5 -->
    </test> <!-- Conciliacion5 -->
    <test name="Conciliacion6" duration-ms="59948" started-at="2020-08-25T13:13:20Z" finished-at="2020-08-25T13:14:20Z">
      <class name="com.mkyong.conciliacion.conector.ConciliacionTest62">
        <test-method status="PASS" signature="initiaLiseBrowser()[pri:0, instance:com.mkyong.conciliacion.conector.ConciliacionTest62@68c72235]" name="initiaLiseBrowser" is-config="true" duration-ms="5653" started-at="2020-08-25T13:13:20Z" finished-at="2020-08-25T13:13:26Z">
          <reporter-output>
          </reporter-output>
        </test-method> <!-- initiaLiseBrowser -->
        <test-method status="FAIL" signature="conciliacionFiscal1()[pri:0, instance:com.mkyong.conciliacion.conector.ConciliacionTest62@68c72235]" name="conciliacionFiscal1" duration-ms="52689" started-at="2020-08-25T13:13:26Z" finished-at="2020-08-25T13:14:19Z">
          <exception class="org.openqa.selenium.ElementNotInteractableException">
            <message>
              <![CDATA[element not interactable
  (Session info: chrome=84.0.4147.135)
Build info: version: '3.141.59', revision: 'e82be7d358', time: '2018-11-14T08:17:03'
System info: host: 'Lisandro-Silva.local', ip: '127.0.0.1', os.name: 'Mac OS X', os.arch: 'x86_64', os.version: '10.15.2', java.version: '1.8.0_251'
Driver info: org.openqa.selenium.chrome.ChromeDriver
Capabilities {acceptInsecureCerts: false, browserName: chrome, browserVersion: 84.0.4147.135, chrome: {chromedriverVersion: 84.0.4147.30 (48b3e868b4cc0..., userDataDir: /var/folders/zd/xs0gg_pd749...}, goog:chromeOptions: {debuggerAddress: localhost:52835}, javascriptEnabled: true, networkConnectionEnabled: false, pageLoadStrategy: normal, platform: MAC, platformName: MAC, proxy: Proxy(), setWindowRect: true, strictFileInteractability: false, timeouts: {implicit: 0, pageLoad: 300000, script: 30000}, unhandledPromptBehavior: dismiss and notify, webauthn:virtualAuthenticators: true}
Session ID: 1bcf31b20fc628afc27043494d4000f0]]>
            </message>
            <full-stacktrace>
              <![CDATA[org.openqa.selenium.ElementNotInteractableException: element not interactable
  (Session info: chrome=84.0.4147.135)
Build info: version: '3.141.59', revision: 'e82be7d358', time: '2018-11-14T08:17:03'
System info: host: 'Lisandro-Silva.local', ip: '127.0.0.1', os.name: 'Mac OS X', os.arch: 'x86_64', os.version: '10.15.2', java.version: '1.8.0_251'
Driver info: org.openqa.selenium.chrome.ChromeDriver
Capabilities {acceptInsecureCerts: false, browserName: chrome, browserVersion: 84.0.4147.135, chrome: {chromedriverVersion: 84.0.4147.30 (48b3e868b4cc0..., userDataDir: /var/folders/zd/xs0gg_pd749...}, goog:chromeOptions: {debuggerAddress: localhost:52835}, javascriptEnabled: true, networkConnectionEnabled: false, pageLoadStrategy: normal, platform: MAC, platformName: MAC, proxy: Proxy(), setWindowRect: true, strictFileInteractability: false, timeouts: {implicit: 0, pageLoad: 300000, script: 30000}, unhandledPromptBehavior: dismiss and notify, webauthn:virtualAuthenticators: true}
Session ID: 1bcf31b20fc628afc27043494d4000f0
at sun.reflect.NativeConstructorAccessorImpl.newInstance0(Native Method)
at sun.reflect.NativeConstructorAccessorImpl.newInstance(NativeConstructorAccessorImpl.java:62)
at sun.reflect.DelegatingConstructorAccessorImpl.newInstance(DelegatingConstructorAccessorImpl.java:45)
at java.lang.reflect.Constructor.newInstance(Constructor.java:423)
at org.openqa.selenium.remote.http.W3CHttpResponseCodec.createException(W3CHttpResponseCodec.java:187)
at org.openqa.selenium.remote.http.W3CHttpResponseCodec.decode(W3CHttpResponseCodec.java:122)
at org.openqa.selenium.remote.http.W3CHttpResponseCodec.decode(W3CHttpResponseCodec.java:49)
at org.openqa.selenium.remote.HttpCommandExecutor.execute(HttpCommandExecutor.java:158)
at org.openqa.selenium.remote.service.DriverCommandExecutor.execute(DriverCommandExecutor.java:83)
at org.openqa.selenium.remote.RemoteWebDriver.execute(RemoteWebDriver.java:552)
at org.openqa.selenium.remote.RemoteWebElement.execute(RemoteWebElement.java:285)
at org.openqa.selenium.remote.RemoteWebElement.click(RemoteWebElement.java:84)
at com.mkyong.conciliacion.conector.ConciliacionTest62.conciliacionFiscal1(ConciliacionTest62.java:103)
at sun.reflect.NativeMethodAccessorImpl.invoke0(Native Method)
at sun.reflect.NativeMethodAccessorImpl.invoke(NativeMethodAccessorImpl.java:62)
at sun.reflect.DelegatingMethodAccessorImpl.invoke(DelegatingMethodAccessorImpl.java:43)
at java.lang.reflect.Method.invoke(Method.java:498)
at org.testng.internal.MethodInvocationHelper.invokeMethod(MethodInvocationHelper.java:124)
at org.testng.internal.Invoker.invokeMethod(Invoker.java:583)
at org.testng.internal.Invoker.invokeTestMethod(Invoker.java:719)
at org.testng.internal.Invoker.invokeTestMethods(Invoker.java:989)
at org.testng.internal.TestMethodWorker.invokeTestMethods(TestMethodWorker.java:125)
at org.testng.internal.TestMethodWorker.run(TestMethodWorker.java:109)
at org.testng.TestRunner.privateRun(TestRunner.java:648)
at org.testng.TestRunner.run(TestRunner.java:505)
at org.testng.SuiteRunner.runTest(SuiteRunner.java:455)
at org.testng.SuiteRunner.runSequentially(SuiteRunner.java:450)
at org.testng.SuiteRunner.privateRun(SuiteRunner.java:415)
at org.testng.SuiteRunner.run(SuiteRunner.java:364)
at org.testng.SuiteRunnerWorker.runSuite(SuiteRunnerWorker.java:52)
at org.testng.SuiteRunnerWorker.run(SuiteRunnerWorker.java:84)
at org.testng.TestNG.runSuitesSequentially(TestNG.java:1208)
at org.testng.TestNG.runSuitesLocally(TestNG.java:1137)
at org.testng.TestNG.runSuites(TestNG.java:1049)
at org.testng.TestNG.run(TestNG.java:1017)
at org.apache.maven.surefire.testng.TestNGExecutor.run(TestNGExecutor.java:283)
at org.apache.maven.surefire.testng.TestNGXmlTestSuite.execute(TestNGXmlTestSuite.java:75)
at org.apache.maven.surefire.testng.TestNGProvider.invoke(TestNGProvider.java:120)
at org.apache.maven.surefire.booter.ForkedBooter.runSuitesInProcess(ForkedBooter.java:377)
at org.apache.maven.surefire.booter.ForkedBooter.execute(ForkedBooter.java:138)
at org.apache.maven.surefire.booter.ForkedBooter.run(ForkedBooter.java:465)
at org.apache.maven.surefire.booter.ForkedBooter.main(ForkedBooter.java:451)
]]>
            </full-stacktrace>
          </exception> <!-- org.openqa.selenium.ElementNotInteractableException -->
          <reporter-output>
          </reporter-output>
        </test-method> <!-- conciliacionFiscal1 -->
        <test-method status="PASS" signature="closeBrowser()[pri:0, instance:com.mkyong.conciliacion.conector.ConciliacionTest62@68c72235]" name="closeBrowser" is-config="true" duration-ms="120" started-at="2020-08-25T13:14:20Z" finished-at="2020-08-25T13:14:20Z">
          <reporter-output>
          </reporter-output>
        </test-method> <!-- closeBrowser -->
      </class> <!-- com.mkyong.conciliacion.conector.ConciliacionTest62 -->
    </test> <!-- Conciliacion6 -->
    <test name="Conciliacion7" duration-ms="50615" started-at="2020-08-25T13:14:20Z" finished-at="2020-08-25T13:15:11Z">
      <class name="com.mkyong.conciliacion.conector.ConciliacionTest32">
        <test-method status="PASS" signature="initiaLiseBrowser()[pri:0, instance:com.mkyong.conciliacion.conector.ConciliacionTest32@346d61be]" name="initiaLiseBrowser" is-config="true" duration-ms="5874" started-at="2020-08-25T13:14:20Z" finished-at="2020-08-25T13:14:26Z">
          <reporter-output>
          </reporter-output>
        </test-method> <!-- initiaLiseBrowser -->
        <test-method status="PASS" signature="conciliacionFiscal1()[pri:0, instance:com.mkyong.conciliacion.conector.ConciliacionTest32@346d61be]" name="conciliacionFiscal1" duration-ms="44622" started-at="2020-08-25T13:14:26Z" finished-at="2020-08-25T13:15:11Z">
          <reporter-output>
          </reporter-output>
        </test-method> <!-- conciliacionFiscal1 -->
        <test-method status="PASS" signature="closeBrowser()[pri:0, instance:com.mkyong.conciliacion.conector.ConciliacionTest32@346d61be]" name="closeBrowser" is-config="true" duration-ms="119" started-at="2020-08-25T13:15:11Z" finished-at="2020-08-25T13:15:11Z">
          <reporter-output>
          </reporter-output>
        </test-method> <!-- closeBrowser -->
      </class> <!-- com.mkyong.conciliacion.conector.ConciliacionTest32 -->
    </test> <!-- Conciliacion7 -->
    <test name="Conciliacion8" duration-ms="46716" started-at="2020-08-25T13:15:11Z" finished-at="2020-08-25T13:15:58Z">
      <class name="com.mkyong.conciliacion.conector.ConciliacionTest33">
        <test-method status="PASS" signature="initiaLiseBrowser()[pri:0, instance:com.mkyong.conciliacion.conector.ConciliacionTest33@74455848]" name="initiaLiseBrowser" is-config="true" duration-ms="3843" started-at="2020-08-25T13:15:11Z" finished-at="2020-08-25T13:15:15Z">
          <reporter-output>
          </reporter-output>
        </test-method> <!-- initiaLiseBrowser -->
        <test-method status="PASS" signature="conciliacionFiscal1()[pri:0, instance:com.mkyong.conciliacion.conector.ConciliacionTest33@74455848]" name="conciliacionFiscal1" duration-ms="42755" started-at="2020-08-25T13:15:15Z" finished-at="2020-08-25T13:15:58Z">
          <reporter-output>
          </reporter-output>
        </test-method> <!-- conciliacionFiscal1 -->
        <test-method status="PASS" signature="closeBrowser()[pri:0, instance:com.mkyong.conciliacion.conector.ConciliacionTest33@74455848]" name="closeBrowser" is-config="true" duration-ms="118" started-at="2020-08-25T13:15:58Z" finished-at="2020-08-25T13:15:58Z">
          <reporter-output>
          </reporter-output>
        </test-method> <!-- closeBrowser -->
      </class> <!-- com.mkyong.conciliacion.conector.ConciliacionTest33 -->
    </test> <!-- Conciliacion8 -->
    <test name="Conciliacion9" duration-ms="54790" started-at="2020-08-25T13:15:58Z" finished-at="2020-08-25T13:16:53Z">
      <class name="com.mkyong.conciliacion.conector.ConciliacionTest34">
        <test-method status="PASS" signature="initiaLiseBrowser()[pri:0, instance:com.mkyong.conciliacion.conector.ConciliacionTest34@79da8dc5]" name="initiaLiseBrowser" is-config="true" duration-ms="6748" started-at="2020-08-25T13:15:58Z" finished-at="2020-08-25T13:16:05Z">
          <reporter-output>
          </reporter-output>
        </test-method> <!-- initiaLiseBrowser -->
        <test-method status="PASS" signature="conciliacionFiscal1()[pri:0, instance:com.mkyong.conciliacion.conector.ConciliacionTest34@79da8dc5]" name="conciliacionFiscal1" duration-ms="47932" started-at="2020-08-25T13:16:05Z" finished-at="2020-08-25T13:16:53Z">
          <reporter-output>
          </reporter-output>
        </test-method> <!-- conciliacionFiscal1 -->
        <test-method status="PASS" signature="closeBrowser()[pri:0, instance:com.mkyong.conciliacion.conector.ConciliacionTest34@79da8dc5]" name="closeBrowser" is-config="true" duration-ms="109" started-at="2020-08-25T13:16:53Z" finished-at="2020-08-25T13:16:53Z">
          <reporter-output>
          </reporter-output>
        </test-method> <!-- closeBrowser -->
      </class> <!-- com.mkyong.conciliacion.conector.ConciliacionTest34 -->
    </test> <!-- Conciliacion9 -->
    <test name="Conciliacion11" duration-ms="61689" started-at="2020-08-25T13:16:53Z" finished-at="2020-08-25T13:17:54Z">
      <class name="com.mkyong.conciliacion.conector.ConciliacionTest63">
        <test-method status="PASS" signature="initiaLiseBrowser()[pri:0, instance:com.mkyong.conciliacion.conector.ConciliacionTest63@53976f5c]" name="initiaLiseBrowser" is-config="true" duration-ms="4663" started-at="2020-08-25T13:16:53Z" finished-at="2020-08-25T13:16:57Z">
          <reporter-output>
          </reporter-output>
        </test-method> <!-- initiaLiseBrowser -->
        <test-method status="FAIL" signature="conciliacionFiscal1()[pri:0, instance:com.mkyong.conciliacion.conector.ConciliacionTest63@53976f5c]" name="conciliacionFiscal1" duration-ms="55566" started-at="2020-08-25T13:16:57Z" finished-at="2020-08-25T13:17:53Z">
          <exception class="org.openqa.selenium.ElementNotInteractableException">
            <message>
              <![CDATA[element not interactable
  (Session info: chrome=84.0.4147.135)
Build info: version: '3.141.59', revision: 'e82be7d358', time: '2018-11-14T08:17:03'
System info: host: 'Lisandro-Silva.local', ip: '127.0.0.1', os.name: 'Mac OS X', os.arch: 'x86_64', os.version: '10.15.2', java.version: '1.8.0_251'
Driver info: org.openqa.selenium.chrome.ChromeDriver
Capabilities {acceptInsecureCerts: false, browserName: chrome, browserVersion: 84.0.4147.135, chrome: {chromedriverVersion: 84.0.4147.30 (48b3e868b4cc0..., userDataDir: /var/folders/zd/xs0gg_pd749...}, goog:chromeOptions: {debuggerAddress: localhost:52982}, javascriptEnabled: true, networkConnectionEnabled: false, pageLoadStrategy: normal, platform: MAC, platformName: MAC, proxy: Proxy(), setWindowRect: true, strictFileInteractability: false, timeouts: {implicit: 0, pageLoad: 300000, script: 30000}, unhandledPromptBehavior: dismiss and notify, webauthn:virtualAuthenticators: true}
Session ID: d77a516f820a71b4f9921644d97e6acc]]>
            </message>
            <full-stacktrace>
              <![CDATA[org.openqa.selenium.ElementNotInteractableException: element not interactable
  (Session info: chrome=84.0.4147.135)
Build info: version: '3.141.59', revision: 'e82be7d358', time: '2018-11-14T08:17:03'
System info: host: 'Lisandro-Silva.local', ip: '127.0.0.1', os.name: 'Mac OS X', os.arch: 'x86_64', os.version: '10.15.2', java.version: '1.8.0_251'
Driver info: org.openqa.selenium.chrome.ChromeDriver
Capabilities {acceptInsecureCerts: false, browserName: chrome, browserVersion: 84.0.4147.135, chrome: {chromedriverVersion: 84.0.4147.30 (48b3e868b4cc0..., userDataDir: /var/folders/zd/xs0gg_pd749...}, goog:chromeOptions: {debuggerAddress: localhost:52982}, javascriptEnabled: true, networkConnectionEnabled: false, pageLoadStrategy: normal, platform: MAC, platformName: MAC, proxy: Proxy(), setWindowRect: true, strictFileInteractability: false, timeouts: {implicit: 0, pageLoad: 300000, script: 30000}, unhandledPromptBehavior: dismiss and notify, webauthn:virtualAuthenticators: true}
Session ID: d77a516f820a71b4f9921644d97e6acc
at sun.reflect.NativeConstructorAccessorImpl.newInstance0(Native Method)
at sun.reflect.NativeConstructorAccessorImpl.newInstance(NativeConstructorAccessorImpl.java:62)
at sun.reflect.DelegatingConstructorAccessorImpl.newInstance(DelegatingConstructorAccessorImpl.java:45)
at java.lang.reflect.Constructor.newInstance(Constructor.java:423)
at org.openqa.selenium.remote.http.W3CHttpResponseCodec.createException(W3CHttpResponseCodec.java:187)
at org.openqa.selenium.remote.http.W3CHttpResponseCodec.decode(W3CHttpResponseCodec.java:122)
at org.openqa.selenium.remote.http.W3CHttpResponseCodec.decode(W3CHttpResponseCodec.java:49)
at org.openqa.selenium.remote.HttpCommandExecutor.execute(HttpCommandExecutor.java:158)
at org.openqa.selenium.remote.service.DriverCommandExecutor.execute(DriverCommandExecutor.java:83)
at org.openqa.selenium.remote.RemoteWebDriver.execute(RemoteWebDriver.java:552)
at org.openqa.selenium.remote.RemoteWebElement.execute(RemoteWebElement.java:285)
at org.openqa.selenium.remote.RemoteWebElement.click(RemoteWebElement.java:84)
at com.mkyong.conciliacion.conector.ConciliacionTest63.conciliacionFiscal1(ConciliacionTest63.java:103)
at sun.reflect.NativeMethodAccessorImpl.invoke0(Native Method)
at sun.reflect.NativeMethodAccessorImpl.invoke(NativeMethodAccessorImpl.java:62)
at sun.reflect.DelegatingMethodAccessorImpl.invoke(DelegatingMethodAccessorImpl.java:43)
at java.lang.reflect.Method.invoke(Method.java:498)
at org.testng.internal.MethodInvocationHelper.invokeMethod(MethodInvocationHelper.java:124)
at org.testng.internal.Invoker.invokeMethod(Invoker.java:583)
at org.testng.internal.Invoker.invokeTestMethod(Invoker.java:719)
at org.testng.internal.Invoker.invokeTestMethods(Invoker.java:989)
at org.testng.internal.TestMethodWorker.invokeTestMethods(TestMethodWorker.java:125)
at org.testng.internal.TestMethodWorker.run(TestMethodWorker.java:109)
at org.testng.TestRunner.privateRun(TestRunner.java:648)
at org.testng.TestRunner.run(TestRunner.java:505)
at org.testng.SuiteRunner.runTest(SuiteRunner.java:455)
at org.testng.SuiteRunner.runSequentially(SuiteRunner.java:450)
at org.testng.SuiteRunner.privateRun(SuiteRunner.java:415)
at org.testng.SuiteRunner.run(SuiteRunner.java:364)
at org.testng.SuiteRunnerWorker.runSuite(SuiteRunnerWorker.java:52)
at org.testng.SuiteRunnerWorker.run(SuiteRunnerWorker.java:84)
at org.testng.TestNG.runSuitesSequentially(TestNG.java:1208)
at org.testng.TestNG.runSuitesLocally(TestNG.java:1137)
at org.testng.TestNG.runSuites(TestNG.java:1049)
at org.testng.TestNG.run(TestNG.java:1017)
at org.apache.maven.surefire.testng.TestNGExecutor.run(TestNGExecutor.java:283)
at org.apache.maven.surefire.testng.TestNGXmlTestSuite.execute(TestNGXmlTestSuite.java:75)
at org.apache.maven.surefire.testng.TestNGProvider.invoke(TestNGProvider.java:120)
at org.apache.maven.surefire.booter.ForkedBooter.runSuitesInProcess(ForkedBooter.java:377)
at org.apache.maven.surefire.booter.ForkedBooter.execute(ForkedBooter.java:138)
at org.apache.maven.surefire.booter.ForkedBooter.run(ForkedBooter.java:465)
at org.apache.maven.surefire.booter.ForkedBooter.main(ForkedBooter.java:451)
]]>
            </full-stacktrace>
          </exception> <!-- org.openqa.selenium.ElementNotInteractableException -->
          <reporter-output>
          </reporter-output>
        </test-method> <!-- conciliacionFiscal1 -->
        <test-method status="PASS" signature="closeBrowser()[pri:0, instance:com.mkyong.conciliacion.conector.ConciliacionTest63@53976f5c]" name="closeBrowser" is-config="true" duration-ms="109" started-at="2020-08-25T13:17:54Z" finished-at="2020-08-25T13:17:54Z">
          <reporter-output>
          </reporter-output>
        </test-method> <!-- closeBrowser -->
      </class> <!-- com.mkyong.conciliacion.conector.ConciliacionTest63 -->
    </test> <!-- Conciliacion11 -->
    <test name="Conciliacion12" duration-ms="59596" started-at="2020-08-25T13:17:54Z" finished-at="2020-08-25T13:18:54Z">
      <class name="com.mkyong.conciliacion.conector.ConciliacionTest64">
        <test-method status="PASS" signature="initiaLiseBrowser()[pri:0, instance:com.mkyong.conciliacion.conector.ConciliacionTest64@44821a96]" name="initiaLiseBrowser" is-config="true" duration-ms="5107" started-at="2020-08-25T13:17:54Z" finished-at="2020-08-25T13:18:00Z">
          <reporter-output>
          </reporter-output>
        </test-method> <!-- initiaLiseBrowser -->
        <test-method status="FAIL" signature="conciliacionFiscal1()[pri:0, instance:com.mkyong.conciliacion.conector.ConciliacionTest64@44821a96]" name="conciliacionFiscal1" duration-ms="52908" started-at="2020-08-25T13:18:00Z" finished-at="2020-08-25T13:18:52Z">
          <exception class="org.openqa.selenium.ElementNotInteractableException">
            <message>
              <![CDATA[element not interactable
  (Session info: chrome=84.0.4147.135)
Build info: version: '3.141.59', revision: 'e82be7d358', time: '2018-11-14T08:17:03'
System info: host: 'Lisandro-Silva.local', ip: '127.0.0.1', os.name: 'Mac OS X', os.arch: 'x86_64', os.version: '10.15.2', java.version: '1.8.0_251'
Driver info: org.openqa.selenium.chrome.ChromeDriver
Capabilities {acceptInsecureCerts: false, browserName: chrome, browserVersion: 84.0.4147.135, chrome: {chromedriverVersion: 84.0.4147.30 (48b3e868b4cc0..., userDataDir: /var/folders/zd/xs0gg_pd749...}, goog:chromeOptions: {debuggerAddress: localhost:53020}, javascriptEnabled: true, networkConnectionEnabled: false, pageLoadStrategy: normal, platform: MAC, platformName: MAC, proxy: Proxy(), setWindowRect: true, strictFileInteractability: false, timeouts: {implicit: 0, pageLoad: 300000, script: 30000}, unhandledPromptBehavior: dismiss and notify, webauthn:virtualAuthenticators: true}
Session ID: d2d3473267ae892bded1ad9ca9e3b54c]]>
            </message>
            <full-stacktrace>
              <![CDATA[org.openqa.selenium.ElementNotInteractableException: element not interactable
  (Session info: chrome=84.0.4147.135)
Build info: version: '3.141.59', revision: 'e82be7d358', time: '2018-11-14T08:17:03'
System info: host: 'Lisandro-Silva.local', ip: '127.0.0.1', os.name: 'Mac OS X', os.arch: 'x86_64', os.version: '10.15.2', java.version: '1.8.0_251'
Driver info: org.openqa.selenium.chrome.ChromeDriver
Capabilities {acceptInsecureCerts: false, browserName: chrome, browserVersion: 84.0.4147.135, chrome: {chromedriverVersion: 84.0.4147.30 (48b3e868b4cc0..., userDataDir: /var/folders/zd/xs0gg_pd749...}, goog:chromeOptions: {debuggerAddress: localhost:53020}, javascriptEnabled: true, networkConnectionEnabled: false, pageLoadStrategy: normal, platform: MAC, platformName: MAC, proxy: Proxy(), setWindowRect: true, strictFileInteractability: false, timeouts: {implicit: 0, pageLoad: 300000, script: 30000}, unhandledPromptBehavior: dismiss and notify, webauthn:virtualAuthenticators: true}
Session ID: d2d3473267ae892bded1ad9ca9e3b54c
at sun.reflect.NativeConstructorAccessorImpl.newInstance0(Native Method)
at sun.reflect.NativeConstructorAccessorImpl.newInstance(NativeConstructorAccessorImpl.java:62)
at sun.reflect.DelegatingConstructorAccessorImpl.newInstance(DelegatingConstructorAccessorImpl.java:45)
at java.lang.reflect.Constructor.newInstance(Constructor.java:423)
at org.openqa.selenium.remote.http.W3CHttpResponseCodec.createException(W3CHttpResponseCodec.java:187)
at org.openqa.selenium.remote.http.W3CHttpResponseCodec.decode(W3CHttpResponseCodec.java:122)
at org.openqa.selenium.remote.http.W3CHttpResponseCodec.decode(W3CHttpResponseCodec.java:49)
at org.openqa.selenium.remote.HttpCommandExecutor.execute(HttpCommandExecutor.java:158)
at org.openqa.selenium.remote.service.DriverCommandExecutor.execute(DriverCommandExecutor.java:83)
at org.openqa.selenium.remote.RemoteWebDriver.execute(RemoteWebDriver.java:552)
at org.openqa.selenium.remote.RemoteWebElement.execute(RemoteWebElement.java:285)
at org.openqa.selenium.remote.RemoteWebElement.click(RemoteWebElement.java:84)
at com.mkyong.conciliacion.conector.ConciliacionTest64.conciliacionFiscal1(ConciliacionTest64.java:103)
at sun.reflect.NativeMethodAccessorImpl.invoke0(Native Method)
at sun.reflect.NativeMethodAccessorImpl.invoke(NativeMethodAccessorImpl.java:62)
at sun.reflect.DelegatingMethodAccessorImpl.invoke(DelegatingMethodAccessorImpl.java:43)
at java.lang.reflect.Method.invoke(Method.java:498)
at org.testng.internal.MethodInvocationHelper.invokeMethod(MethodInvocationHelper.java:124)
at org.testng.internal.Invoker.invokeMethod(Invoker.java:583)
at org.testng.internal.Invoker.invokeTestMethod(Invoker.java:719)
at org.testng.internal.Invoker.invokeTestMethods(Invoker.java:989)
at org.testng.internal.TestMethodWorker.invokeTestMethods(TestMethodWorker.java:125)
at org.testng.internal.TestMethodWorker.run(TestMethodWorker.java:109)
at org.testng.TestRunner.privateRun(TestRunner.java:648)
at org.testng.TestRunner.run(TestRunner.java:505)
at org.testng.SuiteRunner.runTest(SuiteRunner.java:455)
at org.testng.SuiteRunner.runSequentially(SuiteRunner.java:450)
at org.testng.SuiteRunner.privateRun(SuiteRunner.java:415)
at org.testng.SuiteRunner.run(SuiteRunner.java:364)
at org.testng.SuiteRunnerWorker.runSuite(SuiteRunnerWorker.java:52)
at org.testng.SuiteRunnerWorker.run(SuiteRunnerWorker.java:84)
at org.testng.TestNG.runSuitesSequentially(TestNG.java:1208)
at org.testng.TestNG.runSuitesLocally(TestNG.java:1137)
at org.testng.TestNG.runSuites(TestNG.java:1049)
at org.testng.TestNG.run(TestNG.java:1017)
at org.apache.maven.surefire.testng.TestNGExecutor.run(TestNGExecutor.java:283)
at org.apache.maven.surefire.testng.TestNGXmlTestSuite.execute(TestNGXmlTestSuite.java:75)
at org.apache.maven.surefire.testng.TestNGProvider.invoke(TestNGProvider.java:120)
at org.apache.maven.surefire.booter.ForkedBooter.runSuitesInProcess(ForkedBooter.java:377)
at org.apache.maven.surefire.booter.ForkedBooter.execute(ForkedBooter.java:138)
at org.apache.maven.surefire.booter.ForkedBooter.run(ForkedBooter.java:465)
at org.apache.maven.surefire.booter.ForkedBooter.main(ForkedBooter.java:451)
]]>
            </full-stacktrace>
          </exception> <!-- org.openqa.selenium.ElementNotInteractableException -->
          <reporter-output>
          </reporter-output>
        </test-method> <!-- conciliacionFiscal1 -->
        <test-method status="PASS" signature="closeBrowser()[pri:0, instance:com.mkyong.conciliacion.conector.ConciliacionTest64@44821a96]" name="closeBrowser" is-config="true" duration-ms="193" started-at="2020-08-25T13:18:54Z" finished-at="2020-08-25T13:18:54Z">
          <reporter-output>
          </reporter-output>
        </test-method> <!-- closeBrowser -->
      </class> <!-- com.mkyong.conciliacion.conector.ConciliacionTest64 -->
    </test> <!-- Conciliacion12 -->
    <test name="Conciliacion13" duration-ms="47306" started-at="2020-08-25T13:18:54Z" finished-at="2020-08-25T13:19:41Z">
      <class name="com.mkyong.conciliacion.conector.ConciliacionTest65">
        <test-method status="PASS" signature="initiaLiseBrowser()[pri:0, instance:com.mkyong.conciliacion.conector.ConciliacionTest65@625732]" name="initiaLiseBrowser" is-config="true" duration-ms="5885" started-at="2020-08-25T13:18:54Z" finished-at="2020-08-25T13:19:00Z">
          <reporter-output>
          </reporter-output>
        </test-method> <!-- initiaLiseBrowser -->
        <test-method status="PASS" signature="conciliacionFiscal1()[pri:0, instance:com.mkyong.conciliacion.conector.ConciliacionTest65@625732]" name="conciliacionFiscal1" duration-ms="41307" started-at="2020-08-25T13:19:00Z" finished-at="2020-08-25T13:19:41Z">
          <reporter-output>
          </reporter-output>
        </test-method> <!-- conciliacionFiscal1 -->
        <test-method status="PASS" signature="closeBrowser()[pri:0, instance:com.mkyong.conciliacion.conector.ConciliacionTest65@625732]" name="closeBrowser" is-config="true" duration-ms="113" started-at="2020-08-25T13:19:41Z" finished-at="2020-08-25T13:19:41Z">
          <reporter-output>
          </reporter-output>
        </test-method> <!-- closeBrowser -->
      </class> <!-- com.mkyong.conciliacion.conector.ConciliacionTest65 -->
    </test> <!-- Conciliacion13 -->
    <test name="JesDetail" duration-ms="43796" started-at="2020-08-25T13:19:41Z" finished-at="2020-08-25T13:20:25Z">
      <class name="com.mkyong.buson.jes.detail.DonativosJesDetailTest">
        <test-method status="PASS" signature="initiaLiseBrowser()[pri:0, instance:com.mkyong.buson.jes.detail.DonativosJesDetailTest@6631f5ca]" name="initiaLiseBrowser" is-config="true" duration-ms="6035" started-at="2020-08-25T13:19:41Z" finished-at="2020-08-25T13:19:47Z">
          <reporter-output>
          </reporter-output>
        </test-method> <!-- initiaLiseBrowser -->
        <test-method status="PASS" signature="donativosDetailJes()[pri:0, instance:com.mkyong.buson.jes.detail.DonativosJesDetailTest@6631f5ca]" name="donativosDetailJes" duration-ms="37648" started-at="2020-08-25T13:19:47Z" finished-at="2020-08-25T13:20:25Z">
          <reporter-output>
          </reporter-output>
        </test-method> <!-- donativosDetailJes -->
        <test-method status="PASS" signature="closeBrowser()[pri:0, instance:com.mkyong.buson.jes.detail.DonativosJesDetailTest@6631f5ca]" name="closeBrowser" is-config="true" duration-ms="113" started-at="2020-08-25T13:20:25Z" finished-at="2020-08-25T13:20:25Z">
          <reporter-output>
          </reporter-output>
        </test-method> <!-- closeBrowser -->
      </class> <!-- com.mkyong.buson.jes.detail.DonativosJesDetailTest -->
    </test> <!-- JesDetail -->
    <test name="JesDetail1" duration-ms="15041" started-at="2020-08-25T13:20:25Z" finished-at="2020-08-25T13:20:40Z">
      <class name="com.mkyong.buson.jes.detail.FacturaAdendaMultiAssistenciaJesDetailTest">
        <test-method status="PASS" signature="initiaLiseBrowser()[pri:0, instance:com.mkyong.buson.jes.detail.FacturaAdendaMultiAssistenciaJesDetailTest@34f5090e]" name="initiaLiseBrowser" is-config="true" duration-ms="6375" started-at="2020-08-25T13:20:25Z" finished-at="2020-08-25T13:20:32Z">
          <reporter-output>
          </reporter-output>
        </test-method> <!-- initiaLiseBrowser -->
        <test-method status="FAIL" signature="facturaAdendaMultAssistDetailJes()[pri:0, instance:com.mkyong.buson.jes.detail.FacturaAdendaMultiAssistenciaJesDetailTest@34f5090e]" name="facturaAdendaMultAssistDetailJes" duration-ms="5905" started-at="2020-08-25T13:20:32Z" finished-at="2020-08-25T13:20:38Z">
          <exception class="org.openqa.selenium.StaleElementReferenceException">
            <message>
              <![CDATA[stale element reference: element is not attached to the page document
  (Session info: chrome=84.0.4147.135)
For documentation on this error, please visit: https://www.seleniumhq.org/exceptions/stale_element_reference.html
Build info: version: '3.141.59', revision: 'e82be7d358', time: '2018-11-14T08:17:03'
System info: host: 'Lisandro-Silva.local', ip: '127.0.0.1', os.name: 'Mac OS X', os.arch: 'x86_64', os.version: '10.15.2', java.version: '1.8.0_251'
Driver info: org.openqa.selenium.chrome.ChromeDriver
Capabilities {acceptInsecureCerts: false, browserName: chrome, browserVersion: 84.0.4147.135, chrome: {chromedriverVersion: 84.0.4147.30 (48b3e868b4cc0..., userDataDir: /var/folders/zd/xs0gg_pd749...}, goog:chromeOptions: {debuggerAddress: localhost:53129}, javascriptEnabled: true, networkConnectionEnabled: false, pageLoadStrategy: normal, platform: MAC, platformName: MAC, proxy: Proxy(), setWindowRect: true, strictFileInteractability: false, timeouts: {implicit: 0, pageLoad: 300000, script: 30000}, unhandledPromptBehavior: dismiss and notify, webauthn:virtualAuthenticators: true}
Session ID: 2a97229c6f952a5a08075f7fe0c48f42]]>
            </message>
            <full-stacktrace>
              <![CDATA[org.openqa.selenium.StaleElementReferenceException: stale element reference: element is not attached to the page document
  (Session info: chrome=84.0.4147.135)
For documentation on this error, please visit: https://www.seleniumhq.org/exceptions/stale_element_reference.html
Build info: version: '3.141.59', revision: 'e82be7d358', time: '2018-11-14T08:17:03'
System info: host: 'Lisandro-Silva.local', ip: '127.0.0.1', os.name: 'Mac OS X', os.arch: 'x86_64', os.version: '10.15.2', java.version: '1.8.0_251'
Driver info: org.openqa.selenium.chrome.ChromeDriver
Capabilities {acceptInsecureCerts: false, browserName: chrome, browserVersion: 84.0.4147.135, chrome: {chromedriverVersion: 84.0.4147.30 (48b3e868b4cc0..., userDataDir: /var/folders/zd/xs0gg_pd749...}, goog:chromeOptions: {debuggerAddress: localhost:53129}, javascriptEnabled: true, networkConnectionEnabled: false, pageLoadStrategy: normal, platform: MAC, platformName: MAC, proxy: Proxy(), setWindowRect: true, strictFileInteractability: false, timeouts: {implicit: 0, pageLoad: 300000, script: 30000}, unhandledPromptBehavior: dismiss and notify, webauthn:virtualAuthenticators: true}
Session ID: 2a97229c6f952a5a08075f7fe0c48f42
at sun.reflect.NativeConstructorAccessorImpl.newInstance0(Native Method)
at sun.reflect.NativeConstructorAccessorImpl.newInstance(NativeConstructorAccessorImpl.java:62)
at sun.reflect.DelegatingConstructorAccessorImpl.newInstance(DelegatingConstructorAccessorImpl.java:45)
at java.lang.reflect.Constructor.newInstance(Constructor.java:423)
at org.openqa.selenium.remote.http.W3CHttpResponseCodec.createException(W3CHttpResponseCodec.java:187)
at org.openqa.selenium.remote.http.W3CHttpResponseCodec.decode(W3CHttpResponseCodec.java:122)
at org.openqa.selenium.remote.http.W3CHttpResponseCodec.decode(W3CHttpResponseCodec.java:49)
at org.openqa.selenium.remote.HttpCommandExecutor.execute(HttpCommandExecutor.java:158)
at org.openqa.selenium.remote.service.DriverCommandExecutor.execute(DriverCommandExecutor.java:83)
at org.openqa.selenium.remote.RemoteWebDriver.execute(RemoteWebDriver.java:552)
at org.openqa.selenium.remote.RemoteWebElement.execute(RemoteWebElement.java:285)
at org.openqa.selenium.remote.RemoteWebElement.click(RemoteWebElement.java:84)
at com.mkyong.buson.jes.detail.FacturaAdendaMultiAssistenciaJesDetailTest.facturaAdendaMultAssistDetailJes(FacturaAdendaMultiAssistenciaJesDetailTest.java:62)
at sun.reflect.NativeMethodAccessorImpl.invoke0(Native Method)
at sun.reflect.NativeMethodAccessorImpl.invoke(NativeMethodAccessorImpl.java:62)
at sun.reflect.DelegatingMethodAccessorImpl.invoke(DelegatingMethodAccessorImpl.java:43)
at java.lang.reflect.Method.invoke(Method.java:498)
at org.testng.internal.MethodInvocationHelper.invokeMethod(MethodInvocationHelper.java:124)
at org.testng.internal.Invoker.invokeMethod(Invoker.java:583)
at org.testng.internal.Invoker.invokeTestMethod(Invoker.java:719)
at org.testng.internal.Invoker.invokeTestMethods(Invoker.java:989)
at org.testng.internal.TestMethodWorker.invokeTestMethods(TestMethodWorker.java:125)
at org.testng.internal.TestMethodWorker.run(TestMethodWorker.java:109)
at org.testng.TestRunner.privateRun(TestRunner.java:648)
at org.testng.TestRunner.run(TestRunner.java:505)
at org.testng.SuiteRunner.runTest(SuiteRunner.java:455)
at org.testng.SuiteRunner.runSequentially(SuiteRunner.java:450)
at org.testng.SuiteRunner.privateRun(SuiteRunner.java:415)
at org.testng.SuiteRunner.run(SuiteRunner.java:364)
at org.testng.SuiteRunnerWorker.runSuite(SuiteRunnerWorker.java:52)
at org.testng.SuiteRunnerWorker.run(SuiteRunnerWorker.java:84)
at org.testng.TestNG.runSuitesSequentially(TestNG.java:1208)
at org.testng.TestNG.runSuitesLocally(TestNG.java:1137)
at org.testng.TestNG.runSuites(TestNG.java:1049)
at org.testng.TestNG.run(TestNG.java:1017)
at org.apache.maven.surefire.testng.TestNGExecutor.run(TestNGExecutor.java:283)
at org.apache.maven.surefire.testng.TestNGXmlTestSuite.execute(TestNGXmlTestSuite.java:75)
at org.apache.maven.surefire.testng.TestNGProvider.invoke(TestNGProvider.java:120)
at org.apache.maven.surefire.booter.ForkedBooter.runSuitesInProcess(ForkedBooter.java:377)
at org.apache.maven.surefire.booter.ForkedBooter.execute(ForkedBooter.java:138)
at org.apache.maven.surefire.booter.ForkedBooter.run(ForkedBooter.java:465)
at org.apache.maven.surefire.booter.ForkedBooter.main(ForkedBooter.java:451)
]]>
            </full-stacktrace>
          </exception> <!-- org.openqa.selenium.StaleElementReferenceException -->
          <reporter-output>
          </reporter-output>
        </test-method> <!-- facturaAdendaMultAssistDetailJes -->
        <test-method status="PASS" signature="closeBrowser()[pri:0, instance:com.mkyong.buson.jes.detail.FacturaAdendaMultiAssistenciaJesDetailTest@34f5090e]" name="closeBrowser" is-config="true" duration-ms="114" started-at="2020-08-25T13:20:40Z" finished-at="2020-08-25T13:20:40Z">
          <reporter-output>
          </reporter-output>
        </test-method> <!-- closeBrowser -->
      </class> <!-- com.mkyong.buson.jes.detail.FacturaAdendaMultiAssistenciaJesDetailTest -->
    </test> <!-- JesDetail1 -->
    <test name="JesDetail2" duration-ms="12490" started-at="2020-08-25T13:20:41Z" finished-at="2020-08-25T13:20:53Z">
      <class name="com.mkyong.buson.jes.detail.FacturaBasicaJesDetailTest">
        <test-method status="PASS" signature="initiaLiseBrowser()[pri:0, instance:com.mkyong.buson.jes.detail.FacturaBasicaJesDetailTest@306f16f3]" name="initiaLiseBrowser" is-config="true" duration-ms="6044" started-at="2020-08-25T13:20:41Z" finished-at="2020-08-25T13:20:47Z">
          <reporter-output>
          </reporter-output>
        </test-method> <!-- initiaLiseBrowser -->
        <test-method status="FAIL" signature="facturaBasicaDetailJes()[pri:0, instance:com.mkyong.buson.jes.detail.FacturaBasicaJesDetailTest@306f16f3]" name="facturaBasicaDetailJes" duration-ms="5021" started-at="2020-08-25T13:20:47Z" finished-at="2020-08-25T13:20:52Z">
          <exception class="org.openqa.selenium.ElementClickInterceptedException">
            <message>
              <![CDATA[element click intercepted: Element is not clickable at point (1243, 285)
  (Session info: chrome=84.0.4147.135)
Build info: version: '3.141.59', revision: 'e82be7d358', time: '2018-11-14T08:17:03'
System info: host: 'Lisandro-Silva.local', ip: '127.0.0.1', os.name: 'Mac OS X', os.arch: 'x86_64', os.version: '10.15.2', java.version: '1.8.0_251'
Driver info: org.openqa.selenium.chrome.ChromeDriver
Capabilities {acceptInsecureCerts: false, browserName: chrome, browserVersion: 84.0.4147.135, chrome: {chromedriverVersion: 84.0.4147.30 (48b3e868b4cc0..., userDataDir: /var/folders/zd/xs0gg_pd749...}, goog:chromeOptions: {debuggerAddress: localhost:53165}, javascriptEnabled: true, networkConnectionEnabled: false, pageLoadStrategy: normal, platform: MAC, platformName: MAC, proxy: Proxy(), setWindowRect: true, strictFileInteractability: false, timeouts: {implicit: 0, pageLoad: 300000, script: 30000}, unhandledPromptBehavior: dismiss and notify, webauthn:virtualAuthenticators: true}
Session ID: 2e62564e18a6632ae5dfe60193545bb7]]>
            </message>
            <full-stacktrace>
              <![CDATA[org.openqa.selenium.ElementClickInterceptedException: element click intercepted: Element is not clickable at point (1243, 285)
  (Session info: chrome=84.0.4147.135)
Build info: version: '3.141.59', revision: 'e82be7d358', time: '2018-11-14T08:17:03'
System info: host: 'Lisandro-Silva.local', ip: '127.0.0.1', os.name: 'Mac OS X', os.arch: 'x86_64', os.version: '10.15.2', java.version: '1.8.0_251'
Driver info: org.openqa.selenium.chrome.ChromeDriver
Capabilities {acceptInsecureCerts: false, browserName: chrome, browserVersion: 84.0.4147.135, chrome: {chromedriverVersion: 84.0.4147.30 (48b3e868b4cc0..., userDataDir: /var/folders/zd/xs0gg_pd749...}, goog:chromeOptions: {debuggerAddress: localhost:53165}, javascriptEnabled: true, networkConnectionEnabled: false, pageLoadStrategy: normal, platform: MAC, platformName: MAC, proxy: Proxy(), setWindowRect: true, strictFileInteractability: false, timeouts: {implicit: 0, pageLoad: 300000, script: 30000}, unhandledPromptBehavior: dismiss and notify, webauthn:virtualAuthenticators: true}
Session ID: 2e62564e18a6632ae5dfe60193545bb7
at sun.reflect.NativeConstructorAccessorImpl.newInstance0(Native Method)
at sun.reflect.NativeConstructorAccessorImpl.newInstance(NativeConstructorAccessorImpl.java:62)
at sun.reflect.DelegatingConstructorAccessorImpl.newInstance(DelegatingConstructorAccessorImpl.java:45)
at java.lang.reflect.Constructor.newInstance(Constructor.java:423)
at org.openqa.selenium.remote.http.W3CHttpResponseCodec.createException(W3CHttpResponseCodec.java:187)
at org.openqa.selenium.remote.http.W3CHttpResponseCodec.decode(W3CHttpResponseCodec.java:122)
at org.openqa.selenium.remote.http.W3CHttpResponseCodec.decode(W3CHttpResponseCodec.java:49)
at org.openqa.selenium.remote.HttpCommandExecutor.execute(HttpCommandExecutor.java:158)
at org.openqa.selenium.remote.service.DriverCommandExecutor.execute(DriverCommandExecutor.java:83)
at org.openqa.selenium.remote.RemoteWebDriver.execute(RemoteWebDriver.java:552)
at org.openqa.selenium.remote.RemoteWebElement.execute(RemoteWebElement.java:285)
at org.openqa.selenium.remote.RemoteWebElement.click(RemoteWebElement.java:84)
at com.mkyong.buson.jes.detail.FacturaBasicaJesDetailTest.facturaBasicaDetailJes(FacturaBasicaJesDetailTest.java:59)
at sun.reflect.NativeMethodAccessorImpl.invoke0(Native Method)
at sun.reflect.NativeMethodAccessorImpl.invoke(NativeMethodAccessorImpl.java:62)
at sun.reflect.DelegatingMethodAccessorImpl.invoke(DelegatingMethodAccessorImpl.java:43)
at java.lang.reflect.Method.invoke(Method.java:498)
at org.testng.internal.MethodInvocationHelper.invokeMethod(MethodInvocationHelper.java:124)
at org.testng.internal.Invoker.invokeMethod(Invoker.java:583)
at org.testng.internal.Invoker.invokeTestMethod(Invoker.java:719)
at org.testng.internal.Invoker.invokeTestMethods(Invoker.java:989)
at org.testng.internal.TestMethodWorker.invokeTestMethods(TestMethodWorker.java:125)
at org.testng.internal.TestMethodWorker.run(TestMethodWorker.java:109)
at org.testng.TestRunner.privateRun(TestRunner.java:648)
at org.testng.TestRunner.run(TestRunner.java:505)
at org.testng.SuiteRunner.runTest(SuiteRunner.java:455)
at org.testng.SuiteRunner.runSequentially(SuiteRunner.java:450)
at org.testng.SuiteRunner.privateRun(SuiteRunner.java:415)
at org.testng.SuiteRunner.run(SuiteRunner.java:364)
at org.testng.SuiteRunnerWorker.runSuite(SuiteRunnerWorker.java:52)
at org.testng.SuiteRunnerWorker.run(SuiteRunnerWorker.java:84)
at org.testng.TestNG.runSuitesSequentially(TestNG.java:1208)
at org.testng.TestNG.runSuitesLocally(TestNG.java:1137)
at org.testng.TestNG.runSuites(TestNG.java:1049)
at org.testng.TestNG.run(TestNG.java:1017)
at org.apache.maven.surefire.testng.TestNGExecutor.run(TestNGExecutor.java:283)
at org.apache.maven.surefire.testng.TestNGXmlTestSuite.execute(TestNGXmlTestSuite.java:75)
at org.apache.maven.surefire.testng.TestNGProvider.invoke(TestNGProvider.java:120)
at org.apache.maven.surefire.booter.ForkedBooter.runSuitesInProcess(ForkedBooter.java:377)
at org.apache.maven.surefire.booter.ForkedBooter.execute(ForkedBooter.java:138)
at org.apache.maven.surefire.booter.ForkedBooter.run(ForkedBooter.java:465)
at org.apache.maven.surefire.booter.ForkedBooter.main(ForkedBooter.java:451)
]]>
            </full-stacktrace>
          </exception> <!-- org.openqa.selenium.ElementClickInterceptedException -->
          <reporter-output>
          </reporter-output>
        </test-method> <!-- facturaBasicaDetailJes -->
        <test-method status="PASS" signature="closeBrowser()[pri:0, instance:com.mkyong.buson.jes.detail.FacturaBasicaJesDetailTest@306f16f3]" name="closeBrowser" is-config="true" duration-ms="106" started-at="2020-08-25T13:20:53Z" finished-at="2020-08-25T13:20:53Z">
          <reporter-output>
          </reporter-output>
        </test-method> <!-- closeBrowser -->
      </class> <!-- com.mkyong.buson.jes.detail.FacturaBasicaJesDetailTest -->
    </test> <!-- JesDetail2 -->
    <test name="JesDetail3" duration-ms="37634" started-at="2020-08-25T13:20:53Z" finished-at="2020-08-25T13:21:31Z">
      <class name="com.mkyong.buson.jes.detail.FacturaCartaPorteJesDetailTest">
        <test-method status="PASS" signature="initiaLiseBrowser()[pri:0, instance:com.mkyong.buson.jes.detail.FacturaCartaPorteJesDetailTest@550ee7e5]" name="initiaLiseBrowser" is-config="true" duration-ms="6351" started-at="2020-08-25T13:20:53Z" finished-at="2020-08-25T13:21:00Z">
          <reporter-output>
          </reporter-output>
        </test-method> <!-- initiaLiseBrowser -->
        <test-method status="PASS" signature="facturaCartaPorteDetailJes()[pri:0, instance:com.mkyong.buson.jes.detail.FacturaCartaPorteJesDetailTest@550ee7e5]" name="facturaCartaPorteDetailJes" duration-ms="31163" started-at="2020-08-25T13:21:00Z" finished-at="2020-08-25T13:21:31Z">
          <reporter-output>
          </reporter-output>
        </test-method> <!-- facturaCartaPorteDetailJes -->
        <test-method status="PASS" signature="closeBrowser()[pri:0, instance:com.mkyong.buson.jes.detail.FacturaCartaPorteJesDetailTest@550ee7e5]" name="closeBrowser" is-config="true" duration-ms="120" started-at="2020-08-25T13:21:31Z" finished-at="2020-08-25T13:21:31Z">
          <reporter-output>
          </reporter-output>
        </test-method> <!-- closeBrowser -->
      </class> <!-- com.mkyong.buson.jes.detail.FacturaCartaPorteJesDetailTest -->
    </test> <!-- JesDetail3 -->
    <test name="JesDetail4" duration-ms="33199" started-at="2020-08-25T13:21:31Z" finished-at="2020-08-25T13:22:04Z">
      <class name="com.mkyong.buson.jes.detail.FacturaPagoJesDetailTest">
        <test-method status="PASS" signature="initiaLiseBrowser()[pri:0, instance:com.mkyong.buson.jes.detail.FacturaPagoJesDetailTest@223aa2f7]" name="initiaLiseBrowser" is-config="true" duration-ms="5436" started-at="2020-08-25T13:21:31Z" finished-at="2020-08-25T13:21:36Z">
          <reporter-output>
          </reporter-output>
        </test-method> <!-- initiaLiseBrowser -->
        <test-method status="PASS" signature="facturaPagoDetailJes()[pri:0, instance:com.mkyong.buson.jes.detail.FacturaPagoJesDetailTest@223aa2f7]" name="facturaPagoDetailJes" duration-ms="27636" started-at="2020-08-25T13:21:36Z" finished-at="2020-08-25T13:22:04Z">
          <reporter-output>
          </reporter-output>
        </test-method> <!-- facturaPagoDetailJes -->
        <test-method status="PASS" signature="closeBrowser()[pri:0, instance:com.mkyong.buson.jes.detail.FacturaPagoJesDetailTest@223aa2f7]" name="closeBrowser" is-config="true" duration-ms="126" started-at="2020-08-25T13:22:04Z" finished-at="2020-08-25T13:22:04Z">
          <reporter-output>
          </reporter-output>
        </test-method> <!-- closeBrowser -->
      </class> <!-- com.mkyong.buson.jes.detail.FacturaPagoJesDetailTest -->
    </test> <!-- JesDetail4 -->
    <test name="JesDetail5" duration-ms="45303" started-at="2020-08-25T13:22:04Z" finished-at="2020-08-25T13:22:49Z">
      <class name="com.mkyong.buson.jes.detail.ImpuestosLocalesJesDetailTest">
        <test-method status="PASS" signature="initiaLiseBrowser()[pri:0, instance:com.mkyong.buson.jes.detail.ImpuestosLocalesJesDetailTest@d29f28]" name="initiaLiseBrowser" is-config="true" duration-ms="5309" started-at="2020-08-25T13:22:04Z" finished-at="2020-08-25T13:22:09Z">
          <reporter-output>
          </reporter-output>
        </test-method> <!-- initiaLiseBrowser -->
        <test-method status="PASS" signature="impuestosLocalesDetailJes()[pri:0, instance:com.mkyong.buson.jes.detail.ImpuestosLocalesJesDetailTest@d29f28]" name="impuestosLocalesDetailJes" duration-ms="39874" started-at="2020-08-25T13:22:09Z" finished-at="2020-08-25T13:22:49Z">
          <reporter-output>
          </reporter-output>
        </test-method> <!-- impuestosLocalesDetailJes -->
        <test-method status="PASS" signature="closeBrowser()[pri:0, instance:com.mkyong.buson.jes.detail.ImpuestosLocalesJesDetailTest@d29f28]" name="closeBrowser" is-config="true" duration-ms="120" started-at="2020-08-25T13:22:49Z" finished-at="2020-08-25T13:22:49Z">
          <reporter-output>
          </reporter-output>
        </test-method> <!-- closeBrowser -->
      </class> <!-- com.mkyong.buson.jes.detail.ImpuestosLocalesJesDetailTest -->
    </test> <!-- JesDetail5 -->
    <test name="JesDetail6" duration-ms="45248" started-at="2020-08-25T13:22:50Z" finished-at="2020-08-25T13:23:35Z">
      <class name="com.mkyong.buson.jes.detail.INEJesDetailTest">
        <test-method status="PASS" signature="initiaLiseBrowser()[pri:0, instance:com.mkyong.buson.jes.detail.INEJesDetailTest@793be5ca]" name="initiaLiseBrowser" is-config="true" duration-ms="6761" started-at="2020-08-25T13:22:50Z" finished-at="2020-08-25T13:22:56Z">
          <reporter-output>
          </reporter-output>
        </test-method> <!-- initiaLiseBrowser -->
        <test-method status="PASS" signature="ineDetailJes()[pri:0, instance:com.mkyong.buson.jes.detail.INEJesDetailTest@793be5ca]" name="ineDetailJes" duration-ms="38324" started-at="2020-08-25T13:22:56Z" finished-at="2020-08-25T13:23:35Z">
          <reporter-output>
          </reporter-output>
        </test-method> <!-- ineDetailJes -->
        <test-method status="PASS" signature="closeBrowser()[pri:0, instance:com.mkyong.buson.jes.detail.INEJesDetailTest@793be5ca]" name="closeBrowser" is-config="true" duration-ms="162" started-at="2020-08-25T13:23:35Z" finished-at="2020-08-25T13:23:35Z">
          <reporter-output>
          </reporter-output>
        </test-method> <!-- closeBrowser -->
      </class> <!-- com.mkyong.buson.jes.detail.INEJesDetailTest -->
    </test> <!-- JesDetail6 -->
    <test name="JesDetail7" duration-ms="48107" started-at="2020-08-25T13:23:35Z" finished-at="2020-08-25T13:24:23Z">
      <class name="com.mkyong.buson.jes.detail.InstituicionesEducativasJesDetailTest">
        <test-method status="PASS" signature="initiaLiseBrowser()[pri:0, instance:com.mkyong.buson.jes.detail.InstituicionesEducativasJesDetailTest@101952da]" name="initiaLiseBrowser" is-config="true" duration-ms="8615" started-at="2020-08-25T13:23:35Z" finished-at="2020-08-25T13:23:44Z">
          <reporter-output>
          </reporter-output>
        </test-method> <!-- initiaLiseBrowser -->
        <test-method status="PASS" signature="instituicionesEducativasDetailJes()[pri:0, instance:com.mkyong.buson.jes.detail.InstituicionesEducativasJesDetailTest@101952da]" name="instituicionesEducativasDetailJes" duration-ms="39321" started-at="2020-08-25T13:23:44Z" finished-at="2020-08-25T13:24:23Z">
          <reporter-output>
          </reporter-output>
        </test-method> <!-- instituicionesEducativasDetailJes -->
        <test-method status="PASS" signature="closeBrowser()[pri:0, instance:com.mkyong.buson.jes.detail.InstituicionesEducativasJesDetailTest@101952da]" name="closeBrowser" is-config="true" duration-ms="169" started-at="2020-08-25T13:24:23Z" finished-at="2020-08-25T13:24:23Z">
          <reporter-output>
          </reporter-output>
        </test-method> <!-- closeBrowser -->
      </class> <!-- com.mkyong.buson.jes.detail.InstituicionesEducativasJesDetailTest -->
    </test> <!-- JesDetail7 -->
    <test name="JesDetail8" duration-ms="44020" started-at="2020-08-25T13:24:23Z" finished-at="2020-08-25T13:25:07Z">
      <class name="com.mkyong.buson.jes.detail.LeyendasFiscalesJesDetailTest">
        <test-method status="PASS" signature="initiaLiseBrowser()[pri:0, instance:com.mkyong.buson.jes.detail.LeyendasFiscalesJesDetailTest@ea6147e]" name="initiaLiseBrowser" is-config="true" duration-ms="10398" started-at="2020-08-25T13:24:23Z" finished-at="2020-08-25T13:24:34Z">
          <reporter-output>
          </reporter-output>
        </test-method> <!-- initiaLiseBrowser -->
        <test-method status="PASS" signature="leyendasFiscalesDetailJes()[pri:0, instance:com.mkyong.buson.jes.detail.LeyendasFiscalesJesDetailTest@ea6147e]" name="leyendasFiscalesDetailJes" duration-ms="33463" started-at="2020-08-25T13:24:34Z" finished-at="2020-08-25T13:25:07Z">
          <reporter-output>
          </reporter-output>
        </test-method> <!-- leyendasFiscalesDetailJes -->
        <test-method status="PASS" signature="closeBrowser()[pri:0, instance:com.mkyong.buson.jes.detail.LeyendasFiscalesJesDetailTest@ea6147e]" name="closeBrowser" is-config="true" duration-ms="158" started-at="2020-08-25T13:25:07Z" finished-at="2020-08-25T13:25:07Z">
          <reporter-output>
          </reporter-output>
        </test-method> <!-- closeBrowser -->
      </class> <!-- com.mkyong.buson.jes.detail.LeyendasFiscalesJesDetailTest -->
    </test> <!-- JesDetail8 -->
    <test name="JesDetail9" duration-ms="41464" started-at="2020-08-25T13:25:07Z" finished-at="2020-08-25T13:25:49Z">
      <class name="com.mkyong.buson.jes.detail.NotaDeCreditoJesDetailTest">
        <test-method status="PASS" signature="initiaLiseBrowser()[pri:0, instance:com.mkyong.buson.jes.detail.NotaDeCreditoJesDetailTest@4bb33f74]" name="initiaLiseBrowser" is-config="true" duration-ms="7998" started-at="2020-08-25T13:25:07Z" finished-at="2020-08-25T13:25:15Z">
          <reporter-output>
          </reporter-output>
        </test-method> <!-- initiaLiseBrowser -->
        <test-method status="PASS" signature="notaDeCreditoDetailJes()[pri:0, instance:com.mkyong.buson.jes.detail.NotaDeCreditoJesDetailTest@4bb33f74]" name="notaDeCreditoDetailJes" duration-ms="33214" started-at="2020-08-25T13:25:15Z" finished-at="2020-08-25T13:25:49Z">
          <reporter-output>
          </reporter-output>
        </test-method> <!-- notaDeCreditoDetailJes -->
        <test-method status="PASS" signature="closeBrowser()[pri:0, instance:com.mkyong.buson.jes.detail.NotaDeCreditoJesDetailTest@4bb33f74]" name="closeBrowser" is-config="true" duration-ms="252" started-at="2020-08-25T13:25:49Z" finished-at="2020-08-25T13:25:49Z">
          <reporter-output>
          </reporter-output>
        </test-method> <!-- closeBrowser -->
      </class> <!-- com.mkyong.buson.jes.detail.NotaDeCreditoJesDetailTest -->
    </test> <!-- JesDetail9 -->
    <test name="JesDetail10" duration-ms="50491" started-at="2020-08-25T13:25:49Z" finished-at="2020-08-25T13:26:39Z">
      <class name="com.mkyong.buson.jes.detail.NotariosPublicosJesDetailTest">
        <test-method status="PASS" signature="initiaLiseBrowser()[pri:0, instance:com.mkyong.buson.jes.detail.NotariosPublicosJesDetailTest@10d307f1]" name="initiaLiseBrowser" is-config="true" duration-ms="6888" started-at="2020-08-25T13:25:49Z" finished-at="2020-08-25T13:25:56Z">
          <reporter-output>
          </reporter-output>
        </test-method> <!-- initiaLiseBrowser -->
        <test-method status="PASS" signature="notariosPublicosDetailJes()[pri:0, instance:com.mkyong.buson.jes.detail.NotariosPublicosJesDetailTest@10d307f1]" name="notariosPublicosDetailJes" duration-ms="43262" started-at="2020-08-25T13:25:56Z" finished-at="2020-08-25T13:26:39Z">
          <reporter-output>
          </reporter-output>
        </test-method> <!-- notariosPublicosDetailJes -->
        <test-method status="PASS" signature="closeBrowser()[pri:0, instance:com.mkyong.buson.jes.detail.NotariosPublicosJesDetailTest@10d307f1]" name="closeBrowser" is-config="true" duration-ms="341" started-at="2020-08-25T13:26:39Z" finished-at="2020-08-25T13:26:39Z">
          <reporter-output>
          </reporter-output>
        </test-method> <!-- closeBrowser -->
      </class> <!-- com.mkyong.buson.jes.detail.NotariosPublicosJesDetailTest -->
    </test> <!-- JesDetail10 -->
    <test name="JesDetail11" duration-ms="52686" started-at="2020-08-25T13:26:40Z" finished-at="2020-08-25T13:27:32Z">
      <class name="com.mkyong.buson.jes.detail.VehiculosUsadosJesDetailTest">
        <test-method status="PASS" signature="initiaLiseBrowser()[pri:0, instance:com.mkyong.buson.jes.detail.VehiculosUsadosJesDetailTest@7e5afaa6]" name="initiaLiseBrowser" is-config="true" duration-ms="14316" started-at="2020-08-25T13:26:40Z" finished-at="2020-08-25T13:26:54Z">
          <reporter-output>
          </reporter-output>
        </test-method> <!-- initiaLiseBrowser -->
        <test-method status="PASS" signature="vehiculosUsadosDetailJes()[pri:0, instance:com.mkyong.buson.jes.detail.VehiculosUsadosJesDetailTest@7e5afaa6]" name="vehiculosUsadosDetailJes" duration-ms="37981" started-at="2020-08-25T13:26:54Z" finished-at="2020-08-25T13:27:32Z">
          <reporter-output>
          </reporter-output>
        </test-method> <!-- vehiculosUsadosDetailJes -->
        <test-method status="PASS" signature="closeBrowser()[pri:0, instance:com.mkyong.buson.jes.detail.VehiculosUsadosJesDetailTest@7e5afaa6]" name="closeBrowser" is-config="true" duration-ms="389" started-at="2020-08-25T13:27:32Z" finished-at="2020-08-25T13:27:32Z">
          <reporter-output>
          </reporter-output>
        </test-method> <!-- closeBrowser -->
      </class> <!-- com.mkyong.buson.jes.detail.VehiculosUsadosJesDetailTest -->
    </test> <!-- JesDetail11 -->
  </suite> <!-- Suite -->
</testng-results>
